27-Nov-2024 23:37:32.353 INFO [main] org.apache.catalina.startup.VersionLoggerListener.log Server version name:   Apache Tomcat/10.1.33
27-Nov-2024 23:37:32.360 INFO [main] org.apache.catalina.startup.VersionLoggerListener.log Server built:          Nov 7 2024 22:28:55 UTC
27-Nov-2024 23:37:32.361 INFO [main] org.apache.catalina.startup.VersionLoggerListener.log Server version number: 10.1.33.0
27-Nov-2024 23:37:32.361 INFO [main] org.apache.catalina.startup.VersionLoggerListener.log OS Name:               Linux
27-Nov-2024 23:37:32.362 INFO [main] org.apache.catalina.startup.VersionLoggerListener.log OS Version:            5.15.167.4-microsoft-standard-WSL2
27-Nov-2024 23:37:32.373 INFO [main] org.apache.catalina.startup.VersionLoggerListener.log Architecture:          amd64
27-Nov-2024 23:37:32.373 INFO [main] org.apache.catalina.startup.VersionLoggerListener.log Java Home:             /usr/lib/jvm/java-11-openjdk-amd64
27-Nov-2024 23:37:32.374 INFO [main] org.apache.catalina.startup.VersionLoggerListener.log JVM Version:           11.0.25+9-post-Debian-1deb11u1
27-Nov-2024 23:37:32.375 INFO [main] org.apache.catalina.startup.VersionLoggerListener.log JVM Vendor:            Debian
27-Nov-2024 23:37:32.376 INFO [main] org.apache.catalina.startup.VersionLoggerListener.log CATALINA_BASE:         /usr/local/tomcat
27-Nov-2024 23:37:32.377 INFO [main] org.apache.catalina.startup.VersionLoggerListener.log CATALINA_HOME:         /usr/local/tomcat
27-Nov-2024 23:37:32.389 INFO [main] org.apache.catalina.startup.VersionLoggerListener.log Command line argument: -Djava.util.logging.config.file=/usr/local/tomcat/conf/logging.properties
27-Nov-2024 23:37:32.390 INFO [main] org.apache.catalina.startup.VersionLoggerListener.log Command line argument: -Djava.util.logging.manager=org.apache.juli.ClassLoaderLogManager
27-Nov-2024 23:37:32.390 INFO [main] org.apache.catalina.startup.VersionLoggerListener.log Command line argument: -Djdk.tls.ephemeralDHKeySize=2048
27-Nov-2024 23:37:32.391 INFO [main] org.apache.catalina.startup.VersionLoggerListener.log Command line argument: -Djava.protocol.handler.pkgs=org.apache.catalina.webresources
27-Nov-2024 23:37:32.392 INFO [main] org.apache.catalina.startup.VersionLoggerListener.log Command line argument: -Dorg.apache.catalina.security.SecurityListener.UMASK=0027
27-Nov-2024 23:37:32.392 INFO [main] org.apache.catalina.startup.VersionLoggerListener.log Command line argument: --add-opens=java.base/java.lang=ALL-UNNAMED
27-Nov-2024 23:37:32.393 INFO [main] org.apache.catalina.startup.VersionLoggerListener.log Command line argument: --add-opens=java.base/java.io=ALL-UNNAMED
27-Nov-2024 23:37:32.393 INFO [main] org.apache.catalina.startup.VersionLoggerListener.log Command line argument: --add-opens=java.base/java.util=ALL-UNNAMED
27-Nov-2024 23:37:32.394 INFO [main] org.apache.catalina.startup.VersionLoggerListener.log Command line argument: --add-opens=java.base/java.util.concurrent=ALL-UNNAMED
27-Nov-2024 23:37:32.394 INFO [main] org.apache.catalina.startup.VersionLoggerListener.log Command line argument: --add-opens=java.rmi/sun.rmi.transport=ALL-UNNAMED
27-Nov-2024 23:37:32.395 INFO [main] org.apache.catalina.startup.VersionLoggerListener.log Command line argument: -Dcatalina.base=/usr/local/tomcat
27-Nov-2024 23:37:32.395 INFO [main] org.apache.catalina.startup.VersionLoggerListener.log Command line argument: -Dcatalina.home=/usr/local/tomcat
27-Nov-2024 23:37:32.396 INFO [main] org.apache.catalina.startup.VersionLoggerListener.log Command line argument: -Djava.io.tmpdir=/usr/local/tomcat/temp
27-Nov-2024 23:37:32.399 INFO [main] org.apache.catalina.core.AprLifecycleListener.lifecycleEvent The Apache Tomcat Native library which allows using OpenSSL was not found on the java.library.path: [/usr/java/packages/lib:/usr/lib/x86_64-linux-gnu/jni:/lib/x86_64-linux-gnu:/usr/lib/x86_64-linux-gnu:/usr/lib/jni:/lib:/usr/lib]
27-Nov-2024 23:37:32.790 INFO [main] org.apache.coyote.AbstractProtocol.init Initializing ProtocolHandler ["http-nio-8080"]
27-Nov-2024 23:37:32.819 INFO [main] org.apache.catalina.startup.Catalina.load Server initialization in [754] milliseconds
27-Nov-2024 23:37:32.879 INFO [main] org.apache.catalina.core.StandardService.startInternal Starting service [Catalina]
27-Nov-2024 23:37:32.880 INFO [main] org.apache.catalina.core.StandardEngine.startInternal Starting Servlet engine: [Apache Tomcat/10.1.33]
27-Nov-2024 23:37:32.932 INFO [main] org.apache.catalina.startup.HostConfig.deployWAR Deploying web application archive [/usr/local/tomcat/webapps/Ezellohar.war]
27-Nov-2024 23:38:09.861 WARNING [main] org.apache.catalina.startup.ContextConfig.validateSecurityRoles Security role name [redes] used in an <auth-constraint> without being defined in a <security-role>
27-Nov-2024 23:38:09.862 WARNING [main] org.apache.catalina.startup.ContextConfig.validateSecurityRoles Security role name [concilio] used in an <auth-constraint> without being defined in a <security-role>
27-Nov-2024 23:38:09.863 WARNING [main] org.apache.catalina.startup.ContextConfig.validateSecurityRoles Security role name [elrond] used in an <auth-constraint> without being defined in a <security-role>
27-Nov-2024 23:38:09.863 WARNING [main] org.apache.catalina.startup.ContextConfig.validateSecurityRoles Security role name [tesoreria] used in an <auth-constraint> without being defined in a <security-role>
27-Nov-2024 23:38:09.863 WARNING [main] org.apache.catalina.startup.ContextConfig.validateSecurityRoles Security role name [mayordomo] used in an <auth-constraint> without being defined in a <security-role>
27-Nov-2024 23:38:09.864 WARNING [main] org.apache.catalina.startup.ContextConfig.validateSecurityRoles Security role name [actividades] used in an <auth-constraint> without being defined in a <security-role>
27-Nov-2024 23:38:09.977 INFO [main] org.apache.jasper.servlet.TldScanner.scanJars At least one JAR was scanned for TLDs yet contained no TLDs. Enable debug logging for this logger for a complete list of JARs that were scanned but no TLDs were found in them. Skipping unneeded JARs during scanning can improve startup time and JSP compilation time.
27-Nov-2024 23:38:10.140 INFO [main] org.apache.catalina.startup.HostConfig.deployWAR Deployment of web application archive [/usr/local/tomcat/webapps/Ezellohar.war] has finished in [37,207] ms
27-Nov-2024 23:38:10.147 INFO [main] org.apache.coyote.AbstractProtocol.start Starting ProtocolHandler ["http-nio-8080"]
27-Nov-2024 23:38:10.159 INFO [main] org.apache.catalina.startup.Catalina.start Server startup in [37340] milliseconds
27-Nov-2024 23:39:17.338 INFO [main] org.apache.catalina.startup.VersionLoggerListener.log Server version name:   Apache Tomcat/10.1.33
27-Nov-2024 23:39:17.346 INFO [main] org.apache.catalina.startup.VersionLoggerListener.log Server built:          Nov 7 2024 22:28:55 UTC
27-Nov-2024 23:39:17.346 INFO [main] org.apache.catalina.startup.VersionLoggerListener.log Server version number: 10.1.33.0
27-Nov-2024 23:39:17.347 INFO [main] org.apache.catalina.startup.VersionLoggerListener.log OS Name:               Linux
27-Nov-2024 23:39:17.348 INFO [main] org.apache.catalina.startup.VersionLoggerListener.log OS Version:            5.15.167.4-microsoft-standard-WSL2
27-Nov-2024 23:39:17.349 INFO [main] org.apache.catalina.startup.VersionLoggerListener.log Architecture:          amd64
27-Nov-2024 23:39:17.349 INFO [main] org.apache.catalina.startup.VersionLoggerListener.log Java Home:             /usr/lib/jvm/java-11-openjdk-amd64
27-Nov-2024 23:39:17.350 INFO [main] org.apache.catalina.startup.VersionLoggerListener.log JVM Version:           11.0.25+9-post-Debian-1deb11u1
27-Nov-2024 23:39:17.351 INFO [main] org.apache.catalina.startup.VersionLoggerListener.log JVM Vendor:            Debian
27-Nov-2024 23:39:17.351 INFO [main] org.apache.catalina.startup.VersionLoggerListener.log CATALINA_BASE:         /usr/local/tomcat
27-Nov-2024 23:39:17.352 INFO [main] org.apache.catalina.startup.VersionLoggerListener.log CATALINA_HOME:         /usr/local/tomcat
27-Nov-2024 23:39:17.377 INFO [main] org.apache.catalina.startup.VersionLoggerListener.log Command line argument: -Djava.util.logging.config.file=/usr/local/tomcat/conf/logging.properties
27-Nov-2024 23:39:17.378 INFO [main] org.apache.catalina.startup.VersionLoggerListener.log Command line argument: -Djava.util.logging.manager=org.apache.juli.ClassLoaderLogManager
27-Nov-2024 23:39:17.379 INFO [main] org.apache.catalina.startup.VersionLoggerListener.log Command line argument: -Djdk.tls.ephemeralDHKeySize=2048
27-Nov-2024 23:39:17.379 INFO [main] org.apache.catalina.startup.VersionLoggerListener.log Command line argument: -Djava.protocol.handler.pkgs=org.apache.catalina.webresources
27-Nov-2024 23:39:17.380 INFO [main] org.apache.catalina.startup.VersionLoggerListener.log Command line argument: -Dorg.apache.catalina.security.SecurityListener.UMASK=0027
27-Nov-2024 23:39:17.380 INFO [main] org.apache.catalina.startup.VersionLoggerListener.log Command line argument: --add-opens=java.base/java.lang=ALL-UNNAMED
27-Nov-2024 23:39:17.381 INFO [main] org.apache.catalina.startup.VersionLoggerListener.log Command line argument: --add-opens=java.base/java.io=ALL-UNNAMED
27-Nov-2024 23:39:17.382 INFO [main] org.apache.catalina.startup.VersionLoggerListener.log Command line argument: --add-opens=java.base/java.util=ALL-UNNAMED
27-Nov-2024 23:39:17.382 INFO [main] org.apache.catalina.startup.VersionLoggerListener.log Command line argument: --add-opens=java.base/java.util.concurrent=ALL-UNNAMED
27-Nov-2024 23:39:17.383 INFO [main] org.apache.catalina.startup.VersionLoggerListener.log Command line argument: --add-opens=java.rmi/sun.rmi.transport=ALL-UNNAMED
27-Nov-2024 23:39:17.384 INFO [main] org.apache.catalina.startup.VersionLoggerListener.log Command line argument: -Dcatalina.base=/usr/local/tomcat
27-Nov-2024 23:39:17.384 INFO [main] org.apache.catalina.startup.VersionLoggerListener.log Command line argument: -Dcatalina.home=/usr/local/tomcat
27-Nov-2024 23:39:17.385 INFO [main] org.apache.catalina.startup.VersionLoggerListener.log Command line argument: -Djava.io.tmpdir=/usr/local/tomcat/temp
27-Nov-2024 23:39:17.388 INFO [main] org.apache.catalina.core.AprLifecycleListener.lifecycleEvent The Apache Tomcat Native library which allows using OpenSSL was not found on the java.library.path: [/usr/java/packages/lib:/usr/lib/x86_64-linux-gnu/jni:/lib/x86_64-linux-gnu:/usr/lib/x86_64-linux-gnu:/usr/lib/jni:/lib:/usr/lib]
27-Nov-2024 23:39:17.835 INFO [main] org.apache.coyote.AbstractProtocol.init Initializing ProtocolHandler ["http-nio-8080"]
27-Nov-2024 23:39:17.866 INFO [main] org.apache.catalina.startup.Catalina.load Server initialization in [809] milliseconds
27-Nov-2024 23:39:17.939 INFO [main] org.apache.catalina.core.StandardService.startInternal Starting service [Catalina]
27-Nov-2024 23:39:17.940 INFO [main] org.apache.catalina.core.StandardEngine.startInternal Starting Servlet engine: [Apache Tomcat/10.1.33]
27-Nov-2024 23:39:17.988 INFO [main] org.apache.catalina.startup.HostConfig.deployWAR Deploying web application archive [/usr/local/tomcat/webapps/Ezellohar.war]
27-Nov-2024 23:39:18.034 INFO [main] org.apache.catalina.startup.ExpandWar.expand An expanded directory [/usr/local/tomcat/webapps/Ezellohar] was found with a last modified time that did not match the associated WAR. It will be deleted.
27-Nov-2024 23:39:55.533 WARNING [main] org.apache.catalina.startup.ContextConfig.validateSecurityRoles Security role name [concilio] used in an <auth-constraint> without being defined in a <security-role>
27-Nov-2024 23:39:55.535 WARNING [main] org.apache.catalina.startup.ContextConfig.validateSecurityRoles Security role name [elrond] used in an <auth-constraint> without being defined in a <security-role>
27-Nov-2024 23:39:55.535 WARNING [main] org.apache.catalina.startup.ContextConfig.validateSecurityRoles Security role name [tesoreria] used in an <auth-constraint> without being defined in a <security-role>
27-Nov-2024 23:39:55.536 WARNING [main] org.apache.catalina.startup.ContextConfig.validateSecurityRoles Security role name [mayordomo] used in an <auth-constraint> without being defined in a <security-role>
27-Nov-2024 23:39:55.537 WARNING [main] org.apache.catalina.startup.ContextConfig.validateSecurityRoles Security role name [actividades] used in an <auth-constraint> without being defined in a <security-role>
27-Nov-2024 23:39:55.537 WARNING [main] org.apache.catalina.startup.ContextConfig.validateSecurityRoles Security role name [redes] used in an <auth-constraint> without being defined in a <security-role>
27-Nov-2024 23:39:55.668 INFO [main] org.apache.jasper.servlet.TldScanner.scanJars At least one JAR was scanned for TLDs yet contained no TLDs. Enable debug logging for this logger for a complete list of JARs that were scanned but no TLDs were found in them. Skipping unneeded JARs during scanning can improve startup time and JSP compilation time.
27-Nov-2024 23:39:55.852 INFO [main] org.apache.catalina.startup.HostConfig.deployWAR Deployment of web application archive [/usr/local/tomcat/webapps/Ezellohar.war] has finished in [37,864] ms
27-Nov-2024 23:39:55.862 INFO [main] org.apache.coyote.AbstractProtocol.start Starting ProtocolHandler ["http-nio-8080"]
27-Nov-2024 23:39:55.877 INFO [main] org.apache.catalina.startup.Catalina.start Server startup in [38010] milliseconds
27-Nov-2024 23:41:41.733 INFO [main] org.apache.catalina.startup.VersionLoggerListener.log Server version name:   Apache Tomcat/10.1.33
27-Nov-2024 23:41:41.741 INFO [main] org.apache.catalina.startup.VersionLoggerListener.log Server built:          Nov 7 2024 22:28:55 UTC
27-Nov-2024 23:41:41.741 INFO [main] org.apache.catalina.startup.VersionLoggerListener.log Server version number: 10.1.33.0
27-Nov-2024 23:41:41.742 INFO [main] org.apache.catalina.startup.VersionLoggerListener.log OS Name:               Linux
27-Nov-2024 23:41:41.743 INFO [main] org.apache.catalina.startup.VersionLoggerListener.log OS Version:            5.15.167.4-microsoft-standard-WSL2
27-Nov-2024 23:41:41.744 INFO [main] org.apache.catalina.startup.VersionLoggerListener.log Architecture:          amd64
27-Nov-2024 23:41:41.744 INFO [main] org.apache.catalina.startup.VersionLoggerListener.log Java Home:             /usr/lib/jvm/java-11-openjdk-amd64
27-Nov-2024 23:41:41.745 INFO [main] org.apache.catalina.startup.VersionLoggerListener.log JVM Version:           11.0.25+9-post-Debian-1deb11u1
27-Nov-2024 23:41:41.746 INFO [main] org.apache.catalina.startup.VersionLoggerListener.log JVM Vendor:            Debian
27-Nov-2024 23:41:41.747 INFO [main] org.apache.catalina.startup.VersionLoggerListener.log CATALINA_BASE:         /usr/local/tomcat
27-Nov-2024 23:41:41.747 INFO [main] org.apache.catalina.startup.VersionLoggerListener.log CATALINA_HOME:         /usr/local/tomcat
27-Nov-2024 23:41:41.769 INFO [main] org.apache.catalina.startup.VersionLoggerListener.log Command line argument: -Djava.util.logging.config.file=/usr/local/tomcat/conf/logging.properties
27-Nov-2024 23:41:41.770 INFO [main] org.apache.catalina.startup.VersionLoggerListener.log Command line argument: -Djava.util.logging.manager=org.apache.juli.ClassLoaderLogManager
27-Nov-2024 23:41:41.771 INFO [main] org.apache.catalina.startup.VersionLoggerListener.log Command line argument: -Djdk.tls.ephemeralDHKeySize=2048
27-Nov-2024 23:41:41.772 INFO [main] org.apache.catalina.startup.VersionLoggerListener.log Command line argument: -Djava.protocol.handler.pkgs=org.apache.catalina.webresources
27-Nov-2024 23:41:41.772 INFO [main] org.apache.catalina.startup.VersionLoggerListener.log Command line argument: -Dorg.apache.catalina.security.SecurityListener.UMASK=0027
27-Nov-2024 23:41:41.773 INFO [main] org.apache.catalina.startup.VersionLoggerListener.log Command line argument: --add-opens=java.base/java.lang=ALL-UNNAMED
27-Nov-2024 23:41:41.773 INFO [main] org.apache.catalina.startup.VersionLoggerListener.log Command line argument: --add-opens=java.base/java.io=ALL-UNNAMED
27-Nov-2024 23:41:41.774 INFO [main] org.apache.catalina.startup.VersionLoggerListener.log Command line argument: --add-opens=java.base/java.util=ALL-UNNAMED
27-Nov-2024 23:41:41.774 INFO [main] org.apache.catalina.startup.VersionLoggerListener.log Command line argument: --add-opens=java.base/java.util.concurrent=ALL-UNNAMED
27-Nov-2024 23:41:41.775 INFO [main] org.apache.catalina.startup.VersionLoggerListener.log Command line argument: --add-opens=java.rmi/sun.rmi.transport=ALL-UNNAMED
27-Nov-2024 23:41:41.775 INFO [main] org.apache.catalina.startup.VersionLoggerListener.log Command line argument: -Dcatalina.base=/usr/local/tomcat
27-Nov-2024 23:41:41.776 INFO [main] org.apache.catalina.startup.VersionLoggerListener.log Command line argument: -Dcatalina.home=/usr/local/tomcat
27-Nov-2024 23:41:41.776 INFO [main] org.apache.catalina.startup.VersionLoggerListener.log Command line argument: -Djava.io.tmpdir=/usr/local/tomcat/temp
27-Nov-2024 23:41:41.779 INFO [main] org.apache.catalina.core.AprLifecycleListener.lifecycleEvent The Apache Tomcat Native library which allows using OpenSSL was not found on the java.library.path: [/usr/java/packages/lib:/usr/lib/x86_64-linux-gnu/jni:/lib/x86_64-linux-gnu:/usr/lib/x86_64-linux-gnu:/usr/lib/jni:/lib:/usr/lib]
27-Nov-2024 23:41:42.203 INFO [main] org.apache.coyote.AbstractProtocol.init Initializing ProtocolHandler ["http-nio-8080"]
27-Nov-2024 23:41:42.233 INFO [main] org.apache.catalina.startup.Catalina.load Server initialization in [710] milliseconds
27-Nov-2024 23:41:42.296 INFO [main] org.apache.catalina.core.StandardService.startInternal Starting service [Catalina]
27-Nov-2024 23:41:42.297 INFO [main] org.apache.catalina.core.StandardEngine.startInternal Starting Servlet engine: [Apache Tomcat/10.1.33]
27-Nov-2024 23:41:42.339 INFO [main] org.apache.catalina.startup.HostConfig.deployWAR Deploying web application archive [/usr/local/tomcat/webapps/Ezellohar.war]
27-Nov-2024 23:41:42.398 INFO [main] org.apache.catalina.startup.ExpandWar.expand An expanded directory [/usr/local/tomcat/webapps/Ezellohar] was found with a last modified time that did not match the associated WAR. It will be deleted.
