04-Dec-2024 21:30:52.661 INFO [main] org.apache.catalina.startup.VersionLoggerListener.log Server version name:   Apache Tomcat/10.1.33
04-Dec-2024 21:30:52.674 INFO [main] org.apache.catalina.startup.VersionLoggerListener.log Server built:          Nov 7 2024 22:28:55 UTC
04-Dec-2024 21:30:52.675 INFO [main] org.apache.catalina.startup.VersionLoggerListener.log Server version number: 10.1.33.0
04-Dec-2024 21:30:52.676 INFO [main] org.apache.catalina.startup.VersionLoggerListener.log OS Name:               Linux
04-Dec-2024 21:30:52.678 INFO [main] org.apache.catalina.startup.VersionLoggerListener.log OS Version:            5.15.167.4-microsoft-standard-WSL2
04-Dec-2024 21:30:52.679 INFO [main] org.apache.catalina.startup.VersionLoggerListener.log Architecture:          amd64
04-Dec-2024 21:30:52.680 INFO [main] org.apache.catalina.startup.VersionLoggerListener.log Java Home:             /usr/lib/jvm/java-11-openjdk-amd64
04-Dec-2024 21:30:52.681 INFO [main] org.apache.catalina.startup.VersionLoggerListener.log JVM Version:           11.0.25+9-post-Debian-1deb11u1
04-Dec-2024 21:30:52.682 INFO [main] org.apache.catalina.startup.VersionLoggerListener.log JVM Vendor:            Debian
04-Dec-2024 21:30:52.683 INFO [main] org.apache.catalina.startup.VersionLoggerListener.log CATALINA_BASE:         /usr/local/tomcat
04-Dec-2024 21:30:52.685 INFO [main] org.apache.catalina.startup.VersionLoggerListener.log CATALINA_HOME:         /usr/local/tomcat
04-Dec-2024 21:30:52.728 INFO [main] org.apache.catalina.startup.VersionLoggerListener.log Command line argument: -Djava.util.logging.config.file=/usr/local/tomcat/conf/logging.properties
04-Dec-2024 21:30:52.728 INFO [main] org.apache.catalina.startup.VersionLoggerListener.log Command line argument: -Djava.util.logging.manager=org.apache.juli.ClassLoaderLogManager
04-Dec-2024 21:30:52.729 INFO [main] org.apache.catalina.startup.VersionLoggerListener.log Command line argument: -Djdk.tls.ephemeralDHKeySize=2048
04-Dec-2024 21:30:52.729 INFO [main] org.apache.catalina.startup.VersionLoggerListener.log Command line argument: -Djava.protocol.handler.pkgs=org.apache.catalina.webresources
04-Dec-2024 21:30:52.730 INFO [main] org.apache.catalina.startup.VersionLoggerListener.log Command line argument: -Dorg.apache.catalina.security.SecurityListener.UMASK=0027
04-Dec-2024 21:30:52.730 INFO [main] org.apache.catalina.startup.VersionLoggerListener.log Command line argument: --add-opens=java.base/java.lang=ALL-UNNAMED
04-Dec-2024 21:30:52.731 INFO [main] org.apache.catalina.startup.VersionLoggerListener.log Command line argument: --add-opens=java.base/java.io=ALL-UNNAMED
04-Dec-2024 21:30:52.731 INFO [main] org.apache.catalina.startup.VersionLoggerListener.log Command line argument: --add-opens=java.base/java.util=ALL-UNNAMED
04-Dec-2024 21:30:52.732 INFO [main] org.apache.catalina.startup.VersionLoggerListener.log Command line argument: --add-opens=java.base/java.util.concurrent=ALL-UNNAMED
04-Dec-2024 21:30:52.733 INFO [main] org.apache.catalina.startup.VersionLoggerListener.log Command line argument: --add-opens=java.rmi/sun.rmi.transport=ALL-UNNAMED
04-Dec-2024 21:30:52.733 INFO [main] org.apache.catalina.startup.VersionLoggerListener.log Command line argument: -Dcatalina.base=/usr/local/tomcat
04-Dec-2024 21:30:52.734 INFO [main] org.apache.catalina.startup.VersionLoggerListener.log Command line argument: -Dcatalina.home=/usr/local/tomcat
04-Dec-2024 21:30:52.734 INFO [main] org.apache.catalina.startup.VersionLoggerListener.log Command line argument: -Djava.io.tmpdir=/usr/local/tomcat/temp
04-Dec-2024 21:30:52.737 INFO [main] org.apache.catalina.core.AprLifecycleListener.lifecycleEvent The Apache Tomcat Native library which allows using OpenSSL was not found on the java.library.path: [/usr/java/packages/lib:/usr/lib/x86_64-linux-gnu/jni:/lib/x86_64-linux-gnu:/usr/lib/x86_64-linux-gnu:/usr/lib/jni:/lib:/usr/lib]
04-Dec-2024 21:30:53.615 INFO [main] org.apache.coyote.AbstractProtocol.init Initializing ProtocolHandler ["http-nio-8080"]
04-Dec-2024 21:30:53.721 INFO [main] org.apache.catalina.startup.Catalina.load Server initialization in [1560] milliseconds
04-Dec-2024 21:30:53.876 INFO [main] org.apache.catalina.core.StandardService.startInternal Starting service [Catalina]
04-Dec-2024 21:30:53.877 INFO [main] org.apache.catalina.core.StandardEngine.startInternal Starting Servlet engine: [Apache Tomcat/10.1.33]
04-Dec-2024 21:30:53.977 INFO [main] org.apache.catalina.startup.HostConfig.deployWAR Deploying web application archive [/usr/local/tomcat/webapps/Ezellohar.war]
04-Dec-2024 21:30:54.026 INFO [main] org.apache.catalina.startup.ExpandWar.expand An expanded directory [/usr/local/tomcat/webapps/Ezellohar] was found with a last modified time that did not match the associated WAR. It will be deleted.
04-Dec-2024 21:31:36.593 WARNING [main] org.apache.catalina.startup.ContextConfig.validateSecurityRoles Security role name [redes] used in an <auth-constraint> without being defined in a <security-role>
04-Dec-2024 21:31:36.595 WARNING [main] org.apache.catalina.startup.ContextConfig.validateSecurityRoles Security role name [concilio] used in an <auth-constraint> without being defined in a <security-role>
04-Dec-2024 21:31:36.595 WARNING [main] org.apache.catalina.startup.ContextConfig.validateSecurityRoles Security role name [elrond] used in an <auth-constraint> without being defined in a <security-role>
04-Dec-2024 21:31:36.596 WARNING [main] org.apache.catalina.startup.ContextConfig.validateSecurityRoles Security role name [mayordomo] used in an <auth-constraint> without being defined in a <security-role>
04-Dec-2024 21:31:36.596 WARNING [main] org.apache.catalina.startup.ContextConfig.validateSecurityRoles Security role name [tesoreria] used in an <auth-constraint> without being defined in a <security-role>
04-Dec-2024 21:31:36.597 WARNING [main] org.apache.catalina.startup.ContextConfig.validateSecurityRoles Security role name [actividades] used in an <auth-constraint> without being defined in a <security-role>
04-Dec-2024 21:31:36.790 INFO [main] org.apache.jasper.servlet.TldScanner.scanJars At least one JAR was scanned for TLDs yet contained no TLDs. Enable debug logging for this logger for a complete list of JARs that were scanned but no TLDs were found in them. Skipping unneeded JARs during scanning can improve startup time and JSP compilation time.
04-Dec-2024 21:31:37.154 INFO [main] org.apache.catalina.startup.HostConfig.deployWAR Deployment of web application archive [/usr/local/tomcat/webapps/Ezellohar.war] has finished in [43,175] ms
04-Dec-2024 21:31:37.203 INFO [main] org.apache.catalina.startup.HostConfig.deployWAR Deploying web application archive [/usr/local/tomcat/webapps/Valimar.war]
04-Dec-2024 21:31:52.212 INFO [main] org.apache.jasper.servlet.TldScanner.scanJars At least one JAR was scanned for TLDs yet contained no TLDs. Enable debug logging for this logger for a complete list of JARs that were scanned but no TLDs were found in them. Skipping unneeded JARs during scanning can improve startup time and JSP compilation time.
04-Dec-2024 21:31:52.233 INFO [main] org.apache.catalina.startup.HostConfig.deployWAR Deployment of web application archive [/usr/local/tomcat/webapps/Valimar.war] has finished in [15,029] ms
04-Dec-2024 21:31:52.237 INFO [main] org.apache.catalina.startup.HostConfig.deployDirectory Deploying web application directory [/usr/local/tomcat/webapps/ROOT]
04-Dec-2024 21:31:56.696 INFO [main] org.apache.jasper.servlet.TldScanner.scanJars At least one JAR was scanned for TLDs yet contained no TLDs. Enable debug logging for this logger for a complete list of JARs that were scanned but no TLDs were found in them. Skipping unneeded JARs during scanning can improve startup time and JSP compilation time.
04-Dec-2024 21:31:56.712 INFO [main] org.apache.catalina.startup.HostConfig.deployDirectory Deployment of web application directory [/usr/local/tomcat/webapps/ROOT] has finished in [4,475] ms
04-Dec-2024 21:31:56.721 INFO [main] org.apache.coyote.AbstractProtocol.start Starting ProtocolHandler ["http-nio-8080"]
04-Dec-2024 21:31:56.734 INFO [main] org.apache.catalina.startup.Catalina.start Server startup in [63017] milliseconds
04-Dec-2024 21:49:45.777 INFO [main] org.apache.catalina.startup.VersionLoggerListener.log Server version name:   Apache Tomcat/10.1.33
04-Dec-2024 21:49:45.782 INFO [main] org.apache.catalina.startup.VersionLoggerListener.log Server built:          Nov 7 2024 22:28:55 UTC
04-Dec-2024 21:49:45.782 INFO [main] org.apache.catalina.startup.VersionLoggerListener.log Server version number: 10.1.33.0
04-Dec-2024 21:49:45.783 INFO [main] org.apache.catalina.startup.VersionLoggerListener.log OS Name:               Linux
04-Dec-2024 21:49:45.783 INFO [main] org.apache.catalina.startup.VersionLoggerListener.log OS Version:            5.15.167.4-microsoft-standard-WSL2
04-Dec-2024 21:49:45.783 INFO [main] org.apache.catalina.startup.VersionLoggerListener.log Architecture:          amd64
04-Dec-2024 21:49:45.784 INFO [main] org.apache.catalina.startup.VersionLoggerListener.log Java Home:             /usr/lib/jvm/java-11-openjdk-amd64
04-Dec-2024 21:49:45.784 INFO [main] org.apache.catalina.startup.VersionLoggerListener.log JVM Version:           11.0.25+9-post-Debian-1deb11u1
04-Dec-2024 21:49:45.785 INFO [main] org.apache.catalina.startup.VersionLoggerListener.log JVM Vendor:            Debian
04-Dec-2024 21:49:45.785 INFO [main] org.apache.catalina.startup.VersionLoggerListener.log CATALINA_BASE:         /usr/local/tomcat
04-Dec-2024 21:49:45.786 INFO [main] org.apache.catalina.startup.VersionLoggerListener.log CATALINA_HOME:         /usr/local/tomcat
04-Dec-2024 21:49:45.811 INFO [main] org.apache.catalina.startup.VersionLoggerListener.log Command line argument: -Djava.util.logging.config.file=/usr/local/tomcat/conf/logging.properties
04-Dec-2024 21:49:45.812 INFO [main] org.apache.catalina.startup.VersionLoggerListener.log Command line argument: -Djava.util.logging.manager=org.apache.juli.ClassLoaderLogManager
04-Dec-2024 21:49:45.813 INFO [main] org.apache.catalina.startup.VersionLoggerListener.log Command line argument: -Djdk.tls.ephemeralDHKeySize=2048
04-Dec-2024 21:49:45.813 INFO [main] org.apache.catalina.startup.VersionLoggerListener.log Command line argument: -Djava.protocol.handler.pkgs=org.apache.catalina.webresources
04-Dec-2024 21:49:45.813 INFO [main] org.apache.catalina.startup.VersionLoggerListener.log Command line argument: -Dorg.apache.catalina.security.SecurityListener.UMASK=0027
04-Dec-2024 21:49:45.814 INFO [main] org.apache.catalina.startup.VersionLoggerListener.log Command line argument: --add-opens=java.base/java.lang=ALL-UNNAMED
04-Dec-2024 21:49:45.814 INFO [main] org.apache.catalina.startup.VersionLoggerListener.log Command line argument: --add-opens=java.base/java.io=ALL-UNNAMED
04-Dec-2024 21:49:45.815 INFO [main] org.apache.catalina.startup.VersionLoggerListener.log Command line argument: --add-opens=java.base/java.util=ALL-UNNAMED
04-Dec-2024 21:49:45.815 INFO [main] org.apache.catalina.startup.VersionLoggerListener.log Command line argument: --add-opens=java.base/java.util.concurrent=ALL-UNNAMED
04-Dec-2024 21:49:45.815 INFO [main] org.apache.catalina.startup.VersionLoggerListener.log Command line argument: --add-opens=java.rmi/sun.rmi.transport=ALL-UNNAMED
04-Dec-2024 21:49:45.816 INFO [main] org.apache.catalina.startup.VersionLoggerListener.log Command line argument: -Dcatalina.base=/usr/local/tomcat
04-Dec-2024 21:49:45.816 INFO [main] org.apache.catalina.startup.VersionLoggerListener.log Command line argument: -Dcatalina.home=/usr/local/tomcat
04-Dec-2024 21:49:45.816 INFO [main] org.apache.catalina.startup.VersionLoggerListener.log Command line argument: -Djava.io.tmpdir=/usr/local/tomcat/temp
04-Dec-2024 21:49:45.818 INFO [main] org.apache.catalina.core.AprLifecycleListener.lifecycleEvent The Apache Tomcat Native library which allows using OpenSSL was not found on the java.library.path: [/usr/java/packages/lib:/usr/lib/x86_64-linux-gnu/jni:/lib/x86_64-linux-gnu:/usr/lib/x86_64-linux-gnu:/usr/lib/jni:/lib:/usr/lib]
04-Dec-2024 21:49:46.294 INFO [main] org.apache.coyote.AbstractProtocol.init Initializing ProtocolHandler ["http-nio-8080"]
04-Dec-2024 21:49:46.346 INFO [main] org.apache.catalina.startup.Catalina.load Server initialization in [922] milliseconds
04-Dec-2024 21:49:46.494 INFO [main] org.apache.catalina.core.StandardService.startInternal Starting service [Catalina]
04-Dec-2024 21:49:46.495 INFO [main] org.apache.catalina.core.StandardEngine.startInternal Starting Servlet engine: [Apache Tomcat/10.1.33]
04-Dec-2024 21:49:46.564 INFO [main] org.apache.catalina.startup.HostConfig.deployWAR Deploying web application archive [/usr/local/tomcat/webapps/Ezellohar.war]
04-Dec-2024 21:49:46.616 INFO [main] org.apache.catalina.startup.ExpandWar.expand An expanded directory [/usr/local/tomcat/webapps/Ezellohar] was found with a last modified time that did not match the associated WAR. It will be deleted.
04-Dec-2024 21:50:24.366 WARNING [main] org.apache.catalina.startup.ContextConfig.validateSecurityRoles Security role name [redes] used in an <auth-constraint> without being defined in a <security-role>
04-Dec-2024 21:50:24.367 WARNING [main] org.apache.catalina.startup.ContextConfig.validateSecurityRoles Security role name [concilio] used in an <auth-constraint> without being defined in a <security-role>
04-Dec-2024 21:50:24.367 WARNING [main] org.apache.catalina.startup.ContextConfig.validateSecurityRoles Security role name [elrond] used in an <auth-constraint> without being defined in a <security-role>
04-Dec-2024 21:50:24.368 WARNING [main] org.apache.catalina.startup.ContextConfig.validateSecurityRoles Security role name [mayordomo] used in an <auth-constraint> without being defined in a <security-role>
04-Dec-2024 21:50:24.368 WARNING [main] org.apache.catalina.startup.ContextConfig.validateSecurityRoles Security role name [tesoreria] used in an <auth-constraint> without being defined in a <security-role>
04-Dec-2024 21:50:24.368 WARNING [main] org.apache.catalina.startup.ContextConfig.validateSecurityRoles Security role name [actividades] used in an <auth-constraint> without being defined in a <security-role>
04-Dec-2024 21:50:24.508 INFO [main] org.apache.jasper.servlet.TldScanner.scanJars At least one JAR was scanned for TLDs yet contained no TLDs. Enable debug logging for this logger for a complete list of JARs that were scanned but no TLDs were found in them. Skipping unneeded JARs during scanning can improve startup time and JSP compilation time.
04-Dec-2024 21:50:24.714 INFO [main] org.apache.catalina.startup.HostConfig.deployWAR Deployment of web application archive [/usr/local/tomcat/webapps/Ezellohar.war] has finished in [38,149] ms
04-Dec-2024 21:50:24.726 INFO [main] org.apache.catalina.startup.HostConfig.deployWAR Deploying web application archive [/usr/local/tomcat/webapps/Valimar.war]
04-Dec-2024 21:50:39.188 INFO [main] org.apache.jasper.servlet.TldScanner.scanJars At least one JAR was scanned for TLDs yet contained no TLDs. Enable debug logging for this logger for a complete list of JARs that were scanned but no TLDs were found in them. Skipping unneeded JARs during scanning can improve startup time and JSP compilation time.
04-Dec-2024 21:50:39.205 INFO [main] org.apache.catalina.startup.HostConfig.deployWAR Deployment of web application archive [/usr/local/tomcat/webapps/Valimar.war] has finished in [14,479] ms
04-Dec-2024 21:50:39.208 INFO [main] org.apache.catalina.startup.HostConfig.deployDirectory Deploying web application directory [/usr/local/tomcat/webapps/ROOT]
04-Dec-2024 21:50:43.866 INFO [main] org.apache.jasper.servlet.TldScanner.scanJars At least one JAR was scanned for TLDs yet contained no TLDs. Enable debug logging for this logger for a complete list of JARs that were scanned but no TLDs were found in them. Skipping unneeded JARs during scanning can improve startup time and JSP compilation time.
04-Dec-2024 21:50:43.883 INFO [main] org.apache.catalina.startup.HostConfig.deployDirectory Deployment of web application directory [/usr/local/tomcat/webapps/ROOT] has finished in [4,674] ms
04-Dec-2024 21:50:43.893 INFO [main] org.apache.coyote.AbstractProtocol.start Starting ProtocolHandler ["http-nio-8080"]
04-Dec-2024 21:50:43.907 INFO [main] org.apache.catalina.startup.Catalina.start Server startup in [57562] milliseconds
