30-Nov-2024 00:03:51.356 INFO [main] org.apache.catalina.startup.VersionLoggerListener.log Server version name:   Apache Tomcat/10.1.33
30-Nov-2024 00:03:51.361 INFO [main] org.apache.catalina.startup.VersionLoggerListener.log Server built:          Nov 7 2024 22:28:55 UTC
30-Nov-2024 00:03:51.362 INFO [main] org.apache.catalina.startup.VersionLoggerListener.log Server version number: 10.1.33.0
30-Nov-2024 00:03:51.362 INFO [main] org.apache.catalina.startup.VersionLoggerListener.log OS Name:               Linux
30-Nov-2024 00:03:51.363 INFO [main] org.apache.catalina.startup.VersionLoggerListener.log OS Version:            5.15.167.4-microsoft-standard-WSL2
30-Nov-2024 00:03:51.364 INFO [main] org.apache.catalina.startup.VersionLoggerListener.log Architecture:          amd64
30-Nov-2024 00:03:51.364 INFO [main] org.apache.catalina.startup.VersionLoggerListener.log Java Home:             /usr/lib/jvm/java-11-openjdk-amd64
30-Nov-2024 00:03:51.365 INFO [main] org.apache.catalina.startup.VersionLoggerListener.log JVM Version:           11.0.25+9-post-Debian-1deb11u1
30-Nov-2024 00:03:51.365 INFO [main] org.apache.catalina.startup.VersionLoggerListener.log JVM Vendor:            Debian
30-Nov-2024 00:03:51.365 INFO [main] org.apache.catalina.startup.VersionLoggerListener.log CATALINA_BASE:         /usr/local/tomcat
30-Nov-2024 00:03:51.366 INFO [main] org.apache.catalina.startup.VersionLoggerListener.log CATALINA_HOME:         /usr/local/tomcat
30-Nov-2024 00:03:51.394 INFO [main] org.apache.catalina.startup.VersionLoggerListener.log Command line argument: -Djava.util.logging.config.file=/usr/local/tomcat/conf/logging.properties
30-Nov-2024 00:03:51.395 INFO [main] org.apache.catalina.startup.VersionLoggerListener.log Command line argument: -Djava.util.logging.manager=org.apache.juli.ClassLoaderLogManager
30-Nov-2024 00:03:51.395 INFO [main] org.apache.catalina.startup.VersionLoggerListener.log Command line argument: -Djdk.tls.ephemeralDHKeySize=2048
30-Nov-2024 00:03:51.396 INFO [main] org.apache.catalina.startup.VersionLoggerListener.log Command line argument: -Djava.protocol.handler.pkgs=org.apache.catalina.webresources
30-Nov-2024 00:03:51.396 INFO [main] org.apache.catalina.startup.VersionLoggerListener.log Command line argument: -Dorg.apache.catalina.security.SecurityListener.UMASK=0027
30-Nov-2024 00:03:51.397 INFO [main] org.apache.catalina.startup.VersionLoggerListener.log Command line argument: --add-opens=java.base/java.lang=ALL-UNNAMED
30-Nov-2024 00:03:51.397 INFO [main] org.apache.catalina.startup.VersionLoggerListener.log Command line argument: --add-opens=java.base/java.io=ALL-UNNAMED
30-Nov-2024 00:03:51.397 INFO [main] org.apache.catalina.startup.VersionLoggerListener.log Command line argument: --add-opens=java.base/java.util=ALL-UNNAMED
30-Nov-2024 00:03:51.398 INFO [main] org.apache.catalina.startup.VersionLoggerListener.log Command line argument: --add-opens=java.base/java.util.concurrent=ALL-UNNAMED
30-Nov-2024 00:03:51.398 INFO [main] org.apache.catalina.startup.VersionLoggerListener.log Command line argument: --add-opens=java.rmi/sun.rmi.transport=ALL-UNNAMED
30-Nov-2024 00:03:51.398 INFO [main] org.apache.catalina.startup.VersionLoggerListener.log Command line argument: -Dcatalina.base=/usr/local/tomcat
30-Nov-2024 00:03:51.399 INFO [main] org.apache.catalina.startup.VersionLoggerListener.log Command line argument: -Dcatalina.home=/usr/local/tomcat
30-Nov-2024 00:03:51.399 INFO [main] org.apache.catalina.startup.VersionLoggerListener.log Command line argument: -Djava.io.tmpdir=/usr/local/tomcat/temp
30-Nov-2024 00:03:51.401 INFO [main] org.apache.catalina.core.AprLifecycleListener.lifecycleEvent The Apache Tomcat Native library which allows using OpenSSL was not found on the java.library.path: [/usr/java/packages/lib:/usr/lib/x86_64-linux-gnu/jni:/lib/x86_64-linux-gnu:/usr/lib/x86_64-linux-gnu:/usr/lib/jni:/lib:/usr/lib]
30-Nov-2024 00:03:52.027 INFO [main] org.apache.coyote.AbstractProtocol.init Initializing ProtocolHandler ["http-nio-8080"]
30-Nov-2024 00:03:52.084 INFO [main] org.apache.catalina.startup.Catalina.load Server initialization in [1097] milliseconds
30-Nov-2024 00:03:52.197 INFO [main] org.apache.catalina.core.StandardService.startInternal Starting service [Catalina]
30-Nov-2024 00:03:52.198 INFO [main] org.apache.catalina.core.StandardEngine.startInternal Starting Servlet engine: [Apache Tomcat/10.1.33]
30-Nov-2024 00:03:52.255 INFO [main] org.apache.catalina.startup.HostConfig.deployWAR Deploying web application archive [/usr/local/tomcat/webapps/Ezellohar.war]
30-Nov-2024 00:03:58.269 INFO [main] org.apache.jasper.servlet.TldScanner.scanJars At least one JAR was scanned for TLDs yet contained no TLDs. Enable debug logging for this logger for a complete list of JARs that were scanned but no TLDs were found in them. Skipping unneeded JARs during scanning can improve startup time and JSP compilation time.
30-Nov-2024 00:03:58.331 INFO [main] org.apache.catalina.startup.HostConfig.deployWAR Deployment of web application archive [/usr/local/tomcat/webapps/Ezellohar.war] has finished in [6,075] ms
30-Nov-2024 00:03:58.352 INFO [main] org.apache.catalina.startup.HostConfig.deployWAR Deploying web application archive [/usr/local/tomcat/webapps/Valimar.war]
30-Nov-2024 00:04:19.763 INFO [main] org.apache.jasper.servlet.TldScanner.scanJars At least one JAR was scanned for TLDs yet contained no TLDs. Enable debug logging for this logger for a complete list of JARs that were scanned but no TLDs were found in them. Skipping unneeded JARs during scanning can improve startup time and JSP compilation time.
30-Nov-2024 00:04:19.781 INFO [main] org.apache.catalina.startup.HostConfig.deployWAR Deployment of web application archive [/usr/local/tomcat/webapps/Valimar.war] has finished in [21,430] ms
30-Nov-2024 00:04:19.795 INFO [main] org.apache.coyote.AbstractProtocol.start Starting ProtocolHandler ["http-nio-8080"]
30-Nov-2024 00:04:19.814 INFO [main] org.apache.catalina.startup.Catalina.start Server startup in [27731] milliseconds
30-Nov-2024 23:30:03.410 INFO [main] org.apache.catalina.startup.VersionLoggerListener.log Server version name:   Apache Tomcat/10.1.33
30-Nov-2024 23:30:03.418 INFO [main] org.apache.catalina.startup.VersionLoggerListener.log Server built:          Nov 7 2024 22:28:55 UTC
30-Nov-2024 23:30:03.419 INFO [main] org.apache.catalina.startup.VersionLoggerListener.log Server version number: 10.1.33.0
30-Nov-2024 23:30:03.419 INFO [main] org.apache.catalina.startup.VersionLoggerListener.log OS Name:               Linux
30-Nov-2024 23:30:03.420 INFO [main] org.apache.catalina.startup.VersionLoggerListener.log OS Version:            5.15.167.4-microsoft-standard-WSL2
30-Nov-2024 23:30:03.420 INFO [main] org.apache.catalina.startup.VersionLoggerListener.log Architecture:          amd64
30-Nov-2024 23:30:03.421 INFO [main] org.apache.catalina.startup.VersionLoggerListener.log Java Home:             /usr/lib/jvm/java-11-openjdk-amd64
30-Nov-2024 23:30:03.421 INFO [main] org.apache.catalina.startup.VersionLoggerListener.log JVM Version:           11.0.25+9-post-Debian-1deb11u1
30-Nov-2024 23:30:03.422 INFO [main] org.apache.catalina.startup.VersionLoggerListener.log JVM Vendor:            Debian
30-Nov-2024 23:30:03.422 INFO [main] org.apache.catalina.startup.VersionLoggerListener.log CATALINA_BASE:         /usr/local/tomcat
30-Nov-2024 23:30:03.423 INFO [main] org.apache.catalina.startup.VersionLoggerListener.log CATALINA_HOME:         /usr/local/tomcat
30-Nov-2024 23:30:03.453 INFO [main] org.apache.catalina.startup.VersionLoggerListener.log Command line argument: -Djava.util.logging.config.file=/usr/local/tomcat/conf/logging.properties
30-Nov-2024 23:30:03.454 INFO [main] org.apache.catalina.startup.VersionLoggerListener.log Command line argument: -Djava.util.logging.manager=org.apache.juli.ClassLoaderLogManager
30-Nov-2024 23:30:03.454 INFO [main] org.apache.catalina.startup.VersionLoggerListener.log Command line argument: -Djdk.tls.ephemeralDHKeySize=2048
30-Nov-2024 23:30:03.455 INFO [main] org.apache.catalina.startup.VersionLoggerListener.log Command line argument: -Djava.protocol.handler.pkgs=org.apache.catalina.webresources
30-Nov-2024 23:30:03.455 INFO [main] org.apache.catalina.startup.VersionLoggerListener.log Command line argument: -Dorg.apache.catalina.security.SecurityListener.UMASK=0027
30-Nov-2024 23:30:03.455 INFO [main] org.apache.catalina.startup.VersionLoggerListener.log Command line argument: --add-opens=java.base/java.lang=ALL-UNNAMED
30-Nov-2024 23:30:03.456 INFO [main] org.apache.catalina.startup.VersionLoggerListener.log Command line argument: --add-opens=java.base/java.io=ALL-UNNAMED
30-Nov-2024 23:30:03.456 INFO [main] org.apache.catalina.startup.VersionLoggerListener.log Command line argument: --add-opens=java.base/java.util=ALL-UNNAMED
30-Nov-2024 23:30:03.457 INFO [main] org.apache.catalina.startup.VersionLoggerListener.log Command line argument: --add-opens=java.base/java.util.concurrent=ALL-UNNAMED
30-Nov-2024 23:30:03.457 INFO [main] org.apache.catalina.startup.VersionLoggerListener.log Command line argument: --add-opens=java.rmi/sun.rmi.transport=ALL-UNNAMED
30-Nov-2024 23:30:03.457 INFO [main] org.apache.catalina.startup.VersionLoggerListener.log Command line argument: -Dcatalina.base=/usr/local/tomcat
30-Nov-2024 23:30:03.458 INFO [main] org.apache.catalina.startup.VersionLoggerListener.log Command line argument: -Dcatalina.home=/usr/local/tomcat
30-Nov-2024 23:30:03.458 INFO [main] org.apache.catalina.startup.VersionLoggerListener.log Command line argument: -Djava.io.tmpdir=/usr/local/tomcat/temp
30-Nov-2024 23:30:03.461 INFO [main] org.apache.catalina.core.AprLifecycleListener.lifecycleEvent The Apache Tomcat Native library which allows using OpenSSL was not found on the java.library.path: [/usr/java/packages/lib:/usr/lib/x86_64-linux-gnu/jni:/lib/x86_64-linux-gnu:/usr/lib/x86_64-linux-gnu:/usr/lib/jni:/lib:/usr/lib]
30-Nov-2024 23:30:03.957 INFO [main] org.apache.coyote.AbstractProtocol.init Initializing ProtocolHandler ["http-nio-8080"]
30-Nov-2024 23:30:04.011 INFO [main] org.apache.catalina.startup.Catalina.load Server initialization in [1018] milliseconds
30-Nov-2024 23:30:04.107 INFO [main] org.apache.catalina.core.StandardService.startInternal Starting service [Catalina]
30-Nov-2024 23:30:04.107 INFO [main] org.apache.catalina.core.StandardEngine.startInternal Starting Servlet engine: [Apache Tomcat/10.1.33]
30-Nov-2024 23:30:04.263 INFO [main] org.apache.catalina.startup.HostConfig.deployWAR Deploying web application archive [/usr/local/tomcat/webapps/Ezellohar.war]
30-Nov-2024 23:30:09.732 INFO [main] org.apache.jasper.servlet.TldScanner.scanJars At least one JAR was scanned for TLDs yet contained no TLDs. Enable debug logging for this logger for a complete list of JARs that were scanned but no TLDs were found in them. Skipping unneeded JARs during scanning can improve startup time and JSP compilation time.
30-Nov-2024 23:30:09.803 INFO [main] org.apache.catalina.startup.HostConfig.deployWAR Deployment of web application archive [/usr/local/tomcat/webapps/Ezellohar.war] has finished in [5,539] ms
30-Nov-2024 23:30:09.827 INFO [main] org.apache.catalina.startup.HostConfig.deployWAR Deploying web application archive [/usr/local/tomcat/webapps/Valimar.war]
30-Nov-2024 23:30:09.845 INFO [main] org.apache.catalina.startup.ExpandWar.expand An expanded directory [/usr/local/tomcat/webapps/Valimar] was found with a last modified time that did not match the associated WAR. It will be deleted.
30-Nov-2024 23:30:33.032 INFO [main] org.apache.jasper.servlet.TldScanner.scanJars At least one JAR was scanned for TLDs yet contained no TLDs. Enable debug logging for this logger for a complete list of JARs that were scanned but no TLDs were found in them. Skipping unneeded JARs during scanning can improve startup time and JSP compilation time.
30-Nov-2024 23:30:33.046 INFO [main] org.apache.catalina.startup.HostConfig.deployWAR Deployment of web application archive [/usr/local/tomcat/webapps/Valimar.war] has finished in [23,219] ms
30-Nov-2024 23:30:33.065 INFO [main] org.apache.coyote.AbstractProtocol.start Starting ProtocolHandler ["http-nio-8080"]
30-Nov-2024 23:30:33.089 INFO [main] org.apache.catalina.startup.Catalina.start Server startup in [29077] milliseconds
30-Nov-2024 23:32:09.864 INFO [main] org.apache.catalina.startup.VersionLoggerListener.log Server version name:   Apache Tomcat/10.1.33
30-Nov-2024 23:32:09.872 INFO [main] org.apache.catalina.startup.VersionLoggerListener.log Server built:          Nov 7 2024 22:28:55 UTC
30-Nov-2024 23:32:09.873 INFO [main] org.apache.catalina.startup.VersionLoggerListener.log Server version number: 10.1.33.0
30-Nov-2024 23:32:09.874 INFO [main] org.apache.catalina.startup.VersionLoggerListener.log OS Name:               Linux
30-Nov-2024 23:32:09.874 INFO [main] org.apache.catalina.startup.VersionLoggerListener.log OS Version:            5.15.167.4-microsoft-standard-WSL2
30-Nov-2024 23:32:09.875 INFO [main] org.apache.catalina.startup.VersionLoggerListener.log Architecture:          amd64
30-Nov-2024 23:32:09.876 INFO [main] org.apache.catalina.startup.VersionLoggerListener.log Java Home:             /usr/lib/jvm/java-11-openjdk-amd64
30-Nov-2024 23:32:09.877 INFO [main] org.apache.catalina.startup.VersionLoggerListener.log JVM Version:           11.0.25+9-post-Debian-1deb11u1
30-Nov-2024 23:32:09.877 INFO [main] org.apache.catalina.startup.VersionLoggerListener.log JVM Vendor:            Debian
30-Nov-2024 23:32:09.878 INFO [main] org.apache.catalina.startup.VersionLoggerListener.log CATALINA_BASE:         /usr/local/tomcat
30-Nov-2024 23:32:09.879 INFO [main] org.apache.catalina.startup.VersionLoggerListener.log CATALINA_HOME:         /usr/local/tomcat
30-Nov-2024 23:32:09.920 INFO [main] org.apache.catalina.startup.VersionLoggerListener.log Command line argument: -Djava.util.logging.config.file=/usr/local/tomcat/conf/logging.properties
30-Nov-2024 23:32:09.921 INFO [main] org.apache.catalina.startup.VersionLoggerListener.log Command line argument: -Djava.util.logging.manager=org.apache.juli.ClassLoaderLogManager
30-Nov-2024 23:32:09.922 INFO [main] org.apache.catalina.startup.VersionLoggerListener.log Command line argument: -Djdk.tls.ephemeralDHKeySize=2048
30-Nov-2024 23:32:09.923 INFO [main] org.apache.catalina.startup.VersionLoggerListener.log Command line argument: -Djava.protocol.handler.pkgs=org.apache.catalina.webresources
30-Nov-2024 23:32:09.924 INFO [main] org.apache.catalina.startup.VersionLoggerListener.log Command line argument: -Dorg.apache.catalina.security.SecurityListener.UMASK=0027
30-Nov-2024 23:32:09.925 INFO [main] org.apache.catalina.startup.VersionLoggerListener.log Command line argument: --add-opens=java.base/java.lang=ALL-UNNAMED
30-Nov-2024 23:32:09.926 INFO [main] org.apache.catalina.startup.VersionLoggerListener.log Command line argument: --add-opens=java.base/java.io=ALL-UNNAMED
30-Nov-2024 23:32:09.927 INFO [main] org.apache.catalina.startup.VersionLoggerListener.log Command line argument: --add-opens=java.base/java.util=ALL-UNNAMED
30-Nov-2024 23:32:09.928 INFO [main] org.apache.catalina.startup.VersionLoggerListener.log Command line argument: --add-opens=java.base/java.util.concurrent=ALL-UNNAMED
30-Nov-2024 23:32:09.929 INFO [main] org.apache.catalina.startup.VersionLoggerListener.log Command line argument: --add-opens=java.rmi/sun.rmi.transport=ALL-UNNAMED
30-Nov-2024 23:32:09.930 INFO [main] org.apache.catalina.startup.VersionLoggerListener.log Command line argument: -Dcatalina.base=/usr/local/tomcat
30-Nov-2024 23:32:09.930 INFO [main] org.apache.catalina.startup.VersionLoggerListener.log Command line argument: -Dcatalina.home=/usr/local/tomcat
30-Nov-2024 23:32:09.931 INFO [main] org.apache.catalina.startup.VersionLoggerListener.log Command line argument: -Djava.io.tmpdir=/usr/local/tomcat/temp
30-Nov-2024 23:32:09.935 INFO [main] org.apache.catalina.core.AprLifecycleListener.lifecycleEvent The Apache Tomcat Native library which allows using OpenSSL was not found on the java.library.path: [/usr/java/packages/lib:/usr/lib/x86_64-linux-gnu/jni:/lib/x86_64-linux-gnu:/usr/lib/x86_64-linux-gnu:/usr/lib/jni:/lib:/usr/lib]
30-Nov-2024 23:32:10.709 INFO [main] org.apache.coyote.AbstractProtocol.init Initializing ProtocolHandler ["http-nio-8080"]
30-Nov-2024 23:32:10.766 INFO [main] org.apache.catalina.startup.Catalina.load Server initialization in [1331] milliseconds
30-Nov-2024 23:32:10.861 INFO [main] org.apache.catalina.core.StandardService.startInternal Starting service [Catalina]
30-Nov-2024 23:32:10.862 INFO [main] org.apache.catalina.core.StandardEngine.startInternal Starting Servlet engine: [Apache Tomcat/10.1.33]
30-Nov-2024 23:32:10.912 INFO [main] org.apache.catalina.startup.HostConfig.deployWAR Deploying web application archive [/usr/local/tomcat/webapps/Ezellohar.war]
30-Nov-2024 23:32:16.668 INFO [main] org.apache.jasper.servlet.TldScanner.scanJars At least one JAR was scanned for TLDs yet contained no TLDs. Enable debug logging for this logger for a complete list of JARs that were scanned but no TLDs were found in them. Skipping unneeded JARs during scanning can improve startup time and JSP compilation time.
30-Nov-2024 23:32:16.738 INFO [main] org.apache.catalina.startup.HostConfig.deployWAR Deployment of web application archive [/usr/local/tomcat/webapps/Ezellohar.war] has finished in [5,822] ms
30-Nov-2024 23:32:16.784 INFO [main] org.apache.catalina.startup.HostConfig.deployWAR Deploying web application archive [/usr/local/tomcat/webapps/Valimar.war]
30-Nov-2024 23:32:16.802 INFO [main] org.apache.catalina.startup.ExpandWar.expand An expanded directory [/usr/local/tomcat/webapps/Valimar] was found with a last modified time that did not match the associated WAR. It will be deleted.
30-Nov-2024 23:32:48.043 INFO [main] org.apache.jasper.servlet.TldScanner.scanJars At least one JAR was scanned for TLDs yet contained no TLDs. Enable debug logging for this logger for a complete list of JARs that were scanned but no TLDs were found in them. Skipping unneeded JARs during scanning can improve startup time and JSP compilation time.
30-Nov-2024 23:32:48.059 INFO [main] org.apache.catalina.startup.HostConfig.deployWAR Deployment of web application archive [/usr/local/tomcat/webapps/Valimar.war] has finished in [31,275] ms
30-Nov-2024 23:32:48.077 INFO [main] org.apache.coyote.AbstractProtocol.start Starting ProtocolHandler ["http-nio-8080"]
30-Nov-2024 23:32:48.101 INFO [main] org.apache.catalina.startup.Catalina.start Server startup in [37335] milliseconds
30-Nov-2024 23:36:01.145 INFO [main] org.apache.catalina.startup.VersionLoggerListener.log Server version name:   Apache Tomcat/10.1.33
30-Nov-2024 23:36:01.151 INFO [main] org.apache.catalina.startup.VersionLoggerListener.log Server built:          Nov 7 2024 22:28:55 UTC
30-Nov-2024 23:36:01.151 INFO [main] org.apache.catalina.startup.VersionLoggerListener.log Server version number: 10.1.33.0
30-Nov-2024 23:36:01.152 INFO [main] org.apache.catalina.startup.VersionLoggerListener.log OS Name:               Linux
30-Nov-2024 23:36:01.152 INFO [main] org.apache.catalina.startup.VersionLoggerListener.log OS Version:            5.15.167.4-microsoft-standard-WSL2
30-Nov-2024 23:36:01.153 INFO [main] org.apache.catalina.startup.VersionLoggerListener.log Architecture:          amd64
30-Nov-2024 23:36:01.153 INFO [main] org.apache.catalina.startup.VersionLoggerListener.log Java Home:             /usr/lib/jvm/java-11-openjdk-amd64
30-Nov-2024 23:36:01.153 INFO [main] org.apache.catalina.startup.VersionLoggerListener.log JVM Version:           11.0.25+9-post-Debian-1deb11u1
30-Nov-2024 23:36:01.154 INFO [main] org.apache.catalina.startup.VersionLoggerListener.log JVM Vendor:            Debian
30-Nov-2024 23:36:01.154 INFO [main] org.apache.catalina.startup.VersionLoggerListener.log CATALINA_BASE:         /usr/local/tomcat
30-Nov-2024 23:36:01.155 INFO [main] org.apache.catalina.startup.VersionLoggerListener.log CATALINA_HOME:         /usr/local/tomcat
30-Nov-2024 23:36:01.170 INFO [main] org.apache.catalina.startup.VersionLoggerListener.log Command line argument: -Djava.util.logging.config.file=/usr/local/tomcat/conf/logging.properties
30-Nov-2024 23:36:01.171 INFO [main] org.apache.catalina.startup.VersionLoggerListener.log Command line argument: -Djava.util.logging.manager=org.apache.juli.ClassLoaderLogManager
30-Nov-2024 23:36:01.172 INFO [main] org.apache.catalina.startup.VersionLoggerListener.log Command line argument: -Djdk.tls.ephemeralDHKeySize=2048
30-Nov-2024 23:36:01.172 INFO [main] org.apache.catalina.startup.VersionLoggerListener.log Command line argument: -Djava.protocol.handler.pkgs=org.apache.catalina.webresources
30-Nov-2024 23:36:01.173 INFO [main] org.apache.catalina.startup.VersionLoggerListener.log Command line argument: -Dorg.apache.catalina.security.SecurityListener.UMASK=0027
30-Nov-2024 23:36:01.173 INFO [main] org.apache.catalina.startup.VersionLoggerListener.log Command line argument: --add-opens=java.base/java.lang=ALL-UNNAMED
30-Nov-2024 23:36:01.174 INFO [main] org.apache.catalina.startup.VersionLoggerListener.log Command line argument: --add-opens=java.base/java.io=ALL-UNNAMED
30-Nov-2024 23:36:01.174 INFO [main] org.apache.catalina.startup.VersionLoggerListener.log Command line argument: --add-opens=java.base/java.util=ALL-UNNAMED
30-Nov-2024 23:36:01.175 INFO [main] org.apache.catalina.startup.VersionLoggerListener.log Command line argument: --add-opens=java.base/java.util.concurrent=ALL-UNNAMED
30-Nov-2024 23:36:01.175 INFO [main] org.apache.catalina.startup.VersionLoggerListener.log Command line argument: --add-opens=java.rmi/sun.rmi.transport=ALL-UNNAMED
30-Nov-2024 23:36:01.176 INFO [main] org.apache.catalina.startup.VersionLoggerListener.log Command line argument: -Dcatalina.base=/usr/local/tomcat
30-Nov-2024 23:36:01.177 INFO [main] org.apache.catalina.startup.VersionLoggerListener.log Command line argument: -Dcatalina.home=/usr/local/tomcat
30-Nov-2024 23:36:01.177 INFO [main] org.apache.catalina.startup.VersionLoggerListener.log Command line argument: -Djava.io.tmpdir=/usr/local/tomcat/temp
30-Nov-2024 23:36:01.180 INFO [main] org.apache.catalina.core.AprLifecycleListener.lifecycleEvent The Apache Tomcat Native library which allows using OpenSSL was not found on the java.library.path: [/usr/java/packages/lib:/usr/lib/x86_64-linux-gnu/jni:/lib/x86_64-linux-gnu:/usr/lib/x86_64-linux-gnu:/usr/lib/jni:/lib:/usr/lib]
30-Nov-2024 23:36:01.643 INFO [main] org.apache.coyote.AbstractProtocol.init Initializing ProtocolHandler ["http-nio-8080"]
30-Nov-2024 23:36:01.678 INFO [main] org.apache.catalina.startup.Catalina.load Server initialization in [829] milliseconds
30-Nov-2024 23:36:01.765 INFO [main] org.apache.catalina.core.StandardService.startInternal Starting service [Catalina]
30-Nov-2024 23:36:01.766 INFO [main] org.apache.catalina.core.StandardEngine.startInternal Starting Servlet engine: [Apache Tomcat/10.1.33]
30-Nov-2024 23:36:01.839 INFO [main] org.apache.catalina.startup.HostConfig.deployWAR Deploying web application archive [/usr/local/tomcat/webapps/Ezellohar.war]
30-Nov-2024 23:36:40.222 WARNING [main] org.apache.catalina.startup.ContextConfig.validateSecurityRoles Security role name [concilio] used in an <auth-constraint> without being defined in a <security-role>
30-Nov-2024 23:36:40.223 WARNING [main] org.apache.catalina.startup.ContextConfig.validateSecurityRoles Security role name [elrond] used in an <auth-constraint> without being defined in a <security-role>
30-Nov-2024 23:36:40.224 WARNING [main] org.apache.catalina.startup.ContextConfig.validateSecurityRoles Security role name [tesoreria] used in an <auth-constraint> without being defined in a <security-role>
30-Nov-2024 23:36:40.225 WARNING [main] org.apache.catalina.startup.ContextConfig.validateSecurityRoles Security role name [mayordomo] used in an <auth-constraint> without being defined in a <security-role>
30-Nov-2024 23:36:40.226 WARNING [main] org.apache.catalina.startup.ContextConfig.validateSecurityRoles Security role name [actividades] used in an <auth-constraint> without being defined in a <security-role>
30-Nov-2024 23:36:40.227 WARNING [main] org.apache.catalina.startup.ContextConfig.validateSecurityRoles Security role name [redes] used in an <auth-constraint> without being defined in a <security-role>
30-Nov-2024 23:36:40.385 INFO [main] org.apache.jasper.servlet.TldScanner.scanJars At least one JAR was scanned for TLDs yet contained no TLDs. Enable debug logging for this logger for a complete list of JARs that were scanned but no TLDs were found in them. Skipping unneeded JARs during scanning can improve startup time and JSP compilation time.
30-Nov-2024 23:36:40.520 INFO [main] org.apache.catalina.startup.HostConfig.deployWAR Deployment of web application archive [/usr/local/tomcat/webapps/Ezellohar.war] has finished in [38,681] ms
30-Nov-2024 23:36:40.528 INFO [main] org.apache.catalina.startup.HostConfig.deployWAR Deploying web application archive [/usr/local/tomcat/webapps/Valimar.war]
30-Nov-2024 23:37:02.052 INFO [main] org.apache.jasper.servlet.TldScanner.scanJars At least one JAR was scanned for TLDs yet contained no TLDs. Enable debug logging for this logger for a complete list of JARs that were scanned but no TLDs were found in them. Skipping unneeded JARs during scanning can improve startup time and JSP compilation time.
30-Nov-2024 23:37:02.068 INFO [main] org.apache.catalina.startup.HostConfig.deployWAR Deployment of web application archive [/usr/local/tomcat/webapps/Valimar.war] has finished in [21,540] ms
30-Nov-2024 23:37:02.081 INFO [main] org.apache.coyote.AbstractProtocol.start Starting ProtocolHandler ["http-nio-8080"]
30-Nov-2024 23:37:02.105 INFO [main] org.apache.catalina.startup.Catalina.start Server startup in [60428] milliseconds
30-Nov-2024 23:45:53.178 INFO [main] org.apache.catalina.startup.VersionLoggerListener.log Server version name:   Apache Tomcat/10.1.33
30-Nov-2024 23:45:53.183 INFO [main] org.apache.catalina.startup.VersionLoggerListener.log Server built:          Nov 7 2024 22:28:55 UTC
30-Nov-2024 23:45:53.184 INFO [main] org.apache.catalina.startup.VersionLoggerListener.log Server version number: 10.1.33.0
30-Nov-2024 23:45:53.184 INFO [main] org.apache.catalina.startup.VersionLoggerListener.log OS Name:               Linux
30-Nov-2024 23:45:53.185 INFO [main] org.apache.catalina.startup.VersionLoggerListener.log OS Version:            5.15.167.4-microsoft-standard-WSL2
30-Nov-2024 23:45:53.185 INFO [main] org.apache.catalina.startup.VersionLoggerListener.log Architecture:          amd64
30-Nov-2024 23:45:53.185 INFO [main] org.apache.catalina.startup.VersionLoggerListener.log Java Home:             /usr/lib/jvm/java-11-openjdk-amd64
30-Nov-2024 23:45:53.186 INFO [main] org.apache.catalina.startup.VersionLoggerListener.log JVM Version:           11.0.25+9-post-Debian-1deb11u1
30-Nov-2024 23:45:53.186 INFO [main] org.apache.catalina.startup.VersionLoggerListener.log JVM Vendor:            Debian
30-Nov-2024 23:45:53.186 INFO [main] org.apache.catalina.startup.VersionLoggerListener.log CATALINA_BASE:         /usr/local/tomcat
30-Nov-2024 23:45:53.187 INFO [main] org.apache.catalina.startup.VersionLoggerListener.log CATALINA_HOME:         /usr/local/tomcat
30-Nov-2024 23:45:53.226 INFO [main] org.apache.catalina.startup.VersionLoggerListener.log Command line argument: -Djava.util.logging.config.file=/usr/local/tomcat/conf/logging.properties
30-Nov-2024 23:45:53.226 INFO [main] org.apache.catalina.startup.VersionLoggerListener.log Command line argument: -Djava.util.logging.manager=org.apache.juli.ClassLoaderLogManager
30-Nov-2024 23:45:53.227 INFO [main] org.apache.catalina.startup.VersionLoggerListener.log Command line argument: -Djdk.tls.ephemeralDHKeySize=2048
30-Nov-2024 23:45:53.227 INFO [main] org.apache.catalina.startup.VersionLoggerListener.log Command line argument: -Djava.protocol.handler.pkgs=org.apache.catalina.webresources
30-Nov-2024 23:45:53.228 INFO [main] org.apache.catalina.startup.VersionLoggerListener.log Command line argument: -Dorg.apache.catalina.security.SecurityListener.UMASK=0027
30-Nov-2024 23:45:53.228 INFO [main] org.apache.catalina.startup.VersionLoggerListener.log Command line argument: --add-opens=java.base/java.lang=ALL-UNNAMED
30-Nov-2024 23:45:53.229 INFO [main] org.apache.catalina.startup.VersionLoggerListener.log Command line argument: --add-opens=java.base/java.io=ALL-UNNAMED
30-Nov-2024 23:45:53.229 INFO [main] org.apache.catalina.startup.VersionLoggerListener.log Command line argument: --add-opens=java.base/java.util=ALL-UNNAMED
30-Nov-2024 23:45:53.230 INFO [main] org.apache.catalina.startup.VersionLoggerListener.log Command line argument: --add-opens=java.base/java.util.concurrent=ALL-UNNAMED
30-Nov-2024 23:45:53.230 INFO [main] org.apache.catalina.startup.VersionLoggerListener.log Command line argument: --add-opens=java.rmi/sun.rmi.transport=ALL-UNNAMED
30-Nov-2024 23:45:53.231 INFO [main] org.apache.catalina.startup.VersionLoggerListener.log Command line argument: -Dcatalina.base=/usr/local/tomcat
30-Nov-2024 23:45:53.231 INFO [main] org.apache.catalina.startup.VersionLoggerListener.log Command line argument: -Dcatalina.home=/usr/local/tomcat
30-Nov-2024 23:45:53.231 INFO [main] org.apache.catalina.startup.VersionLoggerListener.log Command line argument: -Djava.io.tmpdir=/usr/local/tomcat/temp
30-Nov-2024 23:45:53.234 INFO [main] org.apache.catalina.core.AprLifecycleListener.lifecycleEvent The Apache Tomcat Native library which allows using OpenSSL was not found on the java.library.path: [/usr/java/packages/lib:/usr/lib/x86_64-linux-gnu/jni:/lib/x86_64-linux-gnu:/usr/lib/x86_64-linux-gnu:/usr/lib/jni:/lib:/usr/lib]
30-Nov-2024 23:45:53.860 INFO [main] org.apache.coyote.AbstractProtocol.init Initializing ProtocolHandler ["http-nio-8080"]
30-Nov-2024 23:45:53.898 INFO [main] org.apache.catalina.startup.Catalina.load Server initialization in [1046] milliseconds
30-Nov-2024 23:45:53.963 INFO [main] org.apache.catalina.core.StandardService.startInternal Starting service [Catalina]
30-Nov-2024 23:45:53.964 INFO [main] org.apache.catalina.core.StandardEngine.startInternal Starting Servlet engine: [Apache Tomcat/10.1.33]
30-Nov-2024 23:45:54.000 INFO [main] org.apache.catalina.startup.HostConfig.deployWAR Deploying web application archive [/usr/local/tomcat/webapps/Ezellohar.war]
30-Nov-2024 23:45:54.036 INFO [main] org.apache.catalina.startup.ExpandWar.expand An expanded directory [/usr/local/tomcat/webapps/Ezellohar] was found with a last modified time that did not match the associated WAR. It will be deleted.
30-Nov-2024 23:46:36.199 WARNING [main] org.apache.catalina.startup.ContextConfig.validateSecurityRoles Security role name [concilio] used in an <auth-constraint> without being defined in a <security-role>
30-Nov-2024 23:46:36.200 WARNING [main] org.apache.catalina.startup.ContextConfig.validateSecurityRoles Security role name [elrond] used in an <auth-constraint> without being defined in a <security-role>
30-Nov-2024 23:46:36.201 WARNING [main] org.apache.catalina.startup.ContextConfig.validateSecurityRoles Security role name [tesoreria] used in an <auth-constraint> without being defined in a <security-role>
30-Nov-2024 23:46:36.201 WARNING [main] org.apache.catalina.startup.ContextConfig.validateSecurityRoles Security role name [mayordomo] used in an <auth-constraint> without being defined in a <security-role>
30-Nov-2024 23:46:36.202 WARNING [main] org.apache.catalina.startup.ContextConfig.validateSecurityRoles Security role name [actividades] used in an <auth-constraint> without being defined in a <security-role>
30-Nov-2024 23:46:36.202 WARNING [main] org.apache.catalina.startup.ContextConfig.validateSecurityRoles Security role name [redes] used in an <auth-constraint> without being defined in a <security-role>
30-Nov-2024 23:46:36.351 INFO [main] org.apache.jasper.servlet.TldScanner.scanJars At least one JAR was scanned for TLDs yet contained no TLDs. Enable debug logging for this logger for a complete list of JARs that were scanned but no TLDs were found in them. Skipping unneeded JARs during scanning can improve startup time and JSP compilation time.
30-Nov-2024 23:46:36.514 INFO [main] org.apache.catalina.startup.HostConfig.deployWAR Deployment of web application archive [/usr/local/tomcat/webapps/Ezellohar.war] has finished in [42,513] ms
30-Nov-2024 23:46:36.525 INFO [main] org.apache.catalina.startup.HostConfig.deployWAR Deploying web application archive [/usr/local/tomcat/webapps/Valimar.war]
30-Nov-2024 23:46:36.542 INFO [main] org.apache.catalina.startup.ExpandWar.expand An expanded directory [/usr/local/tomcat/webapps/Valimar] was found with a last modified time that did not match the associated WAR. It will be deleted.
30-Nov-2024 23:46:59.238 INFO [main] org.apache.jasper.servlet.TldScanner.scanJars At least one JAR was scanned for TLDs yet contained no TLDs. Enable debug logging for this logger for a complete list of JARs that were scanned but no TLDs were found in them. Skipping unneeded JARs during scanning can improve startup time and JSP compilation time.
30-Nov-2024 23:46:59.251 INFO [main] org.apache.catalina.startup.HostConfig.deployWAR Deployment of web application archive [/usr/local/tomcat/webapps/Valimar.war] has finished in [22,725] ms
30-Nov-2024 23:46:59.271 INFO [main] org.apache.coyote.AbstractProtocol.start Starting ProtocolHandler ["http-nio-8080"]
30-Nov-2024 23:46:59.303 INFO [main] org.apache.catalina.startup.Catalina.start Server startup in [65406] milliseconds
