02-Dec-2024 23:01:28.736 INFO [main] org.apache.catalina.startup.VersionLoggerListener.log Server version name:   Apache Tomcat/10.1.33
02-Dec-2024 23:01:28.743 INFO [main] org.apache.catalina.startup.VersionLoggerListener.log Server built:          Nov 7 2024 22:28:55 UTC
02-Dec-2024 23:01:28.744 INFO [main] org.apache.catalina.startup.VersionLoggerListener.log Server version number: 10.1.33.0
02-Dec-2024 23:01:28.745 INFO [main] org.apache.catalina.startup.VersionLoggerListener.log OS Name:               Linux
02-Dec-2024 23:01:28.745 INFO [main] org.apache.catalina.startup.VersionLoggerListener.log OS Version:            5.15.167.4-microsoft-standard-WSL2
02-Dec-2024 23:01:28.746 INFO [main] org.apache.catalina.startup.VersionLoggerListener.log Architecture:          amd64
02-Dec-2024 23:01:28.747 INFO [main] org.apache.catalina.startup.VersionLoggerListener.log Java Home:             /usr/lib/jvm/java-11-openjdk-amd64
02-Dec-2024 23:01:28.748 INFO [main] org.apache.catalina.startup.VersionLoggerListener.log JVM Version:           11.0.25+9-post-Debian-1deb11u1
02-Dec-2024 23:01:28.751 INFO [main] org.apache.catalina.startup.VersionLoggerListener.log JVM Vendor:            Debian
02-Dec-2024 23:01:28.751 INFO [main] org.apache.catalina.startup.VersionLoggerListener.log CATALINA_BASE:         /usr/local/tomcat
02-Dec-2024 23:01:28.752 INFO [main] org.apache.catalina.startup.VersionLoggerListener.log CATALINA_HOME:         /usr/local/tomcat
02-Dec-2024 23:01:28.771 INFO [main] org.apache.catalina.startup.VersionLoggerListener.log Command line argument: -Djava.util.logging.config.file=/usr/local/tomcat/conf/logging.properties
02-Dec-2024 23:01:28.772 INFO [main] org.apache.catalina.startup.VersionLoggerListener.log Command line argument: -Djava.util.logging.manager=org.apache.juli.ClassLoaderLogManager
02-Dec-2024 23:01:28.772 INFO [main] org.apache.catalina.startup.VersionLoggerListener.log Command line argument: -Djdk.tls.ephemeralDHKeySize=2048
02-Dec-2024 23:01:28.773 INFO [main] org.apache.catalina.startup.VersionLoggerListener.log Command line argument: -Djava.protocol.handler.pkgs=org.apache.catalina.webresources
02-Dec-2024 23:01:28.773 INFO [main] org.apache.catalina.startup.VersionLoggerListener.log Command line argument: -Dorg.apache.catalina.security.SecurityListener.UMASK=0027
02-Dec-2024 23:01:28.774 INFO [main] org.apache.catalina.startup.VersionLoggerListener.log Command line argument: --add-opens=java.base/java.lang=ALL-UNNAMED
02-Dec-2024 23:01:28.774 INFO [main] org.apache.catalina.startup.VersionLoggerListener.log Command line argument: --add-opens=java.base/java.io=ALL-UNNAMED
02-Dec-2024 23:01:28.774 INFO [main] org.apache.catalina.startup.VersionLoggerListener.log Command line argument: --add-opens=java.base/java.util=ALL-UNNAMED
02-Dec-2024 23:01:28.775 INFO [main] org.apache.catalina.startup.VersionLoggerListener.log Command line argument: --add-opens=java.base/java.util.concurrent=ALL-UNNAMED
02-Dec-2024 23:01:28.775 INFO [main] org.apache.catalina.startup.VersionLoggerListener.log Command line argument: --add-opens=java.rmi/sun.rmi.transport=ALL-UNNAMED
02-Dec-2024 23:01:28.776 INFO [main] org.apache.catalina.startup.VersionLoggerListener.log Command line argument: -Dcatalina.base=/usr/local/tomcat
02-Dec-2024 23:01:28.776 INFO [main] org.apache.catalina.startup.VersionLoggerListener.log Command line argument: -Dcatalina.home=/usr/local/tomcat
02-Dec-2024 23:01:28.776 INFO [main] org.apache.catalina.startup.VersionLoggerListener.log Command line argument: -Djava.io.tmpdir=/usr/local/tomcat/temp
02-Dec-2024 23:01:28.779 INFO [main] org.apache.catalina.core.AprLifecycleListener.lifecycleEvent The Apache Tomcat Native library which allows using OpenSSL was not found on the java.library.path: [/usr/java/packages/lib:/usr/lib/x86_64-linux-gnu/jni:/lib/x86_64-linux-gnu:/usr/lib/x86_64-linux-gnu:/usr/lib/jni:/lib:/usr/lib]
02-Dec-2024 23:01:29.163 INFO [main] org.apache.coyote.AbstractProtocol.init Initializing ProtocolHandler ["http-nio-8080"]
02-Dec-2024 23:01:29.196 INFO [main] org.apache.catalina.startup.Catalina.load Server initialization in [695] milliseconds
02-Dec-2024 23:01:29.262 INFO [main] org.apache.catalina.core.StandardService.startInternal Starting service [Catalina]
02-Dec-2024 23:01:29.262 INFO [main] org.apache.catalina.core.StandardEngine.startInternal Starting Servlet engine: [Apache Tomcat/10.1.33]
02-Dec-2024 23:01:29.331 INFO [main] org.apache.catalina.startup.HostConfig.deployWAR Deploying web application archive [/usr/local/tomcat/webapps/Ezellohar.war]
02-Dec-2024 23:01:29.383 INFO [main] org.apache.catalina.startup.ExpandWar.expand An expanded directory [/usr/local/tomcat/webapps/Ezellohar] was found with a last modified time that did not match the associated WAR. It will be deleted.
02-Dec-2024 23:02:05.986 WARNING [main] org.apache.catalina.startup.ContextConfig.validateSecurityRoles Security role name [actividades] used in an <auth-constraint> without being defined in a <security-role>
02-Dec-2024 23:02:05.987 WARNING [main] org.apache.catalina.startup.ContextConfig.validateSecurityRoles Security role name [concilio] used in an <auth-constraint> without being defined in a <security-role>
02-Dec-2024 23:02:05.987 WARNING [main] org.apache.catalina.startup.ContextConfig.validateSecurityRoles Security role name [elrond] used in an <auth-constraint> without being defined in a <security-role>
02-Dec-2024 23:02:05.988 WARNING [main] org.apache.catalina.startup.ContextConfig.validateSecurityRoles Security role name [tesoreria] used in an <auth-constraint> without being defined in a <security-role>
02-Dec-2024 23:02:05.988 WARNING [main] org.apache.catalina.startup.ContextConfig.validateSecurityRoles Security role name [mayordomo] used in an <auth-constraint> without being defined in a <security-role>
02-Dec-2024 23:02:05.988 WARNING [main] org.apache.catalina.startup.ContextConfig.validateSecurityRoles Security role name [redes] used in an <auth-constraint> without being defined in a <security-role>
02-Dec-2024 23:02:06.098 INFO [main] org.apache.jasper.servlet.TldScanner.scanJars At least one JAR was scanned for TLDs yet contained no TLDs. Enable debug logging for this logger for a complete list of JARs that were scanned but no TLDs were found in them. Skipping unneeded JARs during scanning can improve startup time and JSP compilation time.
02-Dec-2024 23:02:06.305 INFO [main] org.apache.catalina.startup.HostConfig.deployWAR Deployment of web application archive [/usr/local/tomcat/webapps/Ezellohar.war] has finished in [36,975] ms
02-Dec-2024 23:02:06.339 INFO [main] org.apache.catalina.startup.HostConfig.deployWAR Deploying web application archive [/usr/local/tomcat/webapps/Valimar.war]
02-Dec-2024 23:02:06.356 INFO [main] org.apache.catalina.startup.ExpandWar.expand An expanded directory [/usr/local/tomcat/webapps/Valimar] was found with a last modified time that did not match the associated WAR. It will be deleted.
02-Dec-2024 23:02:25.908 INFO [main] org.apache.jasper.servlet.TldScanner.scanJars At least one JAR was scanned for TLDs yet contained no TLDs. Enable debug logging for this logger for a complete list of JARs that were scanned but no TLDs were found in them. Skipping unneeded JARs during scanning can improve startup time and JSP compilation time.
02-Dec-2024 23:02:25.922 INFO [main] org.apache.catalina.startup.HostConfig.deployWAR Deployment of web application archive [/usr/local/tomcat/webapps/Valimar.war] has finished in [19,583] ms
02-Dec-2024 23:02:25.932 INFO [main] org.apache.coyote.AbstractProtocol.start Starting ProtocolHandler ["http-nio-8080"]
02-Dec-2024 23:02:25.942 INFO [main] org.apache.catalina.startup.Catalina.start Server startup in [56748] milliseconds
02-Dec-2024 23:12:57.397 INFO [Catalina-utility-2] org.apache.catalina.startup.HostConfig.deployDirectory Deploying web application directory [/usr/local/tomcat/webapps/ROOT]
02-Dec-2024 23:13:01.666 INFO [Catalina-utility-2] org.apache.jasper.servlet.TldScanner.scanJars At least one JAR was scanned for TLDs yet contained no TLDs. Enable debug logging for this logger for a complete list of JARs that were scanned but no TLDs were found in them. Skipping unneeded JARs during scanning can improve startup time and JSP compilation time.
02-Dec-2024 23:13:01.681 INFO [Catalina-utility-2] org.apache.catalina.startup.HostConfig.deployDirectory Deployment of web application directory [/usr/local/tomcat/webapps/ROOT] has finished in [4,284] ms
02-Dec-2024 23:20:42.209 INFO [main] org.apache.catalina.startup.VersionLoggerListener.log Server version name:   Apache Tomcat/10.1.33
02-Dec-2024 23:20:42.214 INFO [main] org.apache.catalina.startup.VersionLoggerListener.log Server built:          Nov 7 2024 22:28:55 UTC
02-Dec-2024 23:20:42.214 INFO [main] org.apache.catalina.startup.VersionLoggerListener.log Server version number: 10.1.33.0
02-Dec-2024 23:20:42.215 INFO [main] org.apache.catalina.startup.VersionLoggerListener.log OS Name:               Linux
02-Dec-2024 23:20:42.216 INFO [main] org.apache.catalina.startup.VersionLoggerListener.log OS Version:            5.15.167.4-microsoft-standard-WSL2
02-Dec-2024 23:20:42.216 INFO [main] org.apache.catalina.startup.VersionLoggerListener.log Architecture:          amd64
02-Dec-2024 23:20:42.217 INFO [main] org.apache.catalina.startup.VersionLoggerListener.log Java Home:             /usr/lib/jvm/java-11-openjdk-amd64
02-Dec-2024 23:20:42.217 INFO [main] org.apache.catalina.startup.VersionLoggerListener.log JVM Version:           11.0.25+9-post-Debian-1deb11u1
02-Dec-2024 23:20:42.218 INFO [main] org.apache.catalina.startup.VersionLoggerListener.log JVM Vendor:            Debian
02-Dec-2024 23:20:42.218 INFO [main] org.apache.catalina.startup.VersionLoggerListener.log CATALINA_BASE:         /usr/local/tomcat
02-Dec-2024 23:20:42.219 INFO [main] org.apache.catalina.startup.VersionLoggerListener.log CATALINA_HOME:         /usr/local/tomcat
02-Dec-2024 23:20:42.245 INFO [main] org.apache.catalina.startup.VersionLoggerListener.log Command line argument: -Djava.util.logging.config.file=/usr/local/tomcat/conf/logging.properties
02-Dec-2024 23:20:42.246 INFO [main] org.apache.catalina.startup.VersionLoggerListener.log Command line argument: -Djava.util.logging.manager=org.apache.juli.ClassLoaderLogManager
02-Dec-2024 23:20:42.246 INFO [main] org.apache.catalina.startup.VersionLoggerListener.log Command line argument: -Djdk.tls.ephemeralDHKeySize=2048
02-Dec-2024 23:20:42.246 INFO [main] org.apache.catalina.startup.VersionLoggerListener.log Command line argument: -Djava.protocol.handler.pkgs=org.apache.catalina.webresources
02-Dec-2024 23:20:42.247 INFO [main] org.apache.catalina.startup.VersionLoggerListener.log Command line argument: -Dorg.apache.catalina.security.SecurityListener.UMASK=0027
02-Dec-2024 23:20:42.247 INFO [main] org.apache.catalina.startup.VersionLoggerListener.log Command line argument: --add-opens=java.base/java.lang=ALL-UNNAMED
02-Dec-2024 23:20:42.248 INFO [main] org.apache.catalina.startup.VersionLoggerListener.log Command line argument: --add-opens=java.base/java.io=ALL-UNNAMED
02-Dec-2024 23:20:42.248 INFO [main] org.apache.catalina.startup.VersionLoggerListener.log Command line argument: --add-opens=java.base/java.util=ALL-UNNAMED
02-Dec-2024 23:20:42.249 INFO [main] org.apache.catalina.startup.VersionLoggerListener.log Command line argument: --add-opens=java.base/java.util.concurrent=ALL-UNNAMED
02-Dec-2024 23:20:42.249 INFO [main] org.apache.catalina.startup.VersionLoggerListener.log Command line argument: --add-opens=java.rmi/sun.rmi.transport=ALL-UNNAMED
02-Dec-2024 23:20:42.249 INFO [main] org.apache.catalina.startup.VersionLoggerListener.log Command line argument: -Dcatalina.base=/usr/local/tomcat
02-Dec-2024 23:20:42.250 INFO [main] org.apache.catalina.startup.VersionLoggerListener.log Command line argument: -Dcatalina.home=/usr/local/tomcat
02-Dec-2024 23:20:42.250 INFO [main] org.apache.catalina.startup.VersionLoggerListener.log Command line argument: -Djava.io.tmpdir=/usr/local/tomcat/temp
02-Dec-2024 23:20:42.252 INFO [main] org.apache.catalina.core.AprLifecycleListener.lifecycleEvent The Apache Tomcat Native library which allows using OpenSSL was not found on the java.library.path: [/usr/java/packages/lib:/usr/lib/x86_64-linux-gnu/jni:/lib/x86_64-linux-gnu:/usr/lib/x86_64-linux-gnu:/usr/lib/jni:/lib:/usr/lib]
02-Dec-2024 23:20:42.742 INFO [main] org.apache.coyote.AbstractProtocol.init Initializing ProtocolHandler ["http-nio-8080"]
02-Dec-2024 23:20:42.835 INFO [main] org.apache.catalina.startup.Catalina.load Server initialization in [977] milliseconds
02-Dec-2024 23:20:42.908 INFO [main] org.apache.catalina.core.StandardService.startInternal Starting service [Catalina]
02-Dec-2024 23:20:42.909 INFO [main] org.apache.catalina.core.StandardEngine.startInternal Starting Servlet engine: [Apache Tomcat/10.1.33]
02-Dec-2024 23:20:42.946 INFO [main] org.apache.catalina.startup.HostConfig.deployWAR Deploying web application archive [/usr/local/tomcat/webapps/Ezellohar.war]
02-Dec-2024 23:20:42.982 INFO [main] org.apache.catalina.startup.ExpandWar.expand An expanded directory [/usr/local/tomcat/webapps/Ezellohar] was found with a last modified time that did not match the associated WAR. It will be deleted.
02-Dec-2024 23:21:18.695 WARNING [main] org.apache.catalina.startup.ContextConfig.validateSecurityRoles Security role name [redes] used in an <auth-constraint> without being defined in a <security-role>
02-Dec-2024 23:21:18.696 WARNING [main] org.apache.catalina.startup.ContextConfig.validateSecurityRoles Security role name [concilio] used in an <auth-constraint> without being defined in a <security-role>
02-Dec-2024 23:21:18.697 WARNING [main] org.apache.catalina.startup.ContextConfig.validateSecurityRoles Security role name [elrond] used in an <auth-constraint> without being defined in a <security-role>
02-Dec-2024 23:21:18.697 WARNING [main] org.apache.catalina.startup.ContextConfig.validateSecurityRoles Security role name [mayordomo] used in an <auth-constraint> without being defined in a <security-role>
02-Dec-2024 23:21:18.697 WARNING [main] org.apache.catalina.startup.ContextConfig.validateSecurityRoles Security role name [tesoreria] used in an <auth-constraint> without being defined in a <security-role>
02-Dec-2024 23:21:18.698 WARNING [main] org.apache.catalina.startup.ContextConfig.validateSecurityRoles Security role name [actividades] used in an <auth-constraint> without being defined in a <security-role>
02-Dec-2024 23:21:18.836 INFO [main] org.apache.jasper.servlet.TldScanner.scanJars At least one JAR was scanned for TLDs yet contained no TLDs. Enable debug logging for this logger for a complete list of JARs that were scanned but no TLDs were found in them. Skipping unneeded JARs during scanning can improve startup time and JSP compilation time.
02-Dec-2024 23:21:19.001 INFO [main] org.apache.catalina.startup.HostConfig.deployWAR Deployment of web application archive [/usr/local/tomcat/webapps/Ezellohar.war] has finished in [36,054] ms
02-Dec-2024 23:21:19.012 INFO [main] org.apache.catalina.startup.HostConfig.deployWAR Deploying web application archive [/usr/local/tomcat/webapps/Valimar.war]
02-Dec-2024 23:21:19.030 INFO [main] org.apache.catalina.startup.ExpandWar.expand An expanded directory [/usr/local/tomcat/webapps/Valimar] was found with a last modified time that did not match the associated WAR. It will be deleted.
02-Dec-2024 23:21:37.833 INFO [main] org.apache.jasper.servlet.TldScanner.scanJars At least one JAR was scanned for TLDs yet contained no TLDs. Enable debug logging for this logger for a complete list of JARs that were scanned but no TLDs were found in them. Skipping unneeded JARs during scanning can improve startup time and JSP compilation time.
02-Dec-2024 23:21:37.844 INFO [main] org.apache.catalina.startup.HostConfig.deployWAR Deployment of web application archive [/usr/local/tomcat/webapps/Valimar.war] has finished in [18,832] ms
02-Dec-2024 23:21:37.846 INFO [main] org.apache.catalina.startup.HostConfig.deployDirectory Deploying web application directory [/usr/local/tomcat/webapps/ROOT]
02-Dec-2024 23:21:42.097 INFO [main] org.apache.jasper.servlet.TldScanner.scanJars At least one JAR was scanned for TLDs yet contained no TLDs. Enable debug logging for this logger for a complete list of JARs that were scanned but no TLDs were found in them. Skipping unneeded JARs during scanning can improve startup time and JSP compilation time.
02-Dec-2024 23:21:42.112 INFO [main] org.apache.catalina.startup.HostConfig.deployDirectory Deployment of web application directory [/usr/local/tomcat/webapps/ROOT] has finished in [4,266] ms
02-Dec-2024 23:21:42.121 INFO [main] org.apache.coyote.AbstractProtocol.start Starting ProtocolHandler ["http-nio-8080"]
02-Dec-2024 23:21:42.132 INFO [main] org.apache.catalina.startup.Catalina.start Server startup in [59299] milliseconds
02-Dec-2024 23:26:12.901 INFO [Catalina-utility-1] org.apache.catalina.startup.HostConfig.undeploy Undeploying context [/Valimar]
02-Dec-2024 23:26:13.090 WARNING [Catalina-utility-1] org.apache.catalina.loader.WebappClassLoaderBase.clearReferencesThreads The web application [Valimar] appears to have started a thread named [mysql-cj-abandoned-connection-cleanup] but has failed to stop it. This is very likely to create a memory leak. Stack trace of thread:
 java.base@11.0.25/java.io.UnixFileSystem.getBooleanAttributes0(Native Method)
 java.base@11.0.25/java.io.UnixFileSystem.getBooleanAttributes(UnixFileSystem.java:253)
 java.base@11.0.25/java.io.File.isFile(File.java:894)
 org.apache.catalina.webresources.AbstractFileResourceSet.file(AbstractFileResourceSet.java:69)
 org.apache.catalina.webresources.DirResourceSet.getResource(DirResourceSet.java:112)
 org.apache.catalina.webresources.StandardRoot.getResourceInternal(StandardRoot.java:272)
 org.apache.catalina.webresources.CachedResource.validateResource(CachedResource.java:106)
 org.apache.catalina.webresources.Cache.getResource(Cache.java:96)
 org.apache.catalina.webresources.StandardRoot.getResource(StandardRoot.java:211)
 org.apache.catalina.webresources.StandardRoot.getClassLoaderResource(StandardRoot.java:220)
 org.apache.catalina.loader.WebappClassLoaderBase.findResource(WebappClassLoaderBase.java:882)
 org.apache.catalina.loader.WebappClassLoaderBase.getResource(WebappClassLoaderBase.java:996)
 com.mysql.cj.jdbc.AbandonedConnectionCleanupThread.checkThreadContextClassLoader(AbandonedConnectionCleanupThread.java:123)
 com.mysql.cj.jdbc.AbandonedConnectionCleanupThread.run(AbandonedConnectionCleanupThread.java:90)
 java.base@11.0.25/java.util.concurrent.ThreadPoolExecutor.runWorker(ThreadPoolExecutor.java:1128)
 java.base@11.0.25/java.util.concurrent.ThreadPoolExecutor$Worker.run(ThreadPoolExecutor.java:628)
 java.base@11.0.25/java.lang.Thread.run(Thread.java:829)
02-Dec-2024 23:26:14.247 INFO [Catalina-utility-1] org.apache.catalina.startup.HostConfig.deployWAR Deploying web application archive [/usr/local/tomcat/webapps/Valimar.war]
02-Dec-2024 23:26:18.099 INFO [mysql-cj-abandoned-connection-cleanup] org.apache.catalina.loader.WebappClassLoaderBase.checkStateForResourceLoading Illegal access: this web application instance has been stopped already. Could not load []. The following stack trace is thrown for debugging purposes as well as to attempt to terminate the thread which caused the illegal access.
	java.lang.IllegalStateException: Illegal access: this web application instance has been stopped already. Could not load []. The following stack trace is thrown for debugging purposes as well as to attempt to terminate the thread which caused the illegal access.
		at org.apache.catalina.loader.WebappClassLoaderBase.checkStateForResourceLoading(WebappClassLoaderBase.java:1384)
		at org.apache.catalina.loader.WebappClassLoaderBase.getResource(WebappClassLoaderBase.java:975)
		at com.mysql.cj.jdbc.AbandonedConnectionCleanupThread.checkThreadContextClassLoader(AbandonedConnectionCleanupThread.java:123)
		at com.mysql.cj.jdbc.AbandonedConnectionCleanupThread.run(AbandonedConnectionCleanupThread.java:90)
		at java.base/java.util.concurrent.ThreadPoolExecutor.runWorker(ThreadPoolExecutor.java:1128)
		at java.base/java.util.concurrent.ThreadPoolExecutor$Worker.run(ThreadPoolExecutor.java:628)
		at java.base/java.lang.Thread.run(Thread.java:829)
02-Dec-2024 23:26:24.040 INFO [main] org.apache.catalina.startup.VersionLoggerListener.log Server version name:   Apache Tomcat/10.1.33
02-Dec-2024 23:26:24.044 INFO [main] org.apache.catalina.startup.VersionLoggerListener.log Server built:          Nov 7 2024 22:28:55 UTC
02-Dec-2024 23:26:24.044 INFO [main] org.apache.catalina.startup.VersionLoggerListener.log Server version number: 10.1.33.0
02-Dec-2024 23:26:24.045 INFO [main] org.apache.catalina.startup.VersionLoggerListener.log OS Name:               Linux
02-Dec-2024 23:26:24.045 INFO [main] org.apache.catalina.startup.VersionLoggerListener.log OS Version:            5.15.167.4-microsoft-standard-WSL2
02-Dec-2024 23:26:24.046 INFO [main] org.apache.catalina.startup.VersionLoggerListener.log Architecture:          amd64
02-Dec-2024 23:26:24.046 INFO [main] org.apache.catalina.startup.VersionLoggerListener.log Java Home:             /usr/lib/jvm/java-11-openjdk-amd64
02-Dec-2024 23:26:24.046 INFO [main] org.apache.catalina.startup.VersionLoggerListener.log JVM Version:           11.0.25+9-post-Debian-1deb11u1
02-Dec-2024 23:26:24.047 INFO [main] org.apache.catalina.startup.VersionLoggerListener.log JVM Vendor:            Debian
02-Dec-2024 23:26:24.047 INFO [main] org.apache.catalina.startup.VersionLoggerListener.log CATALINA_BASE:         /usr/local/tomcat
02-Dec-2024 23:26:24.047 INFO [main] org.apache.catalina.startup.VersionLoggerListener.log CATALINA_HOME:         /usr/local/tomcat
02-Dec-2024 23:26:24.071 INFO [main] org.apache.catalina.startup.VersionLoggerListener.log Command line argument: -Djava.util.logging.config.file=/usr/local/tomcat/conf/logging.properties
02-Dec-2024 23:26:24.072 INFO [main] org.apache.catalina.startup.VersionLoggerListener.log Command line argument: -Djava.util.logging.manager=org.apache.juli.ClassLoaderLogManager
02-Dec-2024 23:26:24.072 INFO [main] org.apache.catalina.startup.VersionLoggerListener.log Command line argument: -Djdk.tls.ephemeralDHKeySize=2048
02-Dec-2024 23:26:24.073 INFO [main] org.apache.catalina.startup.VersionLoggerListener.log Command line argument: -Djava.protocol.handler.pkgs=org.apache.catalina.webresources
02-Dec-2024 23:26:24.073 INFO [main] org.apache.catalina.startup.VersionLoggerListener.log Command line argument: -Dorg.apache.catalina.security.SecurityListener.UMASK=0027
02-Dec-2024 23:26:24.073 INFO [main] org.apache.catalina.startup.VersionLoggerListener.log Command line argument: --add-opens=java.base/java.lang=ALL-UNNAMED
02-Dec-2024 23:26:24.074 INFO [main] org.apache.catalina.startup.VersionLoggerListener.log Command line argument: --add-opens=java.base/java.io=ALL-UNNAMED
02-Dec-2024 23:26:24.074 INFO [main] org.apache.catalina.startup.VersionLoggerListener.log Command line argument: --add-opens=java.base/java.util=ALL-UNNAMED
02-Dec-2024 23:26:24.074 INFO [main] org.apache.catalina.startup.VersionLoggerListener.log Command line argument: --add-opens=java.base/java.util.concurrent=ALL-UNNAMED
02-Dec-2024 23:26:24.075 INFO [main] org.apache.catalina.startup.VersionLoggerListener.log Command line argument: --add-opens=java.rmi/sun.rmi.transport=ALL-UNNAMED
02-Dec-2024 23:26:24.075 INFO [main] org.apache.catalina.startup.VersionLoggerListener.log Command line argument: -Dcatalina.base=/usr/local/tomcat
02-Dec-2024 23:26:24.076 INFO [main] org.apache.catalina.startup.VersionLoggerListener.log Command line argument: -Dcatalina.home=/usr/local/tomcat
02-Dec-2024 23:26:24.076 INFO [main] org.apache.catalina.startup.VersionLoggerListener.log Command line argument: -Djava.io.tmpdir=/usr/local/tomcat/temp
02-Dec-2024 23:26:24.078 INFO [main] org.apache.catalina.core.AprLifecycleListener.lifecycleEvent The Apache Tomcat Native library which allows using OpenSSL was not found on the java.library.path: [/usr/java/packages/lib:/usr/lib/x86_64-linux-gnu/jni:/lib/x86_64-linux-gnu:/usr/lib/x86_64-linux-gnu:/usr/lib/jni:/lib:/usr/lib]
02-Dec-2024 23:26:24.447 INFO [main] org.apache.coyote.AbstractProtocol.init Initializing ProtocolHandler ["http-nio-8080"]
02-Dec-2024 23:26:24.481 INFO [main] org.apache.catalina.startup.Catalina.load Server initialization in [762] milliseconds
02-Dec-2024 23:26:24.543 INFO [main] org.apache.catalina.core.StandardService.startInternal Starting service [Catalina]
02-Dec-2024 23:26:24.544 INFO [main] org.apache.catalina.core.StandardEngine.startInternal Starting Servlet engine: [Apache Tomcat/10.1.33]
02-Dec-2024 23:26:24.575 INFO [main] org.apache.catalina.startup.HostConfig.deployWAR Deploying web application archive [/usr/local/tomcat/webapps/Ezellohar.war]
02-Dec-2024 23:26:24.614 INFO [main] org.apache.catalina.startup.ExpandWar.expand An expanded directory [/usr/local/tomcat/webapps/Ezellohar] was found with a last modified time that did not match the associated WAR. It will be deleted.
02-Dec-2024 23:26:57.295 WARNING [main] org.apache.catalina.startup.ContextConfig.validateSecurityRoles Security role name [concilio] used in an <auth-constraint> without being defined in a <security-role>
02-Dec-2024 23:26:57.296 WARNING [main] org.apache.catalina.startup.ContextConfig.validateSecurityRoles Security role name [elrond] used in an <auth-constraint> without being defined in a <security-role>
02-Dec-2024 23:26:57.296 WARNING [main] org.apache.catalina.startup.ContextConfig.validateSecurityRoles Security role name [mayordomo] used in an <auth-constraint> without being defined in a <security-role>
02-Dec-2024 23:26:57.296 WARNING [main] org.apache.catalina.startup.ContextConfig.validateSecurityRoles Security role name [tesoreria] used in an <auth-constraint> without being defined in a <security-role>
02-Dec-2024 23:26:57.297 WARNING [main] org.apache.catalina.startup.ContextConfig.validateSecurityRoles Security role name [actividades] used in an <auth-constraint> without being defined in a <security-role>
02-Dec-2024 23:26:57.297 WARNING [main] org.apache.catalina.startup.ContextConfig.validateSecurityRoles Security role name [redes] used in an <auth-constraint> without being defined in a <security-role>
02-Dec-2024 23:26:57.434 INFO [main] org.apache.jasper.servlet.TldScanner.scanJars At least one JAR was scanned for TLDs yet contained no TLDs. Enable debug logging for this logger for a complete list of JARs that were scanned but no TLDs were found in them. Skipping unneeded JARs during scanning can improve startup time and JSP compilation time.
02-Dec-2024 23:26:57.594 INFO [main] org.apache.catalina.startup.HostConfig.deployWAR Deployment of web application archive [/usr/local/tomcat/webapps/Ezellohar.war] has finished in [33,018] ms
02-Dec-2024 23:26:57.603 INFO [main] org.apache.catalina.startup.HostConfig.deployWAR Deploying web application archive [/usr/local/tomcat/webapps/Valimar.war]
02-Dec-2024 23:27:09.462 INFO [main] org.apache.jasper.servlet.TldScanner.scanJars At least one JAR was scanned for TLDs yet contained no TLDs. Enable debug logging for this logger for a complete list of JARs that were scanned but no TLDs were found in them. Skipping unneeded JARs during scanning can improve startup time and JSP compilation time.
02-Dec-2024 23:27:09.473 INFO [main] org.apache.catalina.startup.HostConfig.deployWAR Deployment of web application archive [/usr/local/tomcat/webapps/Valimar.war] has finished in [11,870] ms
02-Dec-2024 23:27:09.476 INFO [main] org.apache.catalina.startup.HostConfig.deployDirectory Deploying web application directory [/usr/local/tomcat/webapps/ROOT]
02-Dec-2024 23:27:13.093 INFO [main] org.apache.jasper.servlet.TldScanner.scanJars At least one JAR was scanned for TLDs yet contained no TLDs. Enable debug logging for this logger for a complete list of JARs that were scanned but no TLDs were found in them. Skipping unneeded JARs during scanning can improve startup time and JSP compilation time.
02-Dec-2024 23:27:13.107 INFO [main] org.apache.catalina.startup.HostConfig.deployDirectory Deployment of web application directory [/usr/local/tomcat/webapps/ROOT] has finished in [3,631] ms
02-Dec-2024 23:27:13.117 INFO [main] org.apache.coyote.AbstractProtocol.start Starting ProtocolHandler ["http-nio-8080"]
02-Dec-2024 23:27:13.128 INFO [main] org.apache.catalina.startup.Catalina.start Server startup in [48649] milliseconds
02-Dec-2024 23:28:43.480 INFO [Catalina-utility-2] org.apache.catalina.startup.HostConfig.undeploy Undeploying context [/Valimar]
02-Dec-2024 23:28:43.739 WARNING [Catalina-utility-2] org.apache.catalina.loader.WebappClassLoaderBase.clearReferencesThreads The web application [Valimar] appears to have started a thread named [mysql-cj-abandoned-connection-cleanup] but has failed to stop it. This is very likely to create a memory leak. Stack trace of thread:
 java.base@11.0.25/java.io.UnixFileSystem.canonicalize0(Native Method)
 java.base@11.0.25/java.io.UnixFileSystem.canonicalize(UnixFileSystem.java:183)
 java.base@11.0.25/java.io.File.getCanonicalPath(File.java:626)
 org.apache.catalina.webresources.AbstractFileResourceSet.file(AbstractFileResourceSet.java:94)
 org.apache.catalina.webresources.DirResourceSet.getResource(DirResourceSet.java:112)
 org.apache.catalina.webresources.StandardRoot.getResourceInternal(StandardRoot.java:272)
 org.apache.catalina.webresources.CachedResource.validateResource(CachedResource.java:106)
 org.apache.catalina.webresources.Cache.getResource(Cache.java:96)
 org.apache.catalina.webresources.StandardRoot.getResource(StandardRoot.java:211)
 org.apache.catalina.webresources.StandardRoot.getClassLoaderResource(StandardRoot.java:220)
 org.apache.catalina.loader.WebappClassLoaderBase.findResource(WebappClassLoaderBase.java:882)
 org.apache.catalina.loader.WebappClassLoaderBase.getResource(WebappClassLoaderBase.java:996)
 com.mysql.cj.jdbc.AbandonedConnectionCleanupThread.checkThreadContextClassLoader(AbandonedConnectionCleanupThread.java:123)
 com.mysql.cj.jdbc.AbandonedConnectionCleanupThread.run(AbandonedConnectionCleanupThread.java:90)
 java.base@11.0.25/java.util.concurrent.ThreadPoolExecutor.runWorker(ThreadPoolExecutor.java:1128)
 java.base@11.0.25/java.util.concurrent.ThreadPoolExecutor$Worker.run(ThreadPoolExecutor.java:628)
 java.base@11.0.25/java.lang.Thread.run(Thread.java:829)
02-Dec-2024 23:28:44.794 INFO [Catalina-utility-2] org.apache.catalina.startup.HostConfig.deployWAR Deploying web application archive [/usr/local/tomcat/webapps/Valimar.war]
02-Dec-2024 23:28:48.748 INFO [mysql-cj-abandoned-connection-cleanup] org.apache.catalina.loader.WebappClassLoaderBase.checkStateForResourceLoading Illegal access: this web application instance has been stopped already. Could not load []. The following stack trace is thrown for debugging purposes as well as to attempt to terminate the thread which caused the illegal access.
	java.lang.IllegalStateException: Illegal access: this web application instance has been stopped already. Could not load []. The following stack trace is thrown for debugging purposes as well as to attempt to terminate the thread which caused the illegal access.
		at org.apache.catalina.loader.WebappClassLoaderBase.checkStateForResourceLoading(WebappClassLoaderBase.java:1384)
		at org.apache.catalina.loader.WebappClassLoaderBase.getResource(WebappClassLoaderBase.java:975)
		at com.mysql.cj.jdbc.AbandonedConnectionCleanupThread.checkThreadContextClassLoader(AbandonedConnectionCleanupThread.java:123)
		at com.mysql.cj.jdbc.AbandonedConnectionCleanupThread.run(AbandonedConnectionCleanupThread.java:90)
		at java.base/java.util.concurrent.ThreadPoolExecutor.runWorker(ThreadPoolExecutor.java:1128)
		at java.base/java.util.concurrent.ThreadPoolExecutor$Worker.run(ThreadPoolExecutor.java:628)
		at java.base/java.lang.Thread.run(Thread.java:829)
02-Dec-2024 23:28:56.312 INFO [main] org.apache.catalina.startup.VersionLoggerListener.log Server version name:   Apache Tomcat/10.1.33
02-Dec-2024 23:28:56.316 INFO [main] org.apache.catalina.startup.VersionLoggerListener.log Server built:          Nov 7 2024 22:28:55 UTC
02-Dec-2024 23:28:56.317 INFO [main] org.apache.catalina.startup.VersionLoggerListener.log Server version number: 10.1.33.0
02-Dec-2024 23:28:56.317 INFO [main] org.apache.catalina.startup.VersionLoggerListener.log OS Name:               Linux
02-Dec-2024 23:28:56.317 INFO [main] org.apache.catalina.startup.VersionLoggerListener.log OS Version:            5.15.167.4-microsoft-standard-WSL2
02-Dec-2024 23:28:56.318 INFO [main] org.apache.catalina.startup.VersionLoggerListener.log Architecture:          amd64
02-Dec-2024 23:28:56.318 INFO [main] org.apache.catalina.startup.VersionLoggerListener.log Java Home:             /usr/lib/jvm/java-11-openjdk-amd64
02-Dec-2024 23:28:56.319 INFO [main] org.apache.catalina.startup.VersionLoggerListener.log JVM Version:           11.0.25+9-post-Debian-1deb11u1
02-Dec-2024 23:28:56.319 INFO [main] org.apache.catalina.startup.VersionLoggerListener.log JVM Vendor:            Debian
02-Dec-2024 23:28:56.319 INFO [main] org.apache.catalina.startup.VersionLoggerListener.log CATALINA_BASE:         /usr/local/tomcat
02-Dec-2024 23:28:56.320 INFO [main] org.apache.catalina.startup.VersionLoggerListener.log CATALINA_HOME:         /usr/local/tomcat
02-Dec-2024 23:28:56.342 INFO [main] org.apache.catalina.startup.VersionLoggerListener.log Command line argument: -Djava.util.logging.config.file=/usr/local/tomcat/conf/logging.properties
02-Dec-2024 23:28:56.343 INFO [main] org.apache.catalina.startup.VersionLoggerListener.log Command line argument: -Djava.util.logging.manager=org.apache.juli.ClassLoaderLogManager
02-Dec-2024 23:28:56.344 INFO [main] org.apache.catalina.startup.VersionLoggerListener.log Command line argument: -Djdk.tls.ephemeralDHKeySize=2048
02-Dec-2024 23:28:56.344 INFO [main] org.apache.catalina.startup.VersionLoggerListener.log Command line argument: -Djava.protocol.handler.pkgs=org.apache.catalina.webresources
02-Dec-2024 23:28:56.344 INFO [main] org.apache.catalina.startup.VersionLoggerListener.log Command line argument: -Dorg.apache.catalina.security.SecurityListener.UMASK=0027
02-Dec-2024 23:28:56.345 INFO [main] org.apache.catalina.startup.VersionLoggerListener.log Command line argument: --add-opens=java.base/java.lang=ALL-UNNAMED
02-Dec-2024 23:28:56.345 INFO [main] org.apache.catalina.startup.VersionLoggerListener.log Command line argument: --add-opens=java.base/java.io=ALL-UNNAMED
02-Dec-2024 23:28:56.345 INFO [main] org.apache.catalina.startup.VersionLoggerListener.log Command line argument: --add-opens=java.base/java.util=ALL-UNNAMED
02-Dec-2024 23:28:56.346 INFO [main] org.apache.catalina.startup.VersionLoggerListener.log Command line argument: --add-opens=java.base/java.util.concurrent=ALL-UNNAMED
02-Dec-2024 23:28:56.346 INFO [main] org.apache.catalina.startup.VersionLoggerListener.log Command line argument: --add-opens=java.rmi/sun.rmi.transport=ALL-UNNAMED
02-Dec-2024 23:28:56.346 INFO [main] org.apache.catalina.startup.VersionLoggerListener.log Command line argument: -Dcatalina.base=/usr/local/tomcat
02-Dec-2024 23:28:56.347 INFO [main] org.apache.catalina.startup.VersionLoggerListener.log Command line argument: -Dcatalina.home=/usr/local/tomcat
02-Dec-2024 23:28:56.347 INFO [main] org.apache.catalina.startup.VersionLoggerListener.log Command line argument: -Djava.io.tmpdir=/usr/local/tomcat/temp
02-Dec-2024 23:28:56.349 INFO [main] org.apache.catalina.core.AprLifecycleListener.lifecycleEvent The Apache Tomcat Native library which allows using OpenSSL was not found on the java.library.path: [/usr/java/packages/lib:/usr/lib/x86_64-linux-gnu/jni:/lib/x86_64-linux-gnu:/usr/lib/x86_64-linux-gnu:/usr/lib/jni:/lib:/usr/lib]
02-Dec-2024 23:28:56.773 INFO [main] org.apache.coyote.AbstractProtocol.init Initializing ProtocolHandler ["http-nio-8080"]
02-Dec-2024 23:28:56.807 INFO [main] org.apache.catalina.startup.Catalina.load Server initialization in [762] milliseconds
02-Dec-2024 23:28:56.874 INFO [main] org.apache.catalina.core.StandardService.startInternal Starting service [Catalina]
02-Dec-2024 23:28:56.875 INFO [main] org.apache.catalina.core.StandardEngine.startInternal Starting Servlet engine: [Apache Tomcat/10.1.33]
02-Dec-2024 23:28:56.920 INFO [main] org.apache.catalina.startup.HostConfig.deployWAR Deploying web application archive [/usr/local/tomcat/webapps/Ezellohar.war]
02-Dec-2024 23:28:56.951 INFO [main] org.apache.catalina.startup.ExpandWar.expand An expanded directory [/usr/local/tomcat/webapps/Ezellohar] was found with a last modified time that did not match the associated WAR. It will be deleted.
02-Dec-2024 23:29:34.659 WARNING [main] org.apache.catalina.startup.ContextConfig.validateSecurityRoles Security role name [redes] used in an <auth-constraint> without being defined in a <security-role>
02-Dec-2024 23:29:34.660 WARNING [main] org.apache.catalina.startup.ContextConfig.validateSecurityRoles Security role name [concilio] used in an <auth-constraint> without being defined in a <security-role>
02-Dec-2024 23:29:34.660 WARNING [main] org.apache.catalina.startup.ContextConfig.validateSecurityRoles Security role name [elrond] used in an <auth-constraint> without being defined in a <security-role>
02-Dec-2024 23:29:34.660 WARNING [main] org.apache.catalina.startup.ContextConfig.validateSecurityRoles Security role name [mayordomo] used in an <auth-constraint> without being defined in a <security-role>
02-Dec-2024 23:29:34.660 WARNING [main] org.apache.catalina.startup.ContextConfig.validateSecurityRoles Security role name [tesoreria] used in an <auth-constraint> without being defined in a <security-role>
02-Dec-2024 23:29:34.661 WARNING [main] org.apache.catalina.startup.ContextConfig.validateSecurityRoles Security role name [actividades] used in an <auth-constraint> without being defined in a <security-role>
02-Dec-2024 23:29:34.799 INFO [main] org.apache.jasper.servlet.TldScanner.scanJars At least one JAR was scanned for TLDs yet contained no TLDs. Enable debug logging for this logger for a complete list of JARs that were scanned but no TLDs were found in them. Skipping unneeded JARs during scanning can improve startup time and JSP compilation time.
02-Dec-2024 23:29:34.965 INFO [main] org.apache.catalina.startup.HostConfig.deployWAR Deployment of web application archive [/usr/local/tomcat/webapps/Ezellohar.war] has finished in [38,044] ms
02-Dec-2024 23:29:34.975 INFO [main] org.apache.catalina.startup.HostConfig.deployWAR Deploying web application archive [/usr/local/tomcat/webapps/Valimar.war]
02-Dec-2024 23:29:46.732 INFO [main] org.apache.jasper.servlet.TldScanner.scanJars At least one JAR was scanned for TLDs yet contained no TLDs. Enable debug logging for this logger for a complete list of JARs that were scanned but no TLDs were found in them. Skipping unneeded JARs during scanning can improve startup time and JSP compilation time.
02-Dec-2024 23:29:46.753 INFO [main] org.apache.catalina.startup.HostConfig.deployWAR Deployment of web application archive [/usr/local/tomcat/webapps/Valimar.war] has finished in [11,778] ms
02-Dec-2024 23:29:46.758 INFO [main] org.apache.catalina.startup.HostConfig.deployDirectory Deploying web application directory [/usr/local/tomcat/webapps/ROOT]
02-Dec-2024 23:29:51.232 INFO [main] org.apache.jasper.servlet.TldScanner.scanJars At least one JAR was scanned for TLDs yet contained no TLDs. Enable debug logging for this logger for a complete list of JARs that were scanned but no TLDs were found in them. Skipping unneeded JARs during scanning can improve startup time and JSP compilation time.
02-Dec-2024 23:29:51.247 INFO [main] org.apache.catalina.startup.HostConfig.deployDirectory Deployment of web application directory [/usr/local/tomcat/webapps/ROOT] has finished in [4,488] ms
02-Dec-2024 23:29:51.256 INFO [main] org.apache.coyote.AbstractProtocol.start Starting ProtocolHandler ["http-nio-8080"]
02-Dec-2024 23:29:51.268 INFO [main] org.apache.catalina.startup.Catalina.start Server startup in [54462] milliseconds
02-Dec-2024 23:30:39.153 INFO [main] org.apache.catalina.startup.VersionLoggerListener.log Server version name:   Apache Tomcat/10.1.33
02-Dec-2024 23:30:39.159 INFO [main] org.apache.catalina.startup.VersionLoggerListener.log Server built:          Nov 7 2024 22:28:55 UTC
02-Dec-2024 23:30:39.159 INFO [main] org.apache.catalina.startup.VersionLoggerListener.log Server version number: 10.1.33.0
02-Dec-2024 23:30:39.160 INFO [main] org.apache.catalina.startup.VersionLoggerListener.log OS Name:               Linux
02-Dec-2024 23:30:39.160 INFO [main] org.apache.catalina.startup.VersionLoggerListener.log OS Version:            5.15.167.4-microsoft-standard-WSL2
02-Dec-2024 23:30:39.161 INFO [main] org.apache.catalina.startup.VersionLoggerListener.log Architecture:          amd64
02-Dec-2024 23:30:39.161 INFO [main] org.apache.catalina.startup.VersionLoggerListener.log Java Home:             /usr/lib/jvm/java-11-openjdk-amd64
02-Dec-2024 23:30:39.162 INFO [main] org.apache.catalina.startup.VersionLoggerListener.log JVM Version:           11.0.25+9-post-Debian-1deb11u1
02-Dec-2024 23:30:39.162 INFO [main] org.apache.catalina.startup.VersionLoggerListener.log JVM Vendor:            Debian
02-Dec-2024 23:30:39.163 INFO [main] org.apache.catalina.startup.VersionLoggerListener.log CATALINA_BASE:         /usr/local/tomcat
02-Dec-2024 23:30:39.163 INFO [main] org.apache.catalina.startup.VersionLoggerListener.log CATALINA_HOME:         /usr/local/tomcat
02-Dec-2024 23:30:39.178 INFO [main] org.apache.catalina.startup.VersionLoggerListener.log Command line argument: -Djava.util.logging.config.file=/usr/local/tomcat/conf/logging.properties
02-Dec-2024 23:30:39.179 INFO [main] org.apache.catalina.startup.VersionLoggerListener.log Command line argument: -Djava.util.logging.manager=org.apache.juli.ClassLoaderLogManager
02-Dec-2024 23:30:39.179 INFO [main] org.apache.catalina.startup.VersionLoggerListener.log Command line argument: -Djdk.tls.ephemeralDHKeySize=2048
02-Dec-2024 23:30:39.180 INFO [main] org.apache.catalina.startup.VersionLoggerListener.log Command line argument: -Djava.protocol.handler.pkgs=org.apache.catalina.webresources
02-Dec-2024 23:30:39.180 INFO [main] org.apache.catalina.startup.VersionLoggerListener.log Command line argument: -Dorg.apache.catalina.security.SecurityListener.UMASK=0027
02-Dec-2024 23:30:39.180 INFO [main] org.apache.catalina.startup.VersionLoggerListener.log Command line argument: --add-opens=java.base/java.lang=ALL-UNNAMED
02-Dec-2024 23:30:39.181 INFO [main] org.apache.catalina.startup.VersionLoggerListener.log Command line argument: --add-opens=java.base/java.io=ALL-UNNAMED
02-Dec-2024 23:30:39.181 INFO [main] org.apache.catalina.startup.VersionLoggerListener.log Command line argument: --add-opens=java.base/java.util=ALL-UNNAMED
02-Dec-2024 23:30:39.182 INFO [main] org.apache.catalina.startup.VersionLoggerListener.log Command line argument: --add-opens=java.base/java.util.concurrent=ALL-UNNAMED
02-Dec-2024 23:30:39.182 INFO [main] org.apache.catalina.startup.VersionLoggerListener.log Command line argument: --add-opens=java.rmi/sun.rmi.transport=ALL-UNNAMED
02-Dec-2024 23:30:39.183 INFO [main] org.apache.catalina.startup.VersionLoggerListener.log Command line argument: -Dcatalina.base=/usr/local/tomcat
02-Dec-2024 23:30:39.183 INFO [main] org.apache.catalina.startup.VersionLoggerListener.log Command line argument: -Dcatalina.home=/usr/local/tomcat
02-Dec-2024 23:30:39.183 INFO [main] org.apache.catalina.startup.VersionLoggerListener.log Command line argument: -Djava.io.tmpdir=/usr/local/tomcat/temp
02-Dec-2024 23:30:39.185 INFO [main] org.apache.catalina.core.AprLifecycleListener.lifecycleEvent The Apache Tomcat Native library which allows using OpenSSL was not found on the java.library.path: [/usr/java/packages/lib:/usr/lib/x86_64-linux-gnu/jni:/lib/x86_64-linux-gnu:/usr/lib/x86_64-linux-gnu:/usr/lib/jni:/lib:/usr/lib]
02-Dec-2024 23:30:39.767 INFO [main] org.apache.coyote.AbstractProtocol.init Initializing ProtocolHandler ["http-nio-8080"]
02-Dec-2024 23:30:39.835 INFO [main] org.apache.catalina.startup.Catalina.load Server initialization in [932] milliseconds
02-Dec-2024 23:30:39.953 INFO [main] org.apache.catalina.core.StandardService.startInternal Starting service [Catalina]
02-Dec-2024 23:30:39.954 INFO [main] org.apache.catalina.core.StandardEngine.startInternal Starting Servlet engine: [Apache Tomcat/10.1.33]
02-Dec-2024 23:30:40.035 INFO [main] org.apache.catalina.startup.HostConfig.deployWAR Deploying web application archive [/usr/local/tomcat/webapps/Ezellohar.war]
02-Dec-2024 23:30:40.100 INFO [main] org.apache.catalina.startup.ExpandWar.expand An expanded directory [/usr/local/tomcat/webapps/Ezellohar] was found with a last modified time that did not match the associated WAR. It will be deleted.
02-Dec-2024 23:31:18.948 WARNING [main] org.apache.catalina.startup.ContextConfig.validateSecurityRoles Security role name [concilio] used in an <auth-constraint> without being defined in a <security-role>
02-Dec-2024 23:31:18.949 WARNING [main] org.apache.catalina.startup.ContextConfig.validateSecurityRoles Security role name [elrond] used in an <auth-constraint> without being defined in a <security-role>
02-Dec-2024 23:31:18.949 WARNING [main] org.apache.catalina.startup.ContextConfig.validateSecurityRoles Security role name [mayordomo] used in an <auth-constraint> without being defined in a <security-role>
02-Dec-2024 23:31:18.949 WARNING [main] org.apache.catalina.startup.ContextConfig.validateSecurityRoles Security role name [tesoreria] used in an <auth-constraint> without being defined in a <security-role>
02-Dec-2024 23:31:18.950 WARNING [main] org.apache.catalina.startup.ContextConfig.validateSecurityRoles Security role name [actividades] used in an <auth-constraint> without being defined in a <security-role>
02-Dec-2024 23:31:18.950 WARNING [main] org.apache.catalina.startup.ContextConfig.validateSecurityRoles Security role name [redes] used in an <auth-constraint> without being defined in a <security-role>
02-Dec-2024 23:31:19.064 INFO [main] org.apache.jasper.servlet.TldScanner.scanJars At least one JAR was scanned for TLDs yet contained no TLDs. Enable debug logging for this logger for a complete list of JARs that were scanned but no TLDs were found in them. Skipping unneeded JARs during scanning can improve startup time and JSP compilation time.
02-Dec-2024 23:31:19.217 INFO [main] org.apache.catalina.startup.HostConfig.deployWAR Deployment of web application archive [/usr/local/tomcat/webapps/Ezellohar.war] has finished in [39,182] ms
02-Dec-2024 23:31:19.228 INFO [main] org.apache.catalina.startup.HostConfig.deployWAR Deploying web application archive [/usr/local/tomcat/webapps/Valimar.war]
02-Dec-2024 23:31:31.906 INFO [main] org.apache.jasper.servlet.TldScanner.scanJars At least one JAR was scanned for TLDs yet contained no TLDs. Enable debug logging for this logger for a complete list of JARs that were scanned but no TLDs were found in them. Skipping unneeded JARs during scanning can improve startup time and JSP compilation time.
02-Dec-2024 23:31:31.925 INFO [main] org.apache.catalina.startup.HostConfig.deployWAR Deployment of web application archive [/usr/local/tomcat/webapps/Valimar.war] has finished in [12,696] ms
02-Dec-2024 23:31:31.929 INFO [main] org.apache.catalina.startup.HostConfig.deployDirectory Deploying web application directory [/usr/local/tomcat/webapps/ROOT]
02-Dec-2024 23:31:36.896 INFO [main] org.apache.jasper.servlet.TldScanner.scanJars At least one JAR was scanned for TLDs yet contained no TLDs. Enable debug logging for this logger for a complete list of JARs that were scanned but no TLDs were found in them. Skipping unneeded JARs during scanning can improve startup time and JSP compilation time.
02-Dec-2024 23:31:36.909 INFO [main] org.apache.catalina.startup.HostConfig.deployDirectory Deployment of web application directory [/usr/local/tomcat/webapps/ROOT] has finished in [4,980] ms
02-Dec-2024 23:31:36.918 INFO [main] org.apache.coyote.AbstractProtocol.start Starting ProtocolHandler ["http-nio-8080"]
02-Dec-2024 23:31:36.929 INFO [main] org.apache.catalina.startup.Catalina.start Server startup in [57094] milliseconds
02-Dec-2024 23:32:44.794 INFO [main] org.apache.catalina.startup.VersionLoggerListener.log Server version name:   Apache Tomcat/10.1.33
02-Dec-2024 23:32:44.800 INFO [main] org.apache.catalina.startup.VersionLoggerListener.log Server built:          Nov 7 2024 22:28:55 UTC
02-Dec-2024 23:32:44.800 INFO [main] org.apache.catalina.startup.VersionLoggerListener.log Server version number: 10.1.33.0
02-Dec-2024 23:32:44.801 INFO [main] org.apache.catalina.startup.VersionLoggerListener.log OS Name:               Linux
02-Dec-2024 23:32:44.801 INFO [main] org.apache.catalina.startup.VersionLoggerListener.log OS Version:            5.15.167.4-microsoft-standard-WSL2
02-Dec-2024 23:32:44.802 INFO [main] org.apache.catalina.startup.VersionLoggerListener.log Architecture:          amd64
02-Dec-2024 23:32:44.802 INFO [main] org.apache.catalina.startup.VersionLoggerListener.log Java Home:             /usr/lib/jvm/java-11-openjdk-amd64
02-Dec-2024 23:32:44.803 INFO [main] org.apache.catalina.startup.VersionLoggerListener.log JVM Version:           11.0.25+9-post-Debian-1deb11u1
02-Dec-2024 23:32:44.803 INFO [main] org.apache.catalina.startup.VersionLoggerListener.log JVM Vendor:            Debian
02-Dec-2024 23:32:44.804 INFO [main] org.apache.catalina.startup.VersionLoggerListener.log CATALINA_BASE:         /usr/local/tomcat
02-Dec-2024 23:32:44.804 INFO [main] org.apache.catalina.startup.VersionLoggerListener.log CATALINA_HOME:         /usr/local/tomcat
02-Dec-2024 23:32:44.820 INFO [main] org.apache.catalina.startup.VersionLoggerListener.log Command line argument: -Djava.util.logging.config.file=/usr/local/tomcat/conf/logging.properties
02-Dec-2024 23:32:44.821 INFO [main] org.apache.catalina.startup.VersionLoggerListener.log Command line argument: -Djava.util.logging.manager=org.apache.juli.ClassLoaderLogManager
02-Dec-2024 23:32:44.822 INFO [main] org.apache.catalina.startup.VersionLoggerListener.log Command line argument: -Djdk.tls.ephemeralDHKeySize=2048
02-Dec-2024 23:32:44.822 INFO [main] org.apache.catalina.startup.VersionLoggerListener.log Command line argument: -Djava.protocol.handler.pkgs=org.apache.catalina.webresources
02-Dec-2024 23:32:44.823 INFO [main] org.apache.catalina.startup.VersionLoggerListener.log Command line argument: -Dorg.apache.catalina.security.SecurityListener.UMASK=0027
02-Dec-2024 23:32:44.823 INFO [main] org.apache.catalina.startup.VersionLoggerListener.log Command line argument: --add-opens=java.base/java.lang=ALL-UNNAMED
02-Dec-2024 23:32:44.824 INFO [main] org.apache.catalina.startup.VersionLoggerListener.log Command line argument: --add-opens=java.base/java.io=ALL-UNNAMED
02-Dec-2024 23:32:44.824 INFO [main] org.apache.catalina.startup.VersionLoggerListener.log Command line argument: --add-opens=java.base/java.util=ALL-UNNAMED
02-Dec-2024 23:32:44.825 INFO [main] org.apache.catalina.startup.VersionLoggerListener.log Command line argument: --add-opens=java.base/java.util.concurrent=ALL-UNNAMED
02-Dec-2024 23:32:44.826 INFO [main] org.apache.catalina.startup.VersionLoggerListener.log Command line argument: --add-opens=java.rmi/sun.rmi.transport=ALL-UNNAMED
02-Dec-2024 23:32:44.826 INFO [main] org.apache.catalina.startup.VersionLoggerListener.log Command line argument: -Dcatalina.base=/usr/local/tomcat
02-Dec-2024 23:32:44.827 INFO [main] org.apache.catalina.startup.VersionLoggerListener.log Command line argument: -Dcatalina.home=/usr/local/tomcat
02-Dec-2024 23:32:44.827 INFO [main] org.apache.catalina.startup.VersionLoggerListener.log Command line argument: -Djava.io.tmpdir=/usr/local/tomcat/temp
02-Dec-2024 23:32:44.830 INFO [main] org.apache.catalina.core.AprLifecycleListener.lifecycleEvent The Apache Tomcat Native library which allows using OpenSSL was not found on the java.library.path: [/usr/java/packages/lib:/usr/lib/x86_64-linux-gnu/jni:/lib/x86_64-linux-gnu:/usr/lib/x86_64-linux-gnu:/usr/lib/jni:/lib:/usr/lib]
02-Dec-2024 23:32:45.192 INFO [main] org.apache.coyote.AbstractProtocol.init Initializing ProtocolHandler ["http-nio-8080"]
02-Dec-2024 23:32:45.221 INFO [main] org.apache.catalina.startup.Catalina.load Server initialization in [661] milliseconds
02-Dec-2024 23:32:45.279 INFO [main] org.apache.catalina.core.StandardService.startInternal Starting service [Catalina]
02-Dec-2024 23:32:45.280 INFO [main] org.apache.catalina.core.StandardEngine.startInternal Starting Servlet engine: [Apache Tomcat/10.1.33]
02-Dec-2024 23:32:45.320 INFO [main] org.apache.catalina.startup.HostConfig.deployWAR Deploying web application archive [/usr/local/tomcat/webapps/Ezellohar.war]
02-Dec-2024 23:32:45.356 INFO [main] org.apache.catalina.startup.ExpandWar.expand An expanded directory [/usr/local/tomcat/webapps/Ezellohar] was found with a last modified time that did not match the associated WAR. It will be deleted.
02-Dec-2024 23:33:26.231 WARNING [main] org.apache.catalina.startup.ContextConfig.validateSecurityRoles Security role name [tesoreria] used in an <auth-constraint> without being defined in a <security-role>
02-Dec-2024 23:33:26.232 WARNING [main] org.apache.catalina.startup.ContextConfig.validateSecurityRoles Security role name [concilio] used in an <auth-constraint> without being defined in a <security-role>
02-Dec-2024 23:33:26.232 WARNING [main] org.apache.catalina.startup.ContextConfig.validateSecurityRoles Security role name [elrond] used in an <auth-constraint> without being defined in a <security-role>
02-Dec-2024 23:33:26.233 WARNING [main] org.apache.catalina.startup.ContextConfig.validateSecurityRoles Security role name [mayordomo] used in an <auth-constraint> without being defined in a <security-role>
02-Dec-2024 23:33:26.233 WARNING [main] org.apache.catalina.startup.ContextConfig.validateSecurityRoles Security role name [actividades] used in an <auth-constraint> without being defined in a <security-role>
02-Dec-2024 23:33:26.233 WARNING [main] org.apache.catalina.startup.ContextConfig.validateSecurityRoles Security role name [redes] used in an <auth-constraint> without being defined in a <security-role>
02-Dec-2024 23:33:26.350 INFO [main] org.apache.jasper.servlet.TldScanner.scanJars At least one JAR was scanned for TLDs yet contained no TLDs. Enable debug logging for this logger for a complete list of JARs that were scanned but no TLDs were found in them. Skipping unneeded JARs during scanning can improve startup time and JSP compilation time.
02-Dec-2024 23:33:26.513 INFO [main] org.apache.catalina.startup.HostConfig.deployWAR Deployment of web application archive [/usr/local/tomcat/webapps/Ezellohar.war] has finished in [41,194] ms
02-Dec-2024 23:33:26.524 INFO [main] org.apache.catalina.startup.HostConfig.deployWAR Deploying web application archive [/usr/local/tomcat/webapps/Valimar.war]
02-Dec-2024 23:33:40.416 INFO [main] org.apache.jasper.servlet.TldScanner.scanJars At least one JAR was scanned for TLDs yet contained no TLDs. Enable debug logging for this logger for a complete list of JARs that were scanned but no TLDs were found in them. Skipping unneeded JARs during scanning can improve startup time and JSP compilation time.
02-Dec-2024 23:33:40.431 INFO [main] org.apache.catalina.startup.HostConfig.deployWAR Deployment of web application archive [/usr/local/tomcat/webapps/Valimar.war] has finished in [13,908] ms
02-Dec-2024 23:33:40.434 INFO [main] org.apache.catalina.startup.HostConfig.deployDirectory Deploying web application directory [/usr/local/tomcat/webapps/ROOT]
02-Dec-2024 23:33:44.631 INFO [main] org.apache.jasper.servlet.TldScanner.scanJars At least one JAR was scanned for TLDs yet contained no TLDs. Enable debug logging for this logger for a complete list of JARs that were scanned but no TLDs were found in them. Skipping unneeded JARs during scanning can improve startup time and JSP compilation time.
02-Dec-2024 23:33:44.645 INFO [main] org.apache.catalina.startup.HostConfig.deployDirectory Deployment of web application directory [/usr/local/tomcat/webapps/ROOT] has finished in [4,211] ms
02-Dec-2024 23:33:44.656 INFO [main] org.apache.coyote.AbstractProtocol.start Starting ProtocolHandler ["http-nio-8080"]
02-Dec-2024 23:33:44.669 INFO [main] org.apache.catalina.startup.Catalina.start Server startup in [59449] milliseconds
02-Dec-2024 23:34:54.314 INFO [main] org.apache.catalina.startup.VersionLoggerListener.log Server version name:   Apache Tomcat/10.1.33
02-Dec-2024 23:34:54.319 INFO [main] org.apache.catalina.startup.VersionLoggerListener.log Server built:          Nov 7 2024 22:28:55 UTC
02-Dec-2024 23:34:54.320 INFO [main] org.apache.catalina.startup.VersionLoggerListener.log Server version number: 10.1.33.0
02-Dec-2024 23:34:54.320 INFO [main] org.apache.catalina.startup.VersionLoggerListener.log OS Name:               Linux
02-Dec-2024 23:34:54.321 INFO [main] org.apache.catalina.startup.VersionLoggerListener.log OS Version:            5.15.167.4-microsoft-standard-WSL2
02-Dec-2024 23:34:54.322 INFO [main] org.apache.catalina.startup.VersionLoggerListener.log Architecture:          amd64
02-Dec-2024 23:34:54.322 INFO [main] org.apache.catalina.startup.VersionLoggerListener.log Java Home:             /usr/lib/jvm/java-11-openjdk-amd64
02-Dec-2024 23:34:54.323 INFO [main] org.apache.catalina.startup.VersionLoggerListener.log JVM Version:           11.0.25+9-post-Debian-1deb11u1
02-Dec-2024 23:34:54.324 INFO [main] org.apache.catalina.startup.VersionLoggerListener.log JVM Vendor:            Debian
02-Dec-2024 23:34:54.324 INFO [main] org.apache.catalina.startup.VersionLoggerListener.log CATALINA_BASE:         /usr/local/tomcat
02-Dec-2024 23:34:54.326 INFO [main] org.apache.catalina.startup.VersionLoggerListener.log CATALINA_HOME:         /usr/local/tomcat
02-Dec-2024 23:34:54.344 INFO [main] org.apache.catalina.startup.VersionLoggerListener.log Command line argument: -Djava.util.logging.config.file=/usr/local/tomcat/conf/logging.properties
02-Dec-2024 23:34:54.345 INFO [main] org.apache.catalina.startup.VersionLoggerListener.log Command line argument: -Djava.util.logging.manager=org.apache.juli.ClassLoaderLogManager
02-Dec-2024 23:34:54.346 INFO [main] org.apache.catalina.startup.VersionLoggerListener.log Command line argument: -Djdk.tls.ephemeralDHKeySize=2048
02-Dec-2024 23:34:54.346 INFO [main] org.apache.catalina.startup.VersionLoggerListener.log Command line argument: -Djava.protocol.handler.pkgs=org.apache.catalina.webresources
02-Dec-2024 23:34:54.347 INFO [main] org.apache.catalina.startup.VersionLoggerListener.log Command line argument: -Dorg.apache.catalina.security.SecurityListener.UMASK=0027
02-Dec-2024 23:34:54.347 INFO [main] org.apache.catalina.startup.VersionLoggerListener.log Command line argument: --add-opens=java.base/java.lang=ALL-UNNAMED
02-Dec-2024 23:34:54.348 INFO [main] org.apache.catalina.startup.VersionLoggerListener.log Command line argument: --add-opens=java.base/java.io=ALL-UNNAMED
02-Dec-2024 23:34:54.348 INFO [main] org.apache.catalina.startup.VersionLoggerListener.log Command line argument: --add-opens=java.base/java.util=ALL-UNNAMED
02-Dec-2024 23:34:54.349 INFO [main] org.apache.catalina.startup.VersionLoggerListener.log Command line argument: --add-opens=java.base/java.util.concurrent=ALL-UNNAMED
02-Dec-2024 23:34:54.349 INFO [main] org.apache.catalina.startup.VersionLoggerListener.log Command line argument: --add-opens=java.rmi/sun.rmi.transport=ALL-UNNAMED
02-Dec-2024 23:34:54.349 INFO [main] org.apache.catalina.startup.VersionLoggerListener.log Command line argument: -Dcatalina.base=/usr/local/tomcat
02-Dec-2024 23:34:54.350 INFO [main] org.apache.catalina.startup.VersionLoggerListener.log Command line argument: -Dcatalina.home=/usr/local/tomcat
02-Dec-2024 23:34:54.350 INFO [main] org.apache.catalina.startup.VersionLoggerListener.log Command line argument: -Djava.io.tmpdir=/usr/local/tomcat/temp
02-Dec-2024 23:34:54.352 INFO [main] org.apache.catalina.core.AprLifecycleListener.lifecycleEvent The Apache Tomcat Native library which allows using OpenSSL was not found on the java.library.path: [/usr/java/packages/lib:/usr/lib/x86_64-linux-gnu/jni:/lib/x86_64-linux-gnu:/usr/lib/x86_64-linux-gnu:/usr/lib/jni:/lib:/usr/lib]
02-Dec-2024 23:34:54.775 INFO [main] org.apache.coyote.AbstractProtocol.init Initializing ProtocolHandler ["http-nio-8080"]
02-Dec-2024 23:34:54.811 INFO [main] org.apache.catalina.startup.Catalina.load Server initialization in [736] milliseconds
02-Dec-2024 23:34:54.873 INFO [main] org.apache.catalina.core.StandardService.startInternal Starting service [Catalina]
02-Dec-2024 23:34:54.874 INFO [main] org.apache.catalina.core.StandardEngine.startInternal Starting Servlet engine: [Apache Tomcat/10.1.33]
02-Dec-2024 23:34:54.916 INFO [main] org.apache.catalina.startup.HostConfig.deployWAR Deploying web application archive [/usr/local/tomcat/webapps/Ezellohar.war]
02-Dec-2024 23:34:54.951 INFO [main] org.apache.catalina.startup.ExpandWar.expand An expanded directory [/usr/local/tomcat/webapps/Ezellohar] was found with a last modified time that did not match the associated WAR. It will be deleted.
02-Dec-2024 23:35:34.603 WARNING [main] org.apache.catalina.startup.ContextConfig.validateSecurityRoles Security role name [mayordomo] used in an <auth-constraint> without being defined in a <security-role>
02-Dec-2024 23:35:34.605 WARNING [main] org.apache.catalina.startup.ContextConfig.validateSecurityRoles Security role name [concilio] used in an <auth-constraint> without being defined in a <security-role>
02-Dec-2024 23:35:34.605 WARNING [main] org.apache.catalina.startup.ContextConfig.validateSecurityRoles Security role name [elrond] used in an <auth-constraint> without being defined in a <security-role>
02-Dec-2024 23:35:34.606 WARNING [main] org.apache.catalina.startup.ContextConfig.validateSecurityRoles Security role name [redes] used in an <auth-constraint> without being defined in a <security-role>
02-Dec-2024 23:35:34.606 WARNING [main] org.apache.catalina.startup.ContextConfig.validateSecurityRoles Security role name [actividades] used in an <auth-constraint> without being defined in a <security-role>
02-Dec-2024 23:35:34.607 WARNING [main] org.apache.catalina.startup.ContextConfig.validateSecurityRoles Security role name [tesoreria] used in an <auth-constraint> without being defined in a <security-role>
02-Dec-2024 23:35:34.717 INFO [main] org.apache.jasper.servlet.TldScanner.scanJars At least one JAR was scanned for TLDs yet contained no TLDs. Enable debug logging for this logger for a complete list of JARs that were scanned but no TLDs were found in them. Skipping unneeded JARs during scanning can improve startup time and JSP compilation time.
02-Dec-2024 23:35:34.888 INFO [main] org.apache.catalina.startup.HostConfig.deployWAR Deployment of web application archive [/usr/local/tomcat/webapps/Ezellohar.war] has finished in [39,971] ms
02-Dec-2024 23:35:34.898 INFO [main] org.apache.catalina.startup.HostConfig.deployWAR Deploying web application archive [/usr/local/tomcat/webapps/Valimar.war]
02-Dec-2024 23:35:49.190 INFO [main] org.apache.jasper.servlet.TldScanner.scanJars At least one JAR was scanned for TLDs yet contained no TLDs. Enable debug logging for this logger for a complete list of JARs that were scanned but no TLDs were found in them. Skipping unneeded JARs during scanning can improve startup time and JSP compilation time.
02-Dec-2024 23:35:49.206 INFO [main] org.apache.catalina.startup.HostConfig.deployWAR Deployment of web application archive [/usr/local/tomcat/webapps/Valimar.war] has finished in [14,308] ms
02-Dec-2024 23:35:49.211 INFO [main] org.apache.catalina.startup.HostConfig.deployDirectory Deploying web application directory [/usr/local/tomcat/webapps/ROOT]
02-Dec-2024 23:35:53.931 INFO [main] org.apache.jasper.servlet.TldScanner.scanJars At least one JAR was scanned for TLDs yet contained no TLDs. Enable debug logging for this logger for a complete list of JARs that were scanned but no TLDs were found in them. Skipping unneeded JARs during scanning can improve startup time and JSP compilation time.
02-Dec-2024 23:35:53.948 INFO [main] org.apache.catalina.startup.HostConfig.deployDirectory Deployment of web application directory [/usr/local/tomcat/webapps/ROOT] has finished in [4,738] ms
02-Dec-2024 23:35:53.959 INFO [main] org.apache.coyote.AbstractProtocol.start Starting ProtocolHandler ["http-nio-8080"]
02-Dec-2024 23:35:53.971 INFO [main] org.apache.catalina.startup.Catalina.start Server startup in [59162] milliseconds
02-Dec-2024 23:43:47.557 INFO [main] org.apache.catalina.startup.VersionLoggerListener.log Server version name:   Apache Tomcat/10.1.33
02-Dec-2024 23:43:47.562 INFO [main] org.apache.catalina.startup.VersionLoggerListener.log Server built:          Nov 7 2024 22:28:55 UTC
02-Dec-2024 23:43:47.563 INFO [main] org.apache.catalina.startup.VersionLoggerListener.log Server version number: 10.1.33.0
02-Dec-2024 23:43:47.564 INFO [main] org.apache.catalina.startup.VersionLoggerListener.log OS Name:               Linux
02-Dec-2024 23:43:47.564 INFO [main] org.apache.catalina.startup.VersionLoggerListener.log OS Version:            5.15.167.4-microsoft-standard-WSL2
02-Dec-2024 23:43:47.564 INFO [main] org.apache.catalina.startup.VersionLoggerListener.log Architecture:          amd64
02-Dec-2024 23:43:47.565 INFO [main] org.apache.catalina.startup.VersionLoggerListener.log Java Home:             /usr/lib/jvm/java-11-openjdk-amd64
02-Dec-2024 23:43:47.565 INFO [main] org.apache.catalina.startup.VersionLoggerListener.log JVM Version:           11.0.25+9-post-Debian-1deb11u1
02-Dec-2024 23:43:47.565 INFO [main] org.apache.catalina.startup.VersionLoggerListener.log JVM Vendor:            Debian
02-Dec-2024 23:43:47.566 INFO [main] org.apache.catalina.startup.VersionLoggerListener.log CATALINA_BASE:         /usr/local/tomcat
02-Dec-2024 23:43:47.566 INFO [main] org.apache.catalina.startup.VersionLoggerListener.log CATALINA_HOME:         /usr/local/tomcat
02-Dec-2024 23:43:47.587 INFO [main] org.apache.catalina.startup.VersionLoggerListener.log Command line argument: -Djava.util.logging.config.file=/usr/local/tomcat/conf/logging.properties
02-Dec-2024 23:43:47.588 INFO [main] org.apache.catalina.startup.VersionLoggerListener.log Command line argument: -Djava.util.logging.manager=org.apache.juli.ClassLoaderLogManager
02-Dec-2024 23:43:47.588 INFO [main] org.apache.catalina.startup.VersionLoggerListener.log Command line argument: -Djdk.tls.ephemeralDHKeySize=2048
02-Dec-2024 23:43:47.588 INFO [main] org.apache.catalina.startup.VersionLoggerListener.log Command line argument: -Djava.protocol.handler.pkgs=org.apache.catalina.webresources
02-Dec-2024 23:43:47.589 INFO [main] org.apache.catalina.startup.VersionLoggerListener.log Command line argument: -Dorg.apache.catalina.security.SecurityListener.UMASK=0027
02-Dec-2024 23:43:47.589 INFO [main] org.apache.catalina.startup.VersionLoggerListener.log Command line argument: --add-opens=java.base/java.lang=ALL-UNNAMED
02-Dec-2024 23:43:47.590 INFO [main] org.apache.catalina.startup.VersionLoggerListener.log Command line argument: --add-opens=java.base/java.io=ALL-UNNAMED
02-Dec-2024 23:43:47.590 INFO [main] org.apache.catalina.startup.VersionLoggerListener.log Command line argument: --add-opens=java.base/java.util=ALL-UNNAMED
02-Dec-2024 23:43:47.590 INFO [main] org.apache.catalina.startup.VersionLoggerListener.log Command line argument: --add-opens=java.base/java.util.concurrent=ALL-UNNAMED
02-Dec-2024 23:43:47.591 INFO [main] org.apache.catalina.startup.VersionLoggerListener.log Command line argument: --add-opens=java.rmi/sun.rmi.transport=ALL-UNNAMED
02-Dec-2024 23:43:47.591 INFO [main] org.apache.catalina.startup.VersionLoggerListener.log Command line argument: -Dcatalina.base=/usr/local/tomcat
02-Dec-2024 23:43:47.591 INFO [main] org.apache.catalina.startup.VersionLoggerListener.log Command line argument: -Dcatalina.home=/usr/local/tomcat
02-Dec-2024 23:43:47.592 INFO [main] org.apache.catalina.startup.VersionLoggerListener.log Command line argument: -Djava.io.tmpdir=/usr/local/tomcat/temp
02-Dec-2024 23:43:47.594 INFO [main] org.apache.catalina.core.AprLifecycleListener.lifecycleEvent The Apache Tomcat Native library which allows using OpenSSL was not found on the java.library.path: [/usr/java/packages/lib:/usr/lib/x86_64-linux-gnu/jni:/lib/x86_64-linux-gnu:/usr/lib/x86_64-linux-gnu:/usr/lib/jni:/lib:/usr/lib]
02-Dec-2024 23:43:48.044 INFO [main] org.apache.coyote.AbstractProtocol.init Initializing ProtocolHandler ["http-nio-8080"]
02-Dec-2024 23:43:48.079 INFO [main] org.apache.catalina.startup.Catalina.load Server initialization in [811] milliseconds
02-Dec-2024 23:43:48.157 INFO [main] org.apache.catalina.core.StandardService.startInternal Starting service [Catalina]
02-Dec-2024 23:43:48.158 INFO [main] org.apache.catalina.core.StandardEngine.startInternal Starting Servlet engine: [Apache Tomcat/10.1.33]
02-Dec-2024 23:43:48.211 INFO [main] org.apache.catalina.startup.HostConfig.deployWAR Deploying web application archive [/usr/local/tomcat/webapps/Ezellohar.war]
02-Dec-2024 23:43:48.249 INFO [main] org.apache.catalina.startup.ExpandWar.expand An expanded directory [/usr/local/tomcat/webapps/Ezellohar] was found with a last modified time that did not match the associated WAR. It will be deleted.
02-Dec-2024 23:44:25.562 WARNING [main] org.apache.catalina.startup.ContextConfig.validateSecurityRoles Security role name [redes] used in an <auth-constraint> without being defined in a <security-role>
02-Dec-2024 23:44:25.563 WARNING [main] org.apache.catalina.startup.ContextConfig.validateSecurityRoles Security role name [concilio] used in an <auth-constraint> without being defined in a <security-role>
02-Dec-2024 23:44:25.563 WARNING [main] org.apache.catalina.startup.ContextConfig.validateSecurityRoles Security role name [elrond] used in an <auth-constraint> without being defined in a <security-role>
02-Dec-2024 23:44:25.564 WARNING [main] org.apache.catalina.startup.ContextConfig.validateSecurityRoles Security role name [mayordomo] used in an <auth-constraint> without being defined in a <security-role>
02-Dec-2024 23:44:25.564 WARNING [main] org.apache.catalina.startup.ContextConfig.validateSecurityRoles Security role name [tesoreria] used in an <auth-constraint> without being defined in a <security-role>
02-Dec-2024 23:44:25.565 WARNING [main] org.apache.catalina.startup.ContextConfig.validateSecurityRoles Security role name [actividades] used in an <auth-constraint> without being defined in a <security-role>
02-Dec-2024 23:44:25.722 INFO [main] org.apache.jasper.servlet.TldScanner.scanJars At least one JAR was scanned for TLDs yet contained no TLDs. Enable debug logging for this logger for a complete list of JARs that were scanned but no TLDs were found in them. Skipping unneeded JARs during scanning can improve startup time and JSP compilation time.
02-Dec-2024 23:44:25.916 INFO [main] org.apache.catalina.startup.HostConfig.deployWAR Deployment of web application archive [/usr/local/tomcat/webapps/Ezellohar.war] has finished in [37,705] ms
02-Dec-2024 23:44:25.927 INFO [main] org.apache.catalina.startup.HostConfig.deployWAR Deploying web application archive [/usr/local/tomcat/webapps/Valimar.war]
02-Dec-2024 23:44:38.568 INFO [main] org.apache.jasper.servlet.TldScanner.scanJars At least one JAR was scanned for TLDs yet contained no TLDs. Enable debug logging for this logger for a complete list of JARs that were scanned but no TLDs were found in them. Skipping unneeded JARs during scanning can improve startup time and JSP compilation time.
02-Dec-2024 23:44:38.586 INFO [main] org.apache.catalina.startup.HostConfig.deployWAR Deployment of web application archive [/usr/local/tomcat/webapps/Valimar.war] has finished in [12,659] ms
02-Dec-2024 23:44:38.589 INFO [main] org.apache.catalina.startup.HostConfig.deployDirectory Deploying web application directory [/usr/local/tomcat/webapps/ROOT]
02-Dec-2024 23:44:43.135 INFO [main] org.apache.jasper.servlet.TldScanner.scanJars At least one JAR was scanned for TLDs yet contained no TLDs. Enable debug logging for this logger for a complete list of JARs that were scanned but no TLDs were found in them. Skipping unneeded JARs during scanning can improve startup time and JSP compilation time.
02-Dec-2024 23:44:43.153 INFO [main] org.apache.catalina.startup.HostConfig.deployDirectory Deployment of web application directory [/usr/local/tomcat/webapps/ROOT] has finished in [4,563] ms
02-Dec-2024 23:44:43.163 INFO [main] org.apache.coyote.AbstractProtocol.start Starting ProtocolHandler ["http-nio-8080"]
02-Dec-2024 23:44:43.178 INFO [main] org.apache.catalina.startup.Catalina.start Server startup in [55100] milliseconds
02-Dec-2024 23:46:22.136 INFO [main] org.apache.catalina.startup.VersionLoggerListener.log Server version name:   Apache Tomcat/10.1.33
02-Dec-2024 23:46:22.140 INFO [main] org.apache.catalina.startup.VersionLoggerListener.log Server built:          Nov 7 2024 22:28:55 UTC
02-Dec-2024 23:46:22.141 INFO [main] org.apache.catalina.startup.VersionLoggerListener.log Server version number: 10.1.33.0
02-Dec-2024 23:46:22.142 INFO [main] org.apache.catalina.startup.VersionLoggerListener.log OS Name:               Linux
02-Dec-2024 23:46:22.142 INFO [main] org.apache.catalina.startup.VersionLoggerListener.log OS Version:            5.15.167.4-microsoft-standard-WSL2
02-Dec-2024 23:46:22.143 INFO [main] org.apache.catalina.startup.VersionLoggerListener.log Architecture:          amd64
02-Dec-2024 23:46:22.143 INFO [main] org.apache.catalina.startup.VersionLoggerListener.log Java Home:             /usr/lib/jvm/java-11-openjdk-amd64
02-Dec-2024 23:46:22.144 INFO [main] org.apache.catalina.startup.VersionLoggerListener.log JVM Version:           11.0.25+9-post-Debian-1deb11u1
02-Dec-2024 23:46:22.144 INFO [main] org.apache.catalina.startup.VersionLoggerListener.log JVM Vendor:            Debian
02-Dec-2024 23:46:22.145 INFO [main] org.apache.catalina.startup.VersionLoggerListener.log CATALINA_BASE:         /usr/local/tomcat
02-Dec-2024 23:46:22.145 INFO [main] org.apache.catalina.startup.VersionLoggerListener.log CATALINA_HOME:         /usr/local/tomcat
02-Dec-2024 23:46:22.168 INFO [main] org.apache.catalina.startup.VersionLoggerListener.log Command line argument: -Djava.util.logging.config.file=/usr/local/tomcat/conf/logging.properties
02-Dec-2024 23:46:22.168 INFO [main] org.apache.catalina.startup.VersionLoggerListener.log Command line argument: -Djava.util.logging.manager=org.apache.juli.ClassLoaderLogManager
02-Dec-2024 23:46:22.169 INFO [main] org.apache.catalina.startup.VersionLoggerListener.log Command line argument: -Djdk.tls.ephemeralDHKeySize=2048
02-Dec-2024 23:46:22.169 INFO [main] org.apache.catalina.startup.VersionLoggerListener.log Command line argument: -Djava.protocol.handler.pkgs=org.apache.catalina.webresources
02-Dec-2024 23:46:22.170 INFO [main] org.apache.catalina.startup.VersionLoggerListener.log Command line argument: -Dorg.apache.catalina.security.SecurityListener.UMASK=0027
02-Dec-2024 23:46:22.170 INFO [main] org.apache.catalina.startup.VersionLoggerListener.log Command line argument: --add-opens=java.base/java.lang=ALL-UNNAMED
02-Dec-2024 23:46:22.170 INFO [main] org.apache.catalina.startup.VersionLoggerListener.log Command line argument: --add-opens=java.base/java.io=ALL-UNNAMED
02-Dec-2024 23:46:22.171 INFO [main] org.apache.catalina.startup.VersionLoggerListener.log Command line argument: --add-opens=java.base/java.util=ALL-UNNAMED
02-Dec-2024 23:46:22.171 INFO [main] org.apache.catalina.startup.VersionLoggerListener.log Command line argument: --add-opens=java.base/java.util.concurrent=ALL-UNNAMED
02-Dec-2024 23:46:22.171 INFO [main] org.apache.catalina.startup.VersionLoggerListener.log Command line argument: --add-opens=java.rmi/sun.rmi.transport=ALL-UNNAMED
02-Dec-2024 23:46:22.172 INFO [main] org.apache.catalina.startup.VersionLoggerListener.log Command line argument: -Dcatalina.base=/usr/local/tomcat
02-Dec-2024 23:46:22.172 INFO [main] org.apache.catalina.startup.VersionLoggerListener.log Command line argument: -Dcatalina.home=/usr/local/tomcat
02-Dec-2024 23:46:22.172 INFO [main] org.apache.catalina.startup.VersionLoggerListener.log Command line argument: -Djava.io.tmpdir=/usr/local/tomcat/temp
02-Dec-2024 23:46:22.174 INFO [main] org.apache.catalina.core.AprLifecycleListener.lifecycleEvent The Apache Tomcat Native library which allows using OpenSSL was not found on the java.library.path: [/usr/java/packages/lib:/usr/lib/x86_64-linux-gnu/jni:/lib/x86_64-linux-gnu:/usr/lib/x86_64-linux-gnu:/usr/lib/jni:/lib:/usr/lib]
02-Dec-2024 23:46:22.652 INFO [main] org.apache.coyote.AbstractProtocol.init Initializing ProtocolHandler ["http-nio-8080"]
02-Dec-2024 23:46:22.693 INFO [main] org.apache.catalina.startup.Catalina.load Server initialization in [835] milliseconds
02-Dec-2024 23:46:22.787 INFO [main] org.apache.catalina.core.StandardService.startInternal Starting service [Catalina]
02-Dec-2024 23:46:22.788 INFO [main] org.apache.catalina.core.StandardEngine.startInternal Starting Servlet engine: [Apache Tomcat/10.1.33]
02-Dec-2024 23:46:22.843 INFO [main] org.apache.catalina.startup.HostConfig.deployWAR Deploying web application archive [/usr/local/tomcat/webapps/Ezellohar.war]
02-Dec-2024 23:46:22.941 INFO [main] org.apache.catalina.startup.ExpandWar.expand An expanded directory [/usr/local/tomcat/webapps/Ezellohar] was found with a last modified time that did not match the associated WAR. It will be deleted.
02-Dec-2024 23:47:00.366 WARNING [main] org.apache.catalina.startup.ContextConfig.validateSecurityRoles Security role name [concilio] used in an <auth-constraint> without being defined in a <security-role>
02-Dec-2024 23:47:00.367 WARNING [main] org.apache.catalina.startup.ContextConfig.validateSecurityRoles Security role name [elrond] used in an <auth-constraint> without being defined in a <security-role>
02-Dec-2024 23:47:00.367 WARNING [main] org.apache.catalina.startup.ContextConfig.validateSecurityRoles Security role name [mayordomo] used in an <auth-constraint> without being defined in a <security-role>
02-Dec-2024 23:47:00.368 WARNING [main] org.apache.catalina.startup.ContextConfig.validateSecurityRoles Security role name [tesoreria] used in an <auth-constraint> without being defined in a <security-role>
02-Dec-2024 23:47:00.368 WARNING [main] org.apache.catalina.startup.ContextConfig.validateSecurityRoles Security role name [actividades] used in an <auth-constraint> without being defined in a <security-role>
02-Dec-2024 23:47:00.369 WARNING [main] org.apache.catalina.startup.ContextConfig.validateSecurityRoles Security role name [redes] used in an <auth-constraint> without being defined in a <security-role>
02-Dec-2024 23:47:00.503 INFO [main] org.apache.jasper.servlet.TldScanner.scanJars At least one JAR was scanned for TLDs yet contained no TLDs. Enable debug logging for this logger for a complete list of JARs that were scanned but no TLDs were found in them. Skipping unneeded JARs during scanning can improve startup time and JSP compilation time.
02-Dec-2024 23:47:00.678 INFO [main] org.apache.catalina.startup.HostConfig.deployWAR Deployment of web application archive [/usr/local/tomcat/webapps/Ezellohar.war] has finished in [37,835] ms
02-Dec-2024 23:47:00.688 INFO [main] org.apache.catalina.startup.HostConfig.deployWAR Deploying web application archive [/usr/local/tomcat/webapps/Valimar.war]
02-Dec-2024 23:47:13.616 INFO [main] org.apache.jasper.servlet.TldScanner.scanJars At least one JAR was scanned for TLDs yet contained no TLDs. Enable debug logging for this logger for a complete list of JARs that were scanned but no TLDs were found in them. Skipping unneeded JARs during scanning can improve startup time and JSP compilation time.
02-Dec-2024 23:47:13.630 INFO [main] org.apache.catalina.startup.HostConfig.deployWAR Deployment of web application archive [/usr/local/tomcat/webapps/Valimar.war] has finished in [12,942] ms
02-Dec-2024 23:47:13.634 INFO [main] org.apache.catalina.startup.HostConfig.deployDirectory Deploying web application directory [/usr/local/tomcat/webapps/ROOT]
02-Dec-2024 23:47:17.952 INFO [main] org.apache.jasper.servlet.TldScanner.scanJars At least one JAR was scanned for TLDs yet contained no TLDs. Enable debug logging for this logger for a complete list of JARs that were scanned but no TLDs were found in them. Skipping unneeded JARs during scanning can improve startup time and JSP compilation time.
02-Dec-2024 23:47:17.967 INFO [main] org.apache.catalina.startup.HostConfig.deployDirectory Deployment of web application directory [/usr/local/tomcat/webapps/ROOT] has finished in [4,332] ms
02-Dec-2024 23:47:17.977 INFO [main] org.apache.coyote.AbstractProtocol.start Starting ProtocolHandler ["http-nio-8080"]
02-Dec-2024 23:47:17.989 INFO [main] org.apache.catalina.startup.Catalina.start Server startup in [55297] milliseconds
02-Dec-2024 23:55:59.434 INFO [main] org.apache.catalina.startup.VersionLoggerListener.log Server version name:   Apache Tomcat/10.1.33
02-Dec-2024 23:55:59.440 INFO [main] org.apache.catalina.startup.VersionLoggerListener.log Server built:          Nov 7 2024 22:28:55 UTC
02-Dec-2024 23:55:59.440 INFO [main] org.apache.catalina.startup.VersionLoggerListener.log Server version number: 10.1.33.0
02-Dec-2024 23:55:59.441 INFO [main] org.apache.catalina.startup.VersionLoggerListener.log OS Name:               Linux
02-Dec-2024 23:55:59.441 INFO [main] org.apache.catalina.startup.VersionLoggerListener.log OS Version:            5.15.167.4-microsoft-standard-WSL2
02-Dec-2024 23:55:59.442 INFO [main] org.apache.catalina.startup.VersionLoggerListener.log Architecture:          amd64
02-Dec-2024 23:55:59.442 INFO [main] org.apache.catalina.startup.VersionLoggerListener.log Java Home:             /usr/lib/jvm/java-11-openjdk-amd64
02-Dec-2024 23:55:59.443 INFO [main] org.apache.catalina.startup.VersionLoggerListener.log JVM Version:           11.0.25+9-post-Debian-1deb11u1
02-Dec-2024 23:55:59.443 INFO [main] org.apache.catalina.startup.VersionLoggerListener.log JVM Vendor:            Debian
02-Dec-2024 23:55:59.444 INFO [main] org.apache.catalina.startup.VersionLoggerListener.log CATALINA_BASE:         /usr/local/tomcat
02-Dec-2024 23:55:59.444 INFO [main] org.apache.catalina.startup.VersionLoggerListener.log CATALINA_HOME:         /usr/local/tomcat
02-Dec-2024 23:55:59.501 INFO [main] org.apache.catalina.startup.VersionLoggerListener.log Command line argument: -Djava.util.logging.config.file=/usr/local/tomcat/conf/logging.properties
02-Dec-2024 23:55:59.502 INFO [main] org.apache.catalina.startup.VersionLoggerListener.log Command line argument: -Djava.util.logging.manager=org.apache.juli.ClassLoaderLogManager
02-Dec-2024 23:55:59.503 INFO [main] org.apache.catalina.startup.VersionLoggerListener.log Command line argument: -Djdk.tls.ephemeralDHKeySize=2048
02-Dec-2024 23:55:59.503 INFO [main] org.apache.catalina.startup.VersionLoggerListener.log Command line argument: -Djava.protocol.handler.pkgs=org.apache.catalina.webresources
02-Dec-2024 23:55:59.504 INFO [main] org.apache.catalina.startup.VersionLoggerListener.log Command line argument: -Dorg.apache.catalina.security.SecurityListener.UMASK=0027
02-Dec-2024 23:55:59.504 INFO [main] org.apache.catalina.startup.VersionLoggerListener.log Command line argument: --add-opens=java.base/java.lang=ALL-UNNAMED
02-Dec-2024 23:55:59.505 INFO [main] org.apache.catalina.startup.VersionLoggerListener.log Command line argument: --add-opens=java.base/java.io=ALL-UNNAMED
02-Dec-2024 23:55:59.505 INFO [main] org.apache.catalina.startup.VersionLoggerListener.log Command line argument: --add-opens=java.base/java.util=ALL-UNNAMED
02-Dec-2024 23:55:59.506 INFO [main] org.apache.catalina.startup.VersionLoggerListener.log Command line argument: --add-opens=java.base/java.util.concurrent=ALL-UNNAMED
02-Dec-2024 23:55:59.506 INFO [main] org.apache.catalina.startup.VersionLoggerListener.log Command line argument: --add-opens=java.rmi/sun.rmi.transport=ALL-UNNAMED
02-Dec-2024 23:55:59.506 INFO [main] org.apache.catalina.startup.VersionLoggerListener.log Command line argument: -Dcatalina.base=/usr/local/tomcat
02-Dec-2024 23:55:59.507 INFO [main] org.apache.catalina.startup.VersionLoggerListener.log Command line argument: -Dcatalina.home=/usr/local/tomcat
02-Dec-2024 23:55:59.507 INFO [main] org.apache.catalina.startup.VersionLoggerListener.log Command line argument: -Djava.io.tmpdir=/usr/local/tomcat/temp
02-Dec-2024 23:55:59.510 INFO [main] org.apache.catalina.core.AprLifecycleListener.lifecycleEvent The Apache Tomcat Native library which allows using OpenSSL was not found on the java.library.path: [/usr/java/packages/lib:/usr/lib/x86_64-linux-gnu/jni:/lib/x86_64-linux-gnu:/usr/lib/x86_64-linux-gnu:/usr/lib/jni:/lib:/usr/lib]
02-Dec-2024 23:55:59.976 INFO [main] org.apache.coyote.AbstractProtocol.init Initializing ProtocolHandler ["http-nio-8080"]
02-Dec-2024 23:56:00.019 INFO [main] org.apache.catalina.startup.Catalina.load Server initialization in [987] milliseconds
02-Dec-2024 23:56:00.109 INFO [main] org.apache.catalina.core.StandardService.startInternal Starting service [Catalina]
02-Dec-2024 23:56:00.110 INFO [main] org.apache.catalina.core.StandardEngine.startInternal Starting Servlet engine: [Apache Tomcat/10.1.33]
02-Dec-2024 23:56:00.156 INFO [main] org.apache.catalina.startup.HostConfig.deployWAR Deploying web application archive [/usr/local/tomcat/webapps/Ezellohar.war]
02-Dec-2024 23:56:00.196 INFO [main] org.apache.catalina.startup.ExpandWar.expand An expanded directory [/usr/local/tomcat/webapps/Ezellohar] was found with a last modified time that did not match the associated WAR. It will be deleted.
02-Dec-2024 23:56:36.272 WARNING [main] org.apache.catalina.startup.ContextConfig.validateSecurityRoles Security role name [mayordomo] used in an <auth-constraint> without being defined in a <security-role>
02-Dec-2024 23:56:36.272 WARNING [main] org.apache.catalina.startup.ContextConfig.validateSecurityRoles Security role name [concilio] used in an <auth-constraint> without being defined in a <security-role>
02-Dec-2024 23:56:36.273 WARNING [main] org.apache.catalina.startup.ContextConfig.validateSecurityRoles Security role name [elrond] used in an <auth-constraint> without being defined in a <security-role>
02-Dec-2024 23:56:36.273 WARNING [main] org.apache.catalina.startup.ContextConfig.validateSecurityRoles Security role name [redes] used in an <auth-constraint> without being defined in a <security-role>
02-Dec-2024 23:56:36.274 WARNING [main] org.apache.catalina.startup.ContextConfig.validateSecurityRoles Security role name [actividades] used in an <auth-constraint> without being defined in a <security-role>
02-Dec-2024 23:56:36.274 WARNING [main] org.apache.catalina.startup.ContextConfig.validateSecurityRoles Security role name [tesoreria] used in an <auth-constraint> without being defined in a <security-role>
02-Dec-2024 23:56:36.417 INFO [main] org.apache.jasper.servlet.TldScanner.scanJars At least one JAR was scanned for TLDs yet contained no TLDs. Enable debug logging for this logger for a complete list of JARs that were scanned but no TLDs were found in them. Skipping unneeded JARs during scanning can improve startup time and JSP compilation time.
02-Dec-2024 23:56:36.575 INFO [main] org.apache.catalina.startup.HostConfig.deployWAR Deployment of web application archive [/usr/local/tomcat/webapps/Ezellohar.war] has finished in [36,419] ms
02-Dec-2024 23:56:36.585 INFO [main] org.apache.catalina.startup.HostConfig.deployWAR Deploying web application archive [/usr/local/tomcat/webapps/Valimar.war]
02-Dec-2024 23:56:49.488 INFO [main] org.apache.jasper.servlet.TldScanner.scanJars At least one JAR was scanned for TLDs yet contained no TLDs. Enable debug logging for this logger for a complete list of JARs that were scanned but no TLDs were found in them. Skipping unneeded JARs during scanning can improve startup time and JSP compilation time.
02-Dec-2024 23:56:49.504 INFO [main] org.apache.catalina.startup.HostConfig.deployWAR Deployment of web application archive [/usr/local/tomcat/webapps/Valimar.war] has finished in [12,919] ms
02-Dec-2024 23:56:49.508 INFO [main] org.apache.catalina.startup.HostConfig.deployDirectory Deploying web application directory [/usr/local/tomcat/webapps/ROOT]
02-Dec-2024 23:56:53.858 INFO [main] org.apache.jasper.servlet.TldScanner.scanJars At least one JAR was scanned for TLDs yet contained no TLDs. Enable debug logging for this logger for a complete list of JARs that were scanned but no TLDs were found in them. Skipping unneeded JARs during scanning can improve startup time and JSP compilation time.
02-Dec-2024 23:56:53.871 INFO [main] org.apache.catalina.startup.HostConfig.deployDirectory Deployment of web application directory [/usr/local/tomcat/webapps/ROOT] has finished in [4,363] ms
02-Dec-2024 23:56:53.880 INFO [main] org.apache.coyote.AbstractProtocol.start Starting ProtocolHandler ["http-nio-8080"]
02-Dec-2024 23:56:53.897 INFO [main] org.apache.catalina.startup.Catalina.start Server startup in [53879] milliseconds
02-Dec-2024 23:58:48.150 INFO [main] org.apache.catalina.startup.VersionLoggerListener.log Server version name:   Apache Tomcat/10.1.33
02-Dec-2024 23:58:48.156 INFO [main] org.apache.catalina.startup.VersionLoggerListener.log Server built:          Nov 7 2024 22:28:55 UTC
02-Dec-2024 23:58:48.157 INFO [main] org.apache.catalina.startup.VersionLoggerListener.log Server version number: 10.1.33.0
02-Dec-2024 23:58:48.158 INFO [main] org.apache.catalina.startup.VersionLoggerListener.log OS Name:               Linux
02-Dec-2024 23:58:48.158 INFO [main] org.apache.catalina.startup.VersionLoggerListener.log OS Version:            5.15.167.4-microsoft-standard-WSL2
02-Dec-2024 23:58:48.159 INFO [main] org.apache.catalina.startup.VersionLoggerListener.log Architecture:          amd64
02-Dec-2024 23:58:48.159 INFO [main] org.apache.catalina.startup.VersionLoggerListener.log Java Home:             /usr/lib/jvm/java-11-openjdk-amd64
02-Dec-2024 23:58:48.160 INFO [main] org.apache.catalina.startup.VersionLoggerListener.log JVM Version:           11.0.25+9-post-Debian-1deb11u1
02-Dec-2024 23:58:48.160 INFO [main] org.apache.catalina.startup.VersionLoggerListener.log JVM Vendor:            Debian
02-Dec-2024 23:58:48.161 INFO [main] org.apache.catalina.startup.VersionLoggerListener.log CATALINA_BASE:         /usr/local/tomcat
02-Dec-2024 23:58:48.162 INFO [main] org.apache.catalina.startup.VersionLoggerListener.log CATALINA_HOME:         /usr/local/tomcat
02-Dec-2024 23:58:48.187 INFO [main] org.apache.catalina.startup.VersionLoggerListener.log Command line argument: -Djava.util.logging.config.file=/usr/local/tomcat/conf/logging.properties
02-Dec-2024 23:58:48.188 INFO [main] org.apache.catalina.startup.VersionLoggerListener.log Command line argument: -Djava.util.logging.manager=org.apache.juli.ClassLoaderLogManager
02-Dec-2024 23:58:48.189 INFO [main] org.apache.catalina.startup.VersionLoggerListener.log Command line argument: -Djdk.tls.ephemeralDHKeySize=2048
02-Dec-2024 23:58:48.189 INFO [main] org.apache.catalina.startup.VersionLoggerListener.log Command line argument: -Djava.protocol.handler.pkgs=org.apache.catalina.webresources
02-Dec-2024 23:58:48.189 INFO [main] org.apache.catalina.startup.VersionLoggerListener.log Command line argument: -Dorg.apache.catalina.security.SecurityListener.UMASK=0027
02-Dec-2024 23:58:48.190 INFO [main] org.apache.catalina.startup.VersionLoggerListener.log Command line argument: --add-opens=java.base/java.lang=ALL-UNNAMED
02-Dec-2024 23:58:48.191 INFO [main] org.apache.catalina.startup.VersionLoggerListener.log Command line argument: --add-opens=java.base/java.io=ALL-UNNAMED
02-Dec-2024 23:58:48.191 INFO [main] org.apache.catalina.startup.VersionLoggerListener.log Command line argument: --add-opens=java.base/java.util=ALL-UNNAMED
02-Dec-2024 23:58:48.191 INFO [main] org.apache.catalina.startup.VersionLoggerListener.log Command line argument: --add-opens=java.base/java.util.concurrent=ALL-UNNAMED
02-Dec-2024 23:58:48.192 INFO [main] org.apache.catalina.startup.VersionLoggerListener.log Command line argument: --add-opens=java.rmi/sun.rmi.transport=ALL-UNNAMED
02-Dec-2024 23:58:48.192 INFO [main] org.apache.catalina.startup.VersionLoggerListener.log Command line argument: -Dcatalina.base=/usr/local/tomcat
02-Dec-2024 23:58:48.193 INFO [main] org.apache.catalina.startup.VersionLoggerListener.log Command line argument: -Dcatalina.home=/usr/local/tomcat
02-Dec-2024 23:58:48.193 INFO [main] org.apache.catalina.startup.VersionLoggerListener.log Command line argument: -Djava.io.tmpdir=/usr/local/tomcat/temp
02-Dec-2024 23:58:48.196 INFO [main] org.apache.catalina.core.AprLifecycleListener.lifecycleEvent The Apache Tomcat Native library which allows using OpenSSL was not found on the java.library.path: [/usr/java/packages/lib:/usr/lib/x86_64-linux-gnu/jni:/lib/x86_64-linux-gnu:/usr/lib/x86_64-linux-gnu:/usr/lib/jni:/lib:/usr/lib]
02-Dec-2024 23:58:48.618 INFO [main] org.apache.coyote.AbstractProtocol.init Initializing ProtocolHandler ["http-nio-8080"]
02-Dec-2024 23:58:48.708 INFO [main] org.apache.catalina.startup.Catalina.load Server initialization in [909] milliseconds
02-Dec-2024 23:58:48.781 INFO [main] org.apache.catalina.core.StandardService.startInternal Starting service [Catalina]
02-Dec-2024 23:58:48.782 INFO [main] org.apache.catalina.core.StandardEngine.startInternal Starting Servlet engine: [Apache Tomcat/10.1.33]
02-Dec-2024 23:58:48.823 INFO [main] org.apache.catalina.startup.HostConfig.deployWAR Deploying web application archive [/usr/local/tomcat/webapps/Ezellohar.war]
02-Dec-2024 23:58:48.863 INFO [main] org.apache.catalina.startup.ExpandWar.expand An expanded directory [/usr/local/tomcat/webapps/Ezellohar] was found with a last modified time that did not match the associated WAR. It will be deleted.
02-Dec-2024 23:59:23.932 WARNING [main] org.apache.catalina.startup.ContextConfig.validateSecurityRoles Security role name [mayordomo] used in an <auth-constraint> without being defined in a <security-role>
02-Dec-2024 23:59:23.933 WARNING [main] org.apache.catalina.startup.ContextConfig.validateSecurityRoles Security role name [concilio] used in an <auth-constraint> without being defined in a <security-role>
02-Dec-2024 23:59:23.934 WARNING [main] org.apache.catalina.startup.ContextConfig.validateSecurityRoles Security role name [elrond] used in an <auth-constraint> without being defined in a <security-role>
02-Dec-2024 23:59:23.934 WARNING [main] org.apache.catalina.startup.ContextConfig.validateSecurityRoles Security role name [redes] used in an <auth-constraint> without being defined in a <security-role>
02-Dec-2024 23:59:23.935 WARNING [main] org.apache.catalina.startup.ContextConfig.validateSecurityRoles Security role name [actividades] used in an <auth-constraint> without being defined in a <security-role>
02-Dec-2024 23:59:23.935 WARNING [main] org.apache.catalina.startup.ContextConfig.validateSecurityRoles Security role name [tesoreria] used in an <auth-constraint> without being defined in a <security-role>
02-Dec-2024 23:59:24.097 INFO [main] org.apache.jasper.servlet.TldScanner.scanJars At least one JAR was scanned for TLDs yet contained no TLDs. Enable debug logging for this logger for a complete list of JARs that were scanned but no TLDs were found in them. Skipping unneeded JARs during scanning can improve startup time and JSP compilation time.
02-Dec-2024 23:59:24.289 INFO [main] org.apache.catalina.startup.HostConfig.deployWAR Deployment of web application archive [/usr/local/tomcat/webapps/Ezellohar.war] has finished in [35,466] ms
02-Dec-2024 23:59:24.301 INFO [main] org.apache.catalina.startup.HostConfig.deployWAR Deploying web application archive [/usr/local/tomcat/webapps/Valimar.war]
02-Dec-2024 23:59:39.376 INFO [main] org.apache.jasper.servlet.TldScanner.scanJars At least one JAR was scanned for TLDs yet contained no TLDs. Enable debug logging for this logger for a complete list of JARs that were scanned but no TLDs were found in them. Skipping unneeded JARs during scanning can improve startup time and JSP compilation time.
02-Dec-2024 23:59:39.392 INFO [main] org.apache.catalina.startup.HostConfig.deployWAR Deployment of web application archive [/usr/local/tomcat/webapps/Valimar.war] has finished in [15,091] ms
02-Dec-2024 23:59:39.395 INFO [main] org.apache.catalina.startup.HostConfig.deployDirectory Deploying web application directory [/usr/local/tomcat/webapps/ROOT]
02-Dec-2024 23:59:43.826 INFO [main] org.apache.jasper.servlet.TldScanner.scanJars At least one JAR was scanned for TLDs yet contained no TLDs. Enable debug logging for this logger for a complete list of JARs that were scanned but no TLDs were found in them. Skipping unneeded JARs during scanning can improve startup time and JSP compilation time.
02-Dec-2024 23:59:43.852 INFO [main] org.apache.catalina.startup.HostConfig.deployDirectory Deployment of web application directory [/usr/local/tomcat/webapps/ROOT] has finished in [4,458] ms
02-Dec-2024 23:59:43.863 INFO [main] org.apache.coyote.AbstractProtocol.start Starting ProtocolHandler ["http-nio-8080"]
02-Dec-2024 23:59:43.881 INFO [main] org.apache.catalina.startup.Catalina.start Server startup in [55174] milliseconds
