03-Dec-2024 22:37:03.327 SEVERE [main] org.apache.tomcat.util.descriptor.web.SecurityConstraint.findUncoveredHttpMethods For security constraints with URL pattern [/img/*] only the HTTP methods [POST GET] are covered. All other methods are uncovered.
03-Dec-2024 22:37:03.328 SEVERE [main] org.apache.tomcat.util.descriptor.web.SecurityConstraint.findUncoveredHttpMethods For security constraints with URL pattern [/admin/pagos/*] only the HTTP methods [POST GET] are covered. All other methods are uncovered.
03-Dec-2024 22:37:03.328 SEVERE [main] org.apache.tomcat.util.descriptor.web.SecurityConstraint.findUncoveredHttpMethods For security constraints with URL pattern [/admin/noticias/*] only the HTTP methods [POST GET] are covered. All other methods are uncovered.
03-Dec-2024 22:37:03.328 SEVERE [main] org.apache.tomcat.util.descriptor.web.SecurityConstraint.findUncoveredHttpMethods For security constraints with URL pattern [/ListInscritos] only the HTTP methods [POST GET] are covered. All other methods are uncovered.
03-Dec-2024 22:37:03.328 SEVERE [main] org.apache.tomcat.util.descriptor.web.SecurityConstraint.findUncoveredHttpMethods For security constraints with URL pattern [/GetAcceso] only the HTTP methods [POST GET] are covered. All other methods are uncovered.
03-Dec-2024 22:37:03.328 SEVERE [main] org.apache.tomcat.util.descriptor.web.SecurityConstraint.findUncoveredHttpMethods For security constraints with URL pattern [/admin/plazas/*] only the HTTP methods [POST GET] are covered. All other methods are uncovered.
03-Dec-2024 22:37:03.328 SEVERE [main] org.apache.tomcat.util.descriptor.web.SecurityConstraint.findUncoveredHttpMethods For security constraints with URL pattern [/admin/index.html] only the HTTP methods [POST GET] are covered. All other methods are uncovered.
03-Dec-2024 22:37:03.328 SEVERE [main] org.apache.tomcat.util.descriptor.web.SecurityConstraint.findUncoveredHttpMethods For security constraints with URL pattern [/script/*] only the HTTP methods [POST GET] are covered. All other methods are uncovered.
03-Dec-2024 22:37:03.328 SEVERE [main] org.apache.tomcat.util.descriptor.web.SecurityConstraint.findUncoveredHttpMethods For security constraints with URL pattern [/jquery/*] only the HTTP methods [POST GET] are covered. All other methods are uncovered.
03-Dec-2024 22:37:03.328 SEVERE [main] org.apache.tomcat.util.descriptor.web.SecurityConstraint.findUncoveredHttpMethods For security constraints with URL pattern [/css/*] only the HTTP methods [POST GET] are covered. All other methods are uncovered.
03-Dec-2024 22:37:03.328 SEVERE [main] org.apache.tomcat.util.descriptor.web.SecurityConstraint.findUncoveredHttpMethods For security constraints with URL pattern [/admin/mensajeria/*] only the HTTP methods [POST GET] are covered. All other methods are uncovered.
03-Dec-2024 22:37:03.328 SEVERE [main] org.apache.tomcat.util.descriptor.web.SecurityConstraint.findUncoveredHttpMethods For security constraints with URL pattern [/admin/espacios/*] only the HTTP methods [POST GET] are covered. All other methods are uncovered.
03-Dec-2024 22:37:03.329 SEVERE [main] org.apache.tomcat.util.descriptor.web.SecurityConstraint.findUncoveredHttpMethods For security constraints with URL pattern [/admin/inscritos/adminInscritos.html] only the HTTP methods [POST GET] are covered. All other methods are uncovered.
03-Dec-2024 22:37:03.329 SEVERE [main] org.apache.tomcat.util.descriptor.web.SecurityConstraint.findUncoveredHttpMethods For security constraints with URL pattern [/admin] only the HTTP methods [POST GET] are covered. All other methods are uncovered.
03-Dec-2024 22:37:03.329 SEVERE [main] org.apache.tomcat.util.descriptor.web.SecurityConstraint.findUncoveredHttpMethods For security constraints with URL pattern [/admin/actividades/*] only the HTTP methods [POST GET] are covered. All other methods are uncovered.
03-Dec-2024 22:37:03.329 SEVERE [main] org.apache.tomcat.util.descriptor.web.SecurityConstraint.findUncoveredHttpMethods For security constraints with URL pattern [/font/*] only the HTTP methods [POST GET] are covered. All other methods are uncovered.
03-Dec-2024 22:37:03.329 SEVERE [main] org.apache.tomcat.util.descriptor.web.SecurityConstraint.findUncoveredHttpMethods For security constraints with URL pattern [/*] only the HTTP methods [POST GET] are covered. All other methods are uncovered.
03-Dec-2024 22:37:03.329 SEVERE [main] org.apache.tomcat.util.descriptor.web.SecurityConstraint.findUncoveredHttpMethods For security constraints with URL pattern [/admin/planificacion/VerCalendarioPlanificacion] only the HTTP methods [POST GET] are covered. All other methods are uncovered.
03-Dec-2024 22:37:03.329 SEVERE [main] org.apache.tomcat.util.descriptor.web.SecurityConstraint.findUncoveredHttpMethods For security constraints with URL pattern [/admin/inscritos/*] only the HTTP methods [POST GET] are covered. All other methods are uncovered.
03-Dec-2024 22:42:27.716 SEVERE [main] org.apache.tomcat.util.descriptor.web.SecurityConstraint.findUncoveredHttpMethods For security constraints with URL pattern [/img/*] only the HTTP methods [POST GET] are covered. All other methods are uncovered.
03-Dec-2024 22:42:27.716 SEVERE [main] org.apache.tomcat.util.descriptor.web.SecurityConstraint.findUncoveredHttpMethods For security constraints with URL pattern [/admin/pagos/*] only the HTTP methods [POST GET] are covered. All other methods are uncovered.
03-Dec-2024 22:42:27.716 SEVERE [main] org.apache.tomcat.util.descriptor.web.SecurityConstraint.findUncoveredHttpMethods For security constraints with URL pattern [/admin/noticias/*] only the HTTP methods [POST GET] are covered. All other methods are uncovered.
03-Dec-2024 22:42:27.716 SEVERE [main] org.apache.tomcat.util.descriptor.web.SecurityConstraint.findUncoveredHttpMethods For security constraints with URL pattern [/ListInscritos] only the HTTP methods [POST GET] are covered. All other methods are uncovered.
03-Dec-2024 22:42:27.716 SEVERE [main] org.apache.tomcat.util.descriptor.web.SecurityConstraint.findUncoveredHttpMethods For security constraints with URL pattern [/GetAcceso] only the HTTP methods [POST GET] are covered. All other methods are uncovered.
03-Dec-2024 22:42:27.717 SEVERE [main] org.apache.tomcat.util.descriptor.web.SecurityConstraint.findUncoveredHttpMethods For security constraints with URL pattern [/admin/plazas/*] only the HTTP methods [POST GET] are covered. All other methods are uncovered.
03-Dec-2024 22:42:27.717 SEVERE [main] org.apache.tomcat.util.descriptor.web.SecurityConstraint.findUncoveredHttpMethods For security constraints with URL pattern [/admin/index.html] only the HTTP methods [POST GET] are covered. All other methods are uncovered.
03-Dec-2024 22:42:27.717 SEVERE [main] org.apache.tomcat.util.descriptor.web.SecurityConstraint.findUncoveredHttpMethods For security constraints with URL pattern [/script/*] only the HTTP methods [POST GET] are covered. All other methods are uncovered.
03-Dec-2024 22:42:27.717 SEVERE [main] org.apache.tomcat.util.descriptor.web.SecurityConstraint.findUncoveredHttpMethods For security constraints with URL pattern [/jquery/*] only the HTTP methods [POST GET] are covered. All other methods are uncovered.
03-Dec-2024 22:42:27.717 SEVERE [main] org.apache.tomcat.util.descriptor.web.SecurityConstraint.findUncoveredHttpMethods For security constraints with URL pattern [/css/*] only the HTTP methods [POST GET] are covered. All other methods are uncovered.
03-Dec-2024 22:42:27.717 SEVERE [main] org.apache.tomcat.util.descriptor.web.SecurityConstraint.findUncoveredHttpMethods For security constraints with URL pattern [/admin/mensajeria/*] only the HTTP methods [POST GET] are covered. All other methods are uncovered.
03-Dec-2024 22:42:27.717 SEVERE [main] org.apache.tomcat.util.descriptor.web.SecurityConstraint.findUncoveredHttpMethods For security constraints with URL pattern [/admin/espacios/*] only the HTTP methods [POST GET] are covered. All other methods are uncovered.
03-Dec-2024 22:42:27.718 SEVERE [main] org.apache.tomcat.util.descriptor.web.SecurityConstraint.findUncoveredHttpMethods For security constraints with URL pattern [/admin/inscritos/adminInscritos.html] only the HTTP methods [POST GET] are covered. All other methods are uncovered.
03-Dec-2024 22:42:27.720 SEVERE [main] org.apache.tomcat.util.descriptor.web.SecurityConstraint.findUncoveredHttpMethods For security constraints with URL pattern [/admin] only the HTTP methods [POST GET] are covered. All other methods are uncovered.
03-Dec-2024 22:42:27.720 SEVERE [main] org.apache.tomcat.util.descriptor.web.SecurityConstraint.findUncoveredHttpMethods For security constraints with URL pattern [/admin/actividades/*] only the HTTP methods [POST GET] are covered. All other methods are uncovered.
03-Dec-2024 22:42:27.721 SEVERE [main] org.apache.tomcat.util.descriptor.web.SecurityConstraint.findUncoveredHttpMethods For security constraints with URL pattern [/font/*] only the HTTP methods [POST GET] are covered. All other methods are uncovered.
03-Dec-2024 22:42:27.721 SEVERE [main] org.apache.tomcat.util.descriptor.web.SecurityConstraint.findUncoveredHttpMethods For security constraints with URL pattern [/*] only the HTTP methods [POST GET] are covered. All other methods are uncovered.
03-Dec-2024 22:42:27.721 SEVERE [main] org.apache.tomcat.util.descriptor.web.SecurityConstraint.findUncoveredHttpMethods For security constraints with URL pattern [/admin/planificacion/VerCalendarioPlanificacion] only the HTTP methods [POST GET] are covered. All other methods are uncovered.
03-Dec-2024 22:42:27.722 SEVERE [main] org.apache.tomcat.util.descriptor.web.SecurityConstraint.findUncoveredHttpMethods For security constraints with URL pattern [/admin/inscritos/*] only the HTTP methods [POST GET] are covered. All other methods are uncovered.
03-Dec-2024 23:21:06.603 SEVERE [main] org.apache.tomcat.util.descriptor.web.SecurityConstraint.findUncoveredHttpMethods For security constraints with URL pattern [/img/*] only the HTTP methods [POST GET] are covered. All other methods are uncovered.
03-Dec-2024 23:21:06.603 SEVERE [main] org.apache.tomcat.util.descriptor.web.SecurityConstraint.findUncoveredHttpMethods For security constraints with URL pattern [/admin/pagos/*] only the HTTP methods [POST GET] are covered. All other methods are uncovered.
03-Dec-2024 23:21:06.603 SEVERE [main] org.apache.tomcat.util.descriptor.web.SecurityConstraint.findUncoveredHttpMethods For security constraints with URL pattern [/admin/noticias/*] only the HTTP methods [POST GET] are covered. All other methods are uncovered.
03-Dec-2024 23:21:06.604 SEVERE [main] org.apache.tomcat.util.descriptor.web.SecurityConstraint.findUncoveredHttpMethods For security constraints with URL pattern [/ListInscritos] only the HTTP methods [POST GET] are covered. All other methods are uncovered.
03-Dec-2024 23:21:06.604 SEVERE [main] org.apache.tomcat.util.descriptor.web.SecurityConstraint.findUncoveredHttpMethods For security constraints with URL pattern [/GetAcceso] only the HTTP methods [POST GET] are covered. All other methods are uncovered.
03-Dec-2024 23:21:06.604 SEVERE [main] org.apache.tomcat.util.descriptor.web.SecurityConstraint.findUncoveredHttpMethods For security constraints with URL pattern [/admin/plazas/*] only the HTTP methods [POST GET] are covered. All other methods are uncovered.
03-Dec-2024 23:21:06.604 SEVERE [main] org.apache.tomcat.util.descriptor.web.SecurityConstraint.findUncoveredHttpMethods For security constraints with URL pattern [/admin/index.html] only the HTTP methods [POST GET] are covered. All other methods are uncovered.
03-Dec-2024 23:21:06.604 SEVERE [main] org.apache.tomcat.util.descriptor.web.SecurityConstraint.findUncoveredHttpMethods For security constraints with URL pattern [/script/*] only the HTTP methods [POST GET] are covered. All other methods are uncovered.
03-Dec-2024 23:21:06.604 SEVERE [main] org.apache.tomcat.util.descriptor.web.SecurityConstraint.findUncoveredHttpMethods For security constraints with URL pattern [/jquery/*] only the HTTP methods [POST GET] are covered. All other methods are uncovered.
03-Dec-2024 23:21:06.604 SEVERE [main] org.apache.tomcat.util.descriptor.web.SecurityConstraint.findUncoveredHttpMethods For security constraints with URL pattern [/css/*] only the HTTP methods [POST GET] are covered. All other methods are uncovered.
03-Dec-2024 23:21:06.604 SEVERE [main] org.apache.tomcat.util.descriptor.web.SecurityConstraint.findUncoveredHttpMethods For security constraints with URL pattern [/admin/mensajeria/*] only the HTTP methods [POST GET] are covered. All other methods are uncovered.
03-Dec-2024 23:21:06.604 SEVERE [main] org.apache.tomcat.util.descriptor.web.SecurityConstraint.findUncoveredHttpMethods For security constraints with URL pattern [/admin/espacios/*] only the HTTP methods [POST GET] are covered. All other methods are uncovered.
03-Dec-2024 23:21:06.604 SEVERE [main] org.apache.tomcat.util.descriptor.web.SecurityConstraint.findUncoveredHttpMethods For security constraints with URL pattern [/admin/inscritos/adminInscritos.html] only the HTTP methods [POST GET] are covered. All other methods are uncovered.
03-Dec-2024 23:21:06.604 SEVERE [main] org.apache.tomcat.util.descriptor.web.SecurityConstraint.findUncoveredHttpMethods For security constraints with URL pattern [/admin] only the HTTP methods [POST GET] are covered. All other methods are uncovered.
03-Dec-2024 23:21:06.604 SEVERE [main] org.apache.tomcat.util.descriptor.web.SecurityConstraint.findUncoveredHttpMethods For security constraints with URL pattern [/admin/actividades/*] only the HTTP methods [POST GET] are covered. All other methods are uncovered.
03-Dec-2024 23:21:06.604 SEVERE [main] org.apache.tomcat.util.descriptor.web.SecurityConstraint.findUncoveredHttpMethods For security constraints with URL pattern [/font/*] only the HTTP methods [POST GET] are covered. All other methods are uncovered.
03-Dec-2024 23:21:06.604 SEVERE [main] org.apache.tomcat.util.descriptor.web.SecurityConstraint.findUncoveredHttpMethods For security constraints with URL pattern [/*] only the HTTP methods [POST GET] are covered. All other methods are uncovered.
03-Dec-2024 23:21:06.605 SEVERE [main] org.apache.tomcat.util.descriptor.web.SecurityConstraint.findUncoveredHttpMethods For security constraints with URL pattern [/admin/planificacion/VerCalendarioPlanificacion] only the HTTP methods [POST GET] are covered. All other methods are uncovered.
03-Dec-2024 23:21:06.605 SEVERE [main] org.apache.tomcat.util.descriptor.web.SecurityConstraint.findUncoveredHttpMethods For security constraints with URL pattern [/admin/inscritos/*] only the HTTP methods [POST GET] are covered. All other methods are uncovered.
