01-Dec-2024 00:18:16.925 SEVERE [main] org.apache.tomcat.util.descriptor.web.SecurityConstraint.findUncoveredHttpMethods For security constraints with URL pattern [/img/*] only the HTTP methods [POST GET] are covered. All other methods are uncovered.
01-Dec-2024 00:18:16.925 SEVERE [main] org.apache.tomcat.util.descriptor.web.SecurityConstraint.findUncoveredHttpMethods For security constraints with URL pattern [/admin/pagos/*] only the HTTP methods [POST GET] are covered. All other methods are uncovered.
01-Dec-2024 00:18:16.926 SEVERE [main] org.apache.tomcat.util.descriptor.web.SecurityConstraint.findUncoveredHttpMethods For security constraints with URL pattern [/admin/noticias/*] only the HTTP methods [POST GET] are covered. All other methods are uncovered.
01-Dec-2024 00:18:16.926 SEVERE [main] org.apache.tomcat.util.descriptor.web.SecurityConstraint.findUncoveredHttpMethods For security constraints with URL pattern [/ListInscritos] only the HTTP methods [POST GET] are covered. All other methods are uncovered.
01-Dec-2024 00:18:16.926 SEVERE [main] org.apache.tomcat.util.descriptor.web.SecurityConstraint.findUncoveredHttpMethods For security constraints with URL pattern [/GetAcceso] only the HTTP methods [POST GET] are covered. All other methods are uncovered.
01-Dec-2024 00:18:16.926 SEVERE [main] org.apache.tomcat.util.descriptor.web.SecurityConstraint.findUncoveredHttpMethods For security constraints with URL pattern [/admin/plazas/*] only the HTTP methods [POST GET] are covered. All other methods are uncovered.
01-Dec-2024 00:18:16.926 SEVERE [main] org.apache.tomcat.util.descriptor.web.SecurityConstraint.findUncoveredHttpMethods For security constraints with URL pattern [/admin/index.html] only the HTTP methods [POST GET] are covered. All other methods are uncovered.
01-Dec-2024 00:18:16.926 SEVERE [main] org.apache.tomcat.util.descriptor.web.SecurityConstraint.findUncoveredHttpMethods For security constraints with URL pattern [/script/*] only the HTTP methods [POST GET] are covered. All other methods are uncovered.
01-Dec-2024 00:18:16.926 SEVERE [main] org.apache.tomcat.util.descriptor.web.SecurityConstraint.findUncoveredHttpMethods For security constraints with URL pattern [/jquery/*] only the HTTP methods [POST GET] are covered. All other methods are uncovered.
01-Dec-2024 00:18:16.926 SEVERE [main] org.apache.tomcat.util.descriptor.web.SecurityConstraint.findUncoveredHttpMethods For security constraints with URL pattern [/css/*] only the HTTP methods [POST GET] are covered. All other methods are uncovered.
01-Dec-2024 00:18:16.927 SEVERE [main] org.apache.tomcat.util.descriptor.web.SecurityConstraint.findUncoveredHttpMethods For security constraints with URL pattern [/admin/mensajeria/*] only the HTTP methods [POST GET] are covered. All other methods are uncovered.
01-Dec-2024 00:18:16.927 SEVERE [main] org.apache.tomcat.util.descriptor.web.SecurityConstraint.findUncoveredHttpMethods For security constraints with URL pattern [/admin/espacios/*] only the HTTP methods [POST GET] are covered. All other methods are uncovered.
01-Dec-2024 00:18:16.927 SEVERE [main] org.apache.tomcat.util.descriptor.web.SecurityConstraint.findUncoveredHttpMethods For security constraints with URL pattern [/admin/inscritos/adminInscritos.html] only the HTTP methods [POST GET] are covered. All other methods are uncovered.
01-Dec-2024 00:18:16.927 SEVERE [main] org.apache.tomcat.util.descriptor.web.SecurityConstraint.findUncoveredHttpMethods For security constraints with URL pattern [/admin] only the HTTP methods [POST GET] are covered. All other methods are uncovered.
01-Dec-2024 00:18:16.927 SEVERE [main] org.apache.tomcat.util.descriptor.web.SecurityConstraint.findUncoveredHttpMethods For security constraints with URL pattern [/admin/actividades/*] only the HTTP methods [POST GET] are covered. All other methods are uncovered.
01-Dec-2024 00:18:16.927 SEVERE [main] org.apache.tomcat.util.descriptor.web.SecurityConstraint.findUncoveredHttpMethods For security constraints with URL pattern [/font/*] only the HTTP methods [POST GET] are covered. All other methods are uncovered.
01-Dec-2024 00:18:16.927 SEVERE [main] org.apache.tomcat.util.descriptor.web.SecurityConstraint.findUncoveredHttpMethods For security constraints with URL pattern [/*] only the HTTP methods [POST GET] are covered. All other methods are uncovered.
01-Dec-2024 00:18:16.927 SEVERE [main] org.apache.tomcat.util.descriptor.web.SecurityConstraint.findUncoveredHttpMethods For security constraints with URL pattern [/admin/planificacion/VerCalendarioPlanificacion] only the HTTP methods [POST GET] are covered. All other methods are uncovered.
01-Dec-2024 00:18:16.928 SEVERE [main] org.apache.tomcat.util.descriptor.web.SecurityConstraint.findUncoveredHttpMethods For security constraints with URL pattern [/admin/inscritos/*] only the HTTP methods [POST GET] are covered. All other methods are uncovered.
01-Dec-2024 00:27:56.833 SEVERE [main] org.apache.tomcat.util.descriptor.web.SecurityConstraint.findUncoveredHttpMethods For security constraints with URL pattern [/img/*] only the HTTP methods [POST GET] are covered. All other methods are uncovered.
01-Dec-2024 00:27:56.833 SEVERE [main] org.apache.tomcat.util.descriptor.web.SecurityConstraint.findUncoveredHttpMethods For security constraints with URL pattern [/admin/pagos/*] only the HTTP methods [POST GET] are covered. All other methods are uncovered.
01-Dec-2024 00:27:56.834 SEVERE [main] org.apache.tomcat.util.descriptor.web.SecurityConstraint.findUncoveredHttpMethods For security constraints with URL pattern [/admin/noticias/*] only the HTTP methods [POST GET] are covered. All other methods are uncovered.
01-Dec-2024 00:27:56.834 SEVERE [main] org.apache.tomcat.util.descriptor.web.SecurityConstraint.findUncoveredHttpMethods For security constraints with URL pattern [/ListInscritos] only the HTTP methods [POST GET] are covered. All other methods are uncovered.
01-Dec-2024 00:27:56.834 SEVERE [main] org.apache.tomcat.util.descriptor.web.SecurityConstraint.findUncoveredHttpMethods For security constraints with URL pattern [/GetAcceso] only the HTTP methods [POST GET] are covered. All other methods are uncovered.
01-Dec-2024 00:27:56.834 SEVERE [main] org.apache.tomcat.util.descriptor.web.SecurityConstraint.findUncoveredHttpMethods For security constraints with URL pattern [/admin/plazas/*] only the HTTP methods [POST GET] are covered. All other methods are uncovered.
01-Dec-2024 00:27:56.834 SEVERE [main] org.apache.tomcat.util.descriptor.web.SecurityConstraint.findUncoveredHttpMethods For security constraints with URL pattern [/admin/index.html] only the HTTP methods [POST GET] are covered. All other methods are uncovered.
01-Dec-2024 00:27:56.834 SEVERE [main] org.apache.tomcat.util.descriptor.web.SecurityConstraint.findUncoveredHttpMethods For security constraints with URL pattern [/script/*] only the HTTP methods [POST GET] are covered. All other methods are uncovered.
01-Dec-2024 00:27:56.834 SEVERE [main] org.apache.tomcat.util.descriptor.web.SecurityConstraint.findUncoveredHttpMethods For security constraints with URL pattern [/jquery/*] only the HTTP methods [POST GET] are covered. All other methods are uncovered.
01-Dec-2024 00:27:56.834 SEVERE [main] org.apache.tomcat.util.descriptor.web.SecurityConstraint.findUncoveredHttpMethods For security constraints with URL pattern [/css/*] only the HTTP methods [POST GET] are covered. All other methods are uncovered.
01-Dec-2024 00:27:56.834 SEVERE [main] org.apache.tomcat.util.descriptor.web.SecurityConstraint.findUncoveredHttpMethods For security constraints with URL pattern [/admin/mensajeria/*] only the HTTP methods [POST GET] are covered. All other methods are uncovered.
01-Dec-2024 00:27:56.834 SEVERE [main] org.apache.tomcat.util.descriptor.web.SecurityConstraint.findUncoveredHttpMethods For security constraints with URL pattern [/admin/espacios/*] only the HTTP methods [POST GET] are covered. All other methods are uncovered.
01-Dec-2024 00:27:56.834 SEVERE [main] org.apache.tomcat.util.descriptor.web.SecurityConstraint.findUncoveredHttpMethods For security constraints with URL pattern [/admin] only the HTTP methods [POST GET] are covered. All other methods are uncovered.
01-Dec-2024 00:27:56.835 SEVERE [main] org.apache.tomcat.util.descriptor.web.SecurityConstraint.findUncoveredHttpMethods For security constraints with URL pattern [/admin/actividades/*] only the HTTP methods [POST GET] are covered. All other methods are uncovered.
01-Dec-2024 00:27:56.835 SEVERE [main] org.apache.tomcat.util.descriptor.web.SecurityConstraint.findUncoveredHttpMethods For security constraints with URL pattern [/admin/inscritos/adminInscritos.html] only the HTTP methods [POST GET] are covered. All other methods are uncovered.
01-Dec-2024 00:27:56.835 SEVERE [main] org.apache.tomcat.util.descriptor.web.SecurityConstraint.findUncoveredHttpMethods For security constraints with URL pattern [/font/*] only the HTTP methods [POST GET] are covered. All other methods are uncovered.
01-Dec-2024 00:27:56.835 SEVERE [main] org.apache.tomcat.util.descriptor.web.SecurityConstraint.findUncoveredHttpMethods For security constraints with URL pattern [/*] only the HTTP methods [POST GET] are covered. All other methods are uncovered.
01-Dec-2024 00:27:56.835 SEVERE [main] org.apache.tomcat.util.descriptor.web.SecurityConstraint.findUncoveredHttpMethods For security constraints with URL pattern [/admin/planificacion/VerCalendarioPlanificacion] only the HTTP methods [POST GET] are covered. All other methods are uncovered.
01-Dec-2024 00:27:56.835 SEVERE [main] org.apache.tomcat.util.descriptor.web.SecurityConstraint.findUncoveredHttpMethods For security constraints with URL pattern [/admin/inscritos/*] only the HTTP methods [POST GET] are covered. All other methods are uncovered.
01-Dec-2024 00:36:18.033 SEVERE [main] org.apache.tomcat.util.descriptor.web.SecurityConstraint.findUncoveredHttpMethods For security constraints with URL pattern [/img/*] only the HTTP methods [POST GET] are covered. All other methods are uncovered.
01-Dec-2024 00:36:18.034 SEVERE [main] org.apache.tomcat.util.descriptor.web.SecurityConstraint.findUncoveredHttpMethods For security constraints with URL pattern [/admin/pagos/*] only the HTTP methods [POST GET] are covered. All other methods are uncovered.
01-Dec-2024 00:36:18.034 SEVERE [main] org.apache.tomcat.util.descriptor.web.SecurityConstraint.findUncoveredHttpMethods For security constraints with URL pattern [/admin/noticias/*] only the HTTP methods [POST GET] are covered. All other methods are uncovered.
01-Dec-2024 00:36:18.034 SEVERE [main] org.apache.tomcat.util.descriptor.web.SecurityConstraint.findUncoveredHttpMethods For security constraints with URL pattern [/ListInscritos] only the HTTP methods [POST GET] are covered. All other methods are uncovered.
01-Dec-2024 00:36:18.034 SEVERE [main] org.apache.tomcat.util.descriptor.web.SecurityConstraint.findUncoveredHttpMethods For security constraints with URL pattern [/GetAcceso] only the HTTP methods [POST GET] are covered. All other methods are uncovered.
01-Dec-2024 00:36:18.034 SEVERE [main] org.apache.tomcat.util.descriptor.web.SecurityConstraint.findUncoveredHttpMethods For security constraints with URL pattern [/admin/plazas/*] only the HTTP methods [POST GET] are covered. All other methods are uncovered.
01-Dec-2024 00:36:18.034 SEVERE [main] org.apache.tomcat.util.descriptor.web.SecurityConstraint.findUncoveredHttpMethods For security constraints with URL pattern [/admin/index.html] only the HTTP methods [POST GET] are covered. All other methods are uncovered.
01-Dec-2024 00:36:18.034 SEVERE [main] org.apache.tomcat.util.descriptor.web.SecurityConstraint.findUncoveredHttpMethods For security constraints with URL pattern [/script/*] only the HTTP methods [POST GET] are covered. All other methods are uncovered.
01-Dec-2024 00:36:18.034 SEVERE [main] org.apache.tomcat.util.descriptor.web.SecurityConstraint.findUncoveredHttpMethods For security constraints with URL pattern [/jquery/*] only the HTTP methods [POST GET] are covered. All other methods are uncovered.
01-Dec-2024 00:36:18.034 SEVERE [main] org.apache.tomcat.util.descriptor.web.SecurityConstraint.findUncoveredHttpMethods For security constraints with URL pattern [/css/*] only the HTTP methods [POST GET] are covered. All other methods are uncovered.
01-Dec-2024 00:36:18.034 SEVERE [main] org.apache.tomcat.util.descriptor.web.SecurityConstraint.findUncoveredHttpMethods For security constraints with URL pattern [/admin/mensajeria/*] only the HTTP methods [POST GET] are covered. All other methods are uncovered.
01-Dec-2024 00:36:18.034 SEVERE [main] org.apache.tomcat.util.descriptor.web.SecurityConstraint.findUncoveredHttpMethods For security constraints with URL pattern [/admin/espacios/*] only the HTTP methods [POST GET] are covered. All other methods are uncovered.
01-Dec-2024 00:36:18.034 SEVERE [main] org.apache.tomcat.util.descriptor.web.SecurityConstraint.findUncoveredHttpMethods For security constraints with URL pattern [/admin/inscritos/adminInscritos.html] only the HTTP methods [POST GET] are covered. All other methods are uncovered.
01-Dec-2024 00:36:18.034 SEVERE [main] org.apache.tomcat.util.descriptor.web.SecurityConstraint.findUncoveredHttpMethods For security constraints with URL pattern [/admin] only the HTTP methods [POST GET] are covered. All other methods are uncovered.
01-Dec-2024 00:36:18.035 SEVERE [main] org.apache.tomcat.util.descriptor.web.SecurityConstraint.findUncoveredHttpMethods For security constraints with URL pattern [/admin/actividades/*] only the HTTP methods [POST GET] are covered. All other methods are uncovered.
01-Dec-2024 00:36:18.035 SEVERE [main] org.apache.tomcat.util.descriptor.web.SecurityConstraint.findUncoveredHttpMethods For security constraints with URL pattern [/font/*] only the HTTP methods [POST GET] are covered. All other methods are uncovered.
01-Dec-2024 00:36:18.035 SEVERE [main] org.apache.tomcat.util.descriptor.web.SecurityConstraint.findUncoveredHttpMethods For security constraints with URL pattern [/*] only the HTTP methods [POST GET] are covered. All other methods are uncovered.
01-Dec-2024 00:36:18.035 SEVERE [main] org.apache.tomcat.util.descriptor.web.SecurityConstraint.findUncoveredHttpMethods For security constraints with URL pattern [/admin/planificacion/VerCalendarioPlanificacion] only the HTTP methods [POST GET] are covered. All other methods are uncovered.
01-Dec-2024 00:36:18.035 SEVERE [main] org.apache.tomcat.util.descriptor.web.SecurityConstraint.findUncoveredHttpMethods For security constraints with URL pattern [/admin/inscritos/*] only the HTTP methods [POST GET] are covered. All other methods are uncovered.
01-Dec-2024 22:20:15.984 SEVERE [main] org.apache.tomcat.util.descriptor.web.SecurityConstraint.findUncoveredHttpMethods For security constraints with URL pattern [/img/*] only the HTTP methods [POST GET] are covered. All other methods are uncovered.
01-Dec-2024 22:20:15.984 SEVERE [main] org.apache.tomcat.util.descriptor.web.SecurityConstraint.findUncoveredHttpMethods For security constraints with URL pattern [/admin/pagos/*] only the HTTP methods [POST GET] are covered. All other methods are uncovered.
01-Dec-2024 22:20:15.984 SEVERE [main] org.apache.tomcat.util.descriptor.web.SecurityConstraint.findUncoveredHttpMethods For security constraints with URL pattern [/admin/noticias/*] only the HTTP methods [POST GET] are covered. All other methods are uncovered.
01-Dec-2024 22:20:15.984 SEVERE [main] org.apache.tomcat.util.descriptor.web.SecurityConstraint.findUncoveredHttpMethods For security constraints with URL pattern [/ListInscritos] only the HTTP methods [POST GET] are covered. All other methods are uncovered.
01-Dec-2024 22:20:15.984 SEVERE [main] org.apache.tomcat.util.descriptor.web.SecurityConstraint.findUncoveredHttpMethods For security constraints with URL pattern [/GetAcceso] only the HTTP methods [POST GET] are covered. All other methods are uncovered.
01-Dec-2024 22:20:15.984 SEVERE [main] org.apache.tomcat.util.descriptor.web.SecurityConstraint.findUncoveredHttpMethods For security constraints with URL pattern [/admin/plazas/*] only the HTTP methods [POST GET] are covered. All other methods are uncovered.
01-Dec-2024 22:20:15.984 SEVERE [main] org.apache.tomcat.util.descriptor.web.SecurityConstraint.findUncoveredHttpMethods For security constraints with URL pattern [/admin/index.html] only the HTTP methods [POST GET] are covered. All other methods are uncovered.
01-Dec-2024 22:20:15.984 SEVERE [main] org.apache.tomcat.util.descriptor.web.SecurityConstraint.findUncoveredHttpMethods For security constraints with URL pattern [/script/*] only the HTTP methods [POST GET] are covered. All other methods are uncovered.
01-Dec-2024 22:20:15.984 SEVERE [main] org.apache.tomcat.util.descriptor.web.SecurityConstraint.findUncoveredHttpMethods For security constraints with URL pattern [/jquery/*] only the HTTP methods [POST GET] are covered. All other methods are uncovered.
01-Dec-2024 22:20:15.985 SEVERE [main] org.apache.tomcat.util.descriptor.web.SecurityConstraint.findUncoveredHttpMethods For security constraints with URL pattern [/css/*] only the HTTP methods [POST GET] are covered. All other methods are uncovered.
01-Dec-2024 22:20:15.985 SEVERE [main] org.apache.tomcat.util.descriptor.web.SecurityConstraint.findUncoveredHttpMethods For security constraints with URL pattern [/admin/mensajeria/*] only the HTTP methods [POST GET] are covered. All other methods are uncovered.
01-Dec-2024 22:20:15.985 SEVERE [main] org.apache.tomcat.util.descriptor.web.SecurityConstraint.findUncoveredHttpMethods For security constraints with URL pattern [/admin/espacios/*] only the HTTP methods [POST GET] are covered. All other methods are uncovered.
01-Dec-2024 22:20:15.985 SEVERE [main] org.apache.tomcat.util.descriptor.web.SecurityConstraint.findUncoveredHttpMethods For security constraints with URL pattern [/admin] only the HTTP methods [POST GET] are covered. All other methods are uncovered.
01-Dec-2024 22:20:15.985 SEVERE [main] org.apache.tomcat.util.descriptor.web.SecurityConstraint.findUncoveredHttpMethods For security constraints with URL pattern [/admin/actividades/*] only the HTTP methods [POST GET] are covered. All other methods are uncovered.
01-Dec-2024 22:20:15.985 SEVERE [main] org.apache.tomcat.util.descriptor.web.SecurityConstraint.findUncoveredHttpMethods For security constraints with URL pattern [/admin/inscritos/adminInscritos.html] only the HTTP methods [POST GET] are covered. All other methods are uncovered.
01-Dec-2024 22:20:15.986 SEVERE [main] org.apache.tomcat.util.descriptor.web.SecurityConstraint.findUncoveredHttpMethods For security constraints with URL pattern [/font/*] only the HTTP methods [POST GET] are covered. All other methods are uncovered.
01-Dec-2024 22:20:15.986 SEVERE [main] org.apache.tomcat.util.descriptor.web.SecurityConstraint.findUncoveredHttpMethods For security constraints with URL pattern [/*] only the HTTP methods [POST GET] are covered. All other methods are uncovered.
01-Dec-2024 22:20:15.986 SEVERE [main] org.apache.tomcat.util.descriptor.web.SecurityConstraint.findUncoveredHttpMethods For security constraints with URL pattern [/admin/planificacion/VerCalendarioPlanificacion] only the HTTP methods [POST GET] are covered. All other methods are uncovered.
01-Dec-2024 22:20:15.986 SEVERE [main] org.apache.tomcat.util.descriptor.web.SecurityConstraint.findUncoveredHttpMethods For security constraints with URL pattern [/admin/inscritos/*] only the HTTP methods [POST GET] are covered. All other methods are uncovered.
01-Dec-2024 23:31:31.443 SEVERE [main] org.apache.tomcat.util.descriptor.web.SecurityConstraint.findUncoveredHttpMethods For security constraints with URL pattern [/img/*] only the HTTP methods [POST GET] are covered. All other methods are uncovered.
01-Dec-2024 23:31:31.443 SEVERE [main] org.apache.tomcat.util.descriptor.web.SecurityConstraint.findUncoveredHttpMethods For security constraints with URL pattern [/admin/pagos/*] only the HTTP methods [POST GET] are covered. All other methods are uncovered.
01-Dec-2024 23:31:31.444 SEVERE [main] org.apache.tomcat.util.descriptor.web.SecurityConstraint.findUncoveredHttpMethods For security constraints with URL pattern [/admin/noticias/*] only the HTTP methods [POST GET] are covered. All other methods are uncovered.
01-Dec-2024 23:31:31.444 SEVERE [main] org.apache.tomcat.util.descriptor.web.SecurityConstraint.findUncoveredHttpMethods For security constraints with URL pattern [/ListInscritos] only the HTTP methods [POST GET] are covered. All other methods are uncovered.
01-Dec-2024 23:31:31.444 SEVERE [main] org.apache.tomcat.util.descriptor.web.SecurityConstraint.findUncoveredHttpMethods For security constraints with URL pattern [/GetAcceso] only the HTTP methods [POST GET] are covered. All other methods are uncovered.
01-Dec-2024 23:31:31.444 SEVERE [main] org.apache.tomcat.util.descriptor.web.SecurityConstraint.findUncoveredHttpMethods For security constraints with URL pattern [/admin/plazas/*] only the HTTP methods [POST GET] are covered. All other methods are uncovered.
01-Dec-2024 23:31:31.444 SEVERE [main] org.apache.tomcat.util.descriptor.web.SecurityConstraint.findUncoveredHttpMethods For security constraints with URL pattern [/admin/index.html] only the HTTP methods [POST GET] are covered. All other methods are uncovered.
01-Dec-2024 23:31:31.444 SEVERE [main] org.apache.tomcat.util.descriptor.web.SecurityConstraint.findUncoveredHttpMethods For security constraints with URL pattern [/script/*] only the HTTP methods [POST GET] are covered. All other methods are uncovered.
01-Dec-2024 23:31:31.444 SEVERE [main] org.apache.tomcat.util.descriptor.web.SecurityConstraint.findUncoveredHttpMethods For security constraints with URL pattern [/jquery/*] only the HTTP methods [POST GET] are covered. All other methods are uncovered.
01-Dec-2024 23:31:31.444 SEVERE [main] org.apache.tomcat.util.descriptor.web.SecurityConstraint.findUncoveredHttpMethods For security constraints with URL pattern [/css/*] only the HTTP methods [POST GET] are covered. All other methods are uncovered.
01-Dec-2024 23:31:31.445 SEVERE [main] org.apache.tomcat.util.descriptor.web.SecurityConstraint.findUncoveredHttpMethods For security constraints with URL pattern [/admin/mensajeria/*] only the HTTP methods [POST GET] are covered. All other methods are uncovered.
01-Dec-2024 23:31:31.445 SEVERE [main] org.apache.tomcat.util.descriptor.web.SecurityConstraint.findUncoveredHttpMethods For security constraints with URL pattern [/admin/espacios/*] only the HTTP methods [POST GET] are covered. All other methods are uncovered.
01-Dec-2024 23:31:31.445 SEVERE [main] org.apache.tomcat.util.descriptor.web.SecurityConstraint.findUncoveredHttpMethods For security constraints with URL pattern [/admin/inscritos/adminInscritos.html] only the HTTP methods [POST GET] are covered. All other methods are uncovered.
01-Dec-2024 23:31:31.445 SEVERE [main] org.apache.tomcat.util.descriptor.web.SecurityConstraint.findUncoveredHttpMethods For security constraints with URL pattern [/admin] only the HTTP methods [POST GET] are covered. All other methods are uncovered.
01-Dec-2024 23:31:31.445 SEVERE [main] org.apache.tomcat.util.descriptor.web.SecurityConstraint.findUncoveredHttpMethods For security constraints with URL pattern [/admin/actividades/*] only the HTTP methods [POST GET] are covered. All other methods are uncovered.
01-Dec-2024 23:31:31.445 SEVERE [main] org.apache.tomcat.util.descriptor.web.SecurityConstraint.findUncoveredHttpMethods For security constraints with URL pattern [/font/*] only the HTTP methods [POST GET] are covered. All other methods are uncovered.
01-Dec-2024 23:31:31.446 SEVERE [main] org.apache.tomcat.util.descriptor.web.SecurityConstraint.findUncoveredHttpMethods For security constraints with URL pattern [/*] only the HTTP methods [POST GET] are covered. All other methods are uncovered.
01-Dec-2024 23:31:31.446 SEVERE [main] org.apache.tomcat.util.descriptor.web.SecurityConstraint.findUncoveredHttpMethods For security constraints with URL pattern [/admin/planificacion/VerCalendarioPlanificacion] only the HTTP methods [POST GET] are covered. All other methods are uncovered.
01-Dec-2024 23:31:31.446 SEVERE [main] org.apache.tomcat.util.descriptor.web.SecurityConstraint.findUncoveredHttpMethods For security constraints with URL pattern [/admin/inscritos/*] only the HTTP methods [POST GET] are covered. All other methods are uncovered.
01-Dec-2024 23:37:45.181 SEVERE [main] org.apache.tomcat.util.descriptor.web.SecurityConstraint.findUncoveredHttpMethods For security constraints with URL pattern [/img/*] only the HTTP methods [POST GET] are covered. All other methods are uncovered.
01-Dec-2024 23:37:45.181 SEVERE [main] org.apache.tomcat.util.descriptor.web.SecurityConstraint.findUncoveredHttpMethods For security constraints with URL pattern [/admin/pagos/*] only the HTTP methods [POST GET] are covered. All other methods are uncovered.
01-Dec-2024 23:37:45.181 SEVERE [main] org.apache.tomcat.util.descriptor.web.SecurityConstraint.findUncoveredHttpMethods For security constraints with URL pattern [/admin/noticias/*] only the HTTP methods [POST GET] are covered. All other methods are uncovered.
01-Dec-2024 23:37:45.182 SEVERE [main] org.apache.tomcat.util.descriptor.web.SecurityConstraint.findUncoveredHttpMethods For security constraints with URL pattern [/ListInscritos] only the HTTP methods [POST GET] are covered. All other methods are uncovered.
01-Dec-2024 23:37:45.182 SEVERE [main] org.apache.tomcat.util.descriptor.web.SecurityConstraint.findUncoveredHttpMethods For security constraints with URL pattern [/GetAcceso] only the HTTP methods [POST GET] are covered. All other methods are uncovered.
01-Dec-2024 23:37:45.182 SEVERE [main] org.apache.tomcat.util.descriptor.web.SecurityConstraint.findUncoveredHttpMethods For security constraints with URL pattern [/admin/plazas/*] only the HTTP methods [POST GET] are covered. All other methods are uncovered.
01-Dec-2024 23:37:45.182 SEVERE [main] org.apache.tomcat.util.descriptor.web.SecurityConstraint.findUncoveredHttpMethods For security constraints with URL pattern [/admin/index.html] only the HTTP methods [POST GET] are covered. All other methods are uncovered.
01-Dec-2024 23:37:45.182 SEVERE [main] org.apache.tomcat.util.descriptor.web.SecurityConstraint.findUncoveredHttpMethods For security constraints with URL pattern [/script/*] only the HTTP methods [POST GET] are covered. All other methods are uncovered.
01-Dec-2024 23:37:45.182 SEVERE [main] org.apache.tomcat.util.descriptor.web.SecurityConstraint.findUncoveredHttpMethods For security constraints with URL pattern [/jquery/*] only the HTTP methods [POST GET] are covered. All other methods are uncovered.
01-Dec-2024 23:37:45.182 SEVERE [main] org.apache.tomcat.util.descriptor.web.SecurityConstraint.findUncoveredHttpMethods For security constraints with URL pattern [/css/*] only the HTTP methods [POST GET] are covered. All other methods are uncovered.
01-Dec-2024 23:37:45.182 SEVERE [main] org.apache.tomcat.util.descriptor.web.SecurityConstraint.findUncoveredHttpMethods For security constraints with URL pattern [/admin/mensajeria/*] only the HTTP methods [POST GET] are covered. All other methods are uncovered.
01-Dec-2024 23:37:45.182 SEVERE [main] org.apache.tomcat.util.descriptor.web.SecurityConstraint.findUncoveredHttpMethods For security constraints with URL pattern [/admin/espacios/*] only the HTTP methods [POST GET] are covered. All other methods are uncovered.
01-Dec-2024 23:37:45.182 SEVERE [main] org.apache.tomcat.util.descriptor.web.SecurityConstraint.findUncoveredHttpMethods For security constraints with URL pattern [/admin/inscritos/adminInscritos.html] only the HTTP methods [POST GET] are covered. All other methods are uncovered.
01-Dec-2024 23:37:45.183 SEVERE [main] org.apache.tomcat.util.descriptor.web.SecurityConstraint.findUncoveredHttpMethods For security constraints with URL pattern [/admin] only the HTTP methods [POST GET] are covered. All other methods are uncovered.
01-Dec-2024 23:37:45.183 SEVERE [main] org.apache.tomcat.util.descriptor.web.SecurityConstraint.findUncoveredHttpMethods For security constraints with URL pattern [/admin/actividades/*] only the HTTP methods [POST GET] are covered. All other methods are uncovered.
01-Dec-2024 23:37:45.183 SEVERE [main] org.apache.tomcat.util.descriptor.web.SecurityConstraint.findUncoveredHttpMethods For security constraints with URL pattern [/font/*] only the HTTP methods [POST GET] are covered. All other methods are uncovered.
01-Dec-2024 23:37:45.183 SEVERE [main] org.apache.tomcat.util.descriptor.web.SecurityConstraint.findUncoveredHttpMethods For security constraints with URL pattern [/*] only the HTTP methods [POST GET] are covered. All other methods are uncovered.
01-Dec-2024 23:37:45.183 SEVERE [main] org.apache.tomcat.util.descriptor.web.SecurityConstraint.findUncoveredHttpMethods For security constraints with URL pattern [/admin/planificacion/VerCalendarioPlanificacion] only the HTTP methods [POST GET] are covered. All other methods are uncovered.
01-Dec-2024 23:37:45.183 SEVERE [main] org.apache.tomcat.util.descriptor.web.SecurityConstraint.findUncoveredHttpMethods For security constraints with URL pattern [/admin/inscritos/*] only the HTTP methods [POST GET] are covered. All other methods are uncovered.
