04-Dec-2024 21:31:36.986 SEVERE [main] org.apache.tomcat.util.descriptor.web.SecurityConstraint.findUncoveredHttpMethods For security constraints with URL pattern [/img/*] only the HTTP methods [POST GET] are covered. All other methods are uncovered.
04-Dec-2024 21:31:36.986 SEVERE [main] org.apache.tomcat.util.descriptor.web.SecurityConstraint.findUncoveredHttpMethods For security constraints with URL pattern [/admin/pagos/*] only the HTTP methods [POST GET] are covered. All other methods are uncovered.
04-Dec-2024 21:31:36.986 SEVERE [main] org.apache.tomcat.util.descriptor.web.SecurityConstraint.findUncoveredHttpMethods For security constraints with URL pattern [/admin/noticias/*] only the HTTP methods [POST GET] are covered. All other methods are uncovered.
04-Dec-2024 21:31:36.986 SEVERE [main] org.apache.tomcat.util.descriptor.web.SecurityConstraint.findUncoveredHttpMethods For security constraints with URL pattern [/ListInscritos] only the HTTP methods [POST GET] are covered. All other methods are uncovered.
04-Dec-2024 21:31:36.986 SEVERE [main] org.apache.tomcat.util.descriptor.web.SecurityConstraint.findUncoveredHttpMethods For security constraints with URL pattern [/GetAcceso] only the HTTP methods [POST GET] are covered. All other methods are uncovered.
04-Dec-2024 21:31:36.987 SEVERE [main] org.apache.tomcat.util.descriptor.web.SecurityConstraint.findUncoveredHttpMethods For security constraints with URL pattern [/admin/plazas/*] only the HTTP methods [POST GET] are covered. All other methods are uncovered.
04-Dec-2024 21:31:36.987 SEVERE [main] org.apache.tomcat.util.descriptor.web.SecurityConstraint.findUncoveredHttpMethods For security constraints with URL pattern [/admin/index.html] only the HTTP methods [POST GET] are covered. All other methods are uncovered.
04-Dec-2024 21:31:36.987 SEVERE [main] org.apache.tomcat.util.descriptor.web.SecurityConstraint.findUncoveredHttpMethods For security constraints with URL pattern [/script/*] only the HTTP methods [POST GET] are covered. All other methods are uncovered.
04-Dec-2024 21:31:36.987 SEVERE [main] org.apache.tomcat.util.descriptor.web.SecurityConstraint.findUncoveredHttpMethods For security constraints with URL pattern [/jquery/*] only the HTTP methods [POST GET] are covered. All other methods are uncovered.
04-Dec-2024 21:31:36.987 SEVERE [main] org.apache.tomcat.util.descriptor.web.SecurityConstraint.findUncoveredHttpMethods For security constraints with URL pattern [/css/*] only the HTTP methods [POST GET] are covered. All other methods are uncovered.
04-Dec-2024 21:31:36.987 SEVERE [main] org.apache.tomcat.util.descriptor.web.SecurityConstraint.findUncoveredHttpMethods For security constraints with URL pattern [/admin/mensajeria/*] only the HTTP methods [POST GET] are covered. All other methods are uncovered.
04-Dec-2024 21:31:36.987 SEVERE [main] org.apache.tomcat.util.descriptor.web.SecurityConstraint.findUncoveredHttpMethods For security constraints with URL pattern [/admin/espacios/*] only the HTTP methods [POST GET] are covered. All other methods are uncovered.
04-Dec-2024 21:31:36.987 SEVERE [main] org.apache.tomcat.util.descriptor.web.SecurityConstraint.findUncoveredHttpMethods For security constraints with URL pattern [/admin/inscritos/adminInscritos.html] only the HTTP methods [POST GET] are covered. All other methods are uncovered.
04-Dec-2024 21:31:36.988 SEVERE [main] org.apache.tomcat.util.descriptor.web.SecurityConstraint.findUncoveredHttpMethods For security constraints with URL pattern [/admin] only the HTTP methods [POST GET] are covered. All other methods are uncovered.
04-Dec-2024 21:31:36.988 SEVERE [main] org.apache.tomcat.util.descriptor.web.SecurityConstraint.findUncoveredHttpMethods For security constraints with URL pattern [/admin/actividades/*] only the HTTP methods [POST GET] are covered. All other methods are uncovered.
04-Dec-2024 21:31:36.988 SEVERE [main] org.apache.tomcat.util.descriptor.web.SecurityConstraint.findUncoveredHttpMethods For security constraints with URL pattern [/font/*] only the HTTP methods [POST GET] are covered. All other methods are uncovered.
04-Dec-2024 21:31:36.988 SEVERE [main] org.apache.tomcat.util.descriptor.web.SecurityConstraint.findUncoveredHttpMethods For security constraints with URL pattern [/*] only the HTTP methods [POST GET] are covered. All other methods are uncovered.
04-Dec-2024 21:31:36.988 SEVERE [main] org.apache.tomcat.util.descriptor.web.SecurityConstraint.findUncoveredHttpMethods For security constraints with URL pattern [/admin/planificacion/VerCalendarioPlanificacion] only the HTTP methods [POST GET] are covered. All other methods are uncovered.
04-Dec-2024 21:31:36.988 SEVERE [main] org.apache.tomcat.util.descriptor.web.SecurityConstraint.findUncoveredHttpMethods For security constraints with URL pattern [/admin/inscritos/*] only the HTTP methods [POST GET] are covered. All other methods are uncovered.
04-Dec-2024 21:50:24.631 SEVERE [main] org.apache.tomcat.util.descriptor.web.SecurityConstraint.findUncoveredHttpMethods For security constraints with URL pattern [/img/*] only the HTTP methods [POST GET] are covered. All other methods are uncovered.
04-Dec-2024 21:50:24.631 SEVERE [main] org.apache.tomcat.util.descriptor.web.SecurityConstraint.findUncoveredHttpMethods For security constraints with URL pattern [/admin/pagos/*] only the HTTP methods [POST GET] are covered. All other methods are uncovered.
04-Dec-2024 21:50:24.631 SEVERE [main] org.apache.tomcat.util.descriptor.web.SecurityConstraint.findUncoveredHttpMethods For security constraints with URL pattern [/admin/noticias/*] only the HTTP methods [POST GET] are covered. All other methods are uncovered.
04-Dec-2024 21:50:24.631 SEVERE [main] org.apache.tomcat.util.descriptor.web.SecurityConstraint.findUncoveredHttpMethods For security constraints with URL pattern [/ListInscritos] only the HTTP methods [POST GET] are covered. All other methods are uncovered.
04-Dec-2024 21:50:24.632 SEVERE [main] org.apache.tomcat.util.descriptor.web.SecurityConstraint.findUncoveredHttpMethods For security constraints with URL pattern [/GetAcceso] only the HTTP methods [POST GET] are covered. All other methods are uncovered.
04-Dec-2024 21:50:24.632 SEVERE [main] org.apache.tomcat.util.descriptor.web.SecurityConstraint.findUncoveredHttpMethods For security constraints with URL pattern [/admin/plazas/*] only the HTTP methods [POST GET] are covered. All other methods are uncovered.
04-Dec-2024 21:50:24.632 SEVERE [main] org.apache.tomcat.util.descriptor.web.SecurityConstraint.findUncoveredHttpMethods For security constraints with URL pattern [/admin/index.html] only the HTTP methods [POST GET] are covered. All other methods are uncovered.
04-Dec-2024 21:50:24.632 SEVERE [main] org.apache.tomcat.util.descriptor.web.SecurityConstraint.findUncoveredHttpMethods For security constraints with URL pattern [/script/*] only the HTTP methods [POST GET] are covered. All other methods are uncovered.
04-Dec-2024 21:50:24.632 SEVERE [main] org.apache.tomcat.util.descriptor.web.SecurityConstraint.findUncoveredHttpMethods For security constraints with URL pattern [/jquery/*] only the HTTP methods [POST GET] are covered. All other methods are uncovered.
04-Dec-2024 21:50:24.632 SEVERE [main] org.apache.tomcat.util.descriptor.web.SecurityConstraint.findUncoveredHttpMethods For security constraints with URL pattern [/css/*] only the HTTP methods [POST GET] are covered. All other methods are uncovered.
04-Dec-2024 21:50:24.632 SEVERE [main] org.apache.tomcat.util.descriptor.web.SecurityConstraint.findUncoveredHttpMethods For security constraints with URL pattern [/admin/mensajeria/*] only the HTTP methods [POST GET] are covered. All other methods are uncovered.
04-Dec-2024 21:50:24.632 SEVERE [main] org.apache.tomcat.util.descriptor.web.SecurityConstraint.findUncoveredHttpMethods For security constraints with URL pattern [/admin/espacios/*] only the HTTP methods [POST GET] are covered. All other methods are uncovered.
04-Dec-2024 21:50:24.632 SEVERE [main] org.apache.tomcat.util.descriptor.web.SecurityConstraint.findUncoveredHttpMethods For security constraints with URL pattern [/admin/inscritos/adminInscritos.html] only the HTTP methods [POST GET] are covered. All other methods are uncovered.
04-Dec-2024 21:50:24.633 SEVERE [main] org.apache.tomcat.util.descriptor.web.SecurityConstraint.findUncoveredHttpMethods For security constraints with URL pattern [/admin] only the HTTP methods [POST GET] are covered. All other methods are uncovered.
04-Dec-2024 21:50:24.633 SEVERE [main] org.apache.tomcat.util.descriptor.web.SecurityConstraint.findUncoveredHttpMethods For security constraints with URL pattern [/admin/actividades/*] only the HTTP methods [POST GET] are covered. All other methods are uncovered.
04-Dec-2024 21:50:24.633 SEVERE [main] org.apache.tomcat.util.descriptor.web.SecurityConstraint.findUncoveredHttpMethods For security constraints with URL pattern [/font/*] only the HTTP methods [POST GET] are covered. All other methods are uncovered.
04-Dec-2024 21:50:24.633 SEVERE [main] org.apache.tomcat.util.descriptor.web.SecurityConstraint.findUncoveredHttpMethods For security constraints with URL pattern [/*] only the HTTP methods [POST GET] are covered. All other methods are uncovered.
04-Dec-2024 21:50:24.633 SEVERE [main] org.apache.tomcat.util.descriptor.web.SecurityConstraint.findUncoveredHttpMethods For security constraints with URL pattern [/admin/planificacion/VerCalendarioPlanificacion] only the HTTP methods [POST GET] are covered. All other methods are uncovered.
04-Dec-2024 21:50:24.633 SEVERE [main] org.apache.tomcat.util.descriptor.web.SecurityConstraint.findUncoveredHttpMethods For security constraints with URL pattern [/admin/inscritos/*] only the HTTP methods [POST GET] are covered. All other methods are uncovered.
